Saved arguments to data/predictions/almnps_8857/elisa/all/args.json.
Saved category mapping to data/predictions/almnps_8857/elisa/all/mapping.json.
Loaded category mapping: elisa.
Loaded <torch.utils.data.dataloader.DataLoader object at 0x7fd7210ce970> (train).
Loaded <torch.utils.data.dataloader.DataLoader object at 0x7fd7210ceeb0> (dev).
Starting training on ['ai', 'literature', 'music', 'news', 'politics', 'science'] data.
Loaded <TransformerEmbeddings: dim=768>.
Using classifier: <LinearClassifier: emb_model = <TransformerEmbeddings: dim=768>>
Using criterion: <LabelLoss: loss=XEnt>.
Optimizing using: AdamW with learning rate 2e-05.
[Epoch 1/50] Train completed with Micro-f1: 0.4266, Macro-f1: 0.2635, Weighted-f1: 0.3654, Loss: 1.9488
[Epoch 1/50] Evaluation completed with Micro-f1: 0.5365, Macro-f1: 0.3669, Weighted-f1: 0.4888, Loss: 1.5914
Saved models from epoch 1 to 'data/predictions/almnps_8857/elisa/all/newest.pt'.
Saved model with best loss 1.5914 to 'data/predictions/almnps_8857/elisa/all/best.pt'.
[Epoch 2/50] Train completed with Micro-f1: 0.7244, Macro-f1: 0.5826, Weighted-f1: 0.6983, Loss: 1.0153
[Epoch 2/50] Evaluation completed with Micro-f1: 0.5519, Macro-f1: 0.3925, Weighted-f1: 0.5154, Loss: 1.4768
Saved models from epoch 2 to 'data/predictions/almnps_8857/elisa/all/newest.pt'.
Saved model with best loss 1.4768 to 'data/predictions/almnps_8857/elisa/all/best.pt'.
[Epoch 3/50] Train completed with Micro-f1: 0.8290, Macro-f1: 0.7266, Weighted-f1: 0.8156, Loss: 0.6556
[Epoch 3/50] Evaluation completed with Micro-f1: 0.5652, Macro-f1: 0.4069, Weighted-f1: 0.5305, Loss: 1.3674
Saved models from epoch 3 to 'data/predictions/almnps_8857/elisa/all/newest.pt'.
Saved model with best loss 1.3674 to 'data/predictions/almnps_8857/elisa/all/best.pt'.
[Epoch 4/50] Train completed with Micro-f1: 0.9058, Macro-f1: 0.8384, Weighted-f1: 0.9003, Loss: 0.4334
[Epoch 4/50] Evaluation completed with Micro-f1: 0.5766, Macro-f1: 0.4196, Weighted-f1: 0.5455, Loss: 1.3541
Saved models from epoch 4 to 'data/predictions/almnps_8857/elisa/all/newest.pt'.
Saved model with best loss 1.3541 to 'data/predictions/almnps_8857/elisa/all/best.pt'.
[Epoch 5/50] Train completed with Micro-f1: 0.9514, Macro-f1: 0.9145, Weighted-f1: 0.9493, Loss: 0.2729
[Epoch 5/50] Evaluation completed with Micro-f1: 0.5866, Macro-f1: 0.4317, Weighted-f1: 0.5586, Loss: 1.3579
Saved models from epoch 5 to 'data/predictions/almnps_8857/elisa/all/newest.pt'.
[Epoch 6/50] Train completed with Micro-f1: 0.9679, Macro-f1: 0.9485, Weighted-f1: 0.9657, Loss: 0.1859
[Epoch 6/50] Evaluation completed with Micro-f1: 0.5919, Macro-f1: 0.4385, Weighted-f1: 0.5652, Loss: 1.4247
Saved models from epoch 6 to 'data/predictions/almnps_8857/elisa/all/newest.pt'.
[Epoch 7/50] Train completed with Micro-f1: 0.9822, Macro-f1: 0.9738, Weighted-f1: 0.9807, Loss: 0.1215
[Epoch 7/50] Evaluation completed with Micro-f1: 0.5963, Macro-f1: 0.4441, Weighted-f1: 0.5703, Loss: 1.4887
Saved models from epoch 7 to 'data/predictions/almnps_8857/elisa/all/newest.pt'.
No improvement since 3 epochs (1.3541 loss). Early stop.
Training completed after 7 epochs.
TRAINING COMPLETED with:
	Domains:		['ai', 'literature', 'music', 'news', 'politics', 'science']
	OOD validaation:	False
	Mapping type:		elisa
