Saved arguments to data/predictions/almnps_9908/no_mapping/all/args.json.
Saved category mapping to data/predictions/almnps_9908/no_mapping/all/entity2category_mapping.json.
Loaded category mapping: no_mapping.
Loaded <torch.utils.data.dataloader.DataLoader object at 0x7f274c02ff10> (train).
Loaded <torch.utils.data.dataloader.DataLoader object at 0x7f274c036490> (dev).
Starting training on ['ai', 'literature', 'music', 'news', 'politics', 'science'] data.
Read data from folder data/crossre_data/
Loaded <TransformerEmbeddings: dim=768>.
Using classifier: <LinearClassifier: emb_model = <TransformerEmbeddings: dim=768>>
Using criterion: <LabelLoss: loss=XEnt>.
Optimizing using: AdamW with learning rate 2e-05.
[Epoch 1/50] Train completed with Micro-f1: 0.4076, Macro-f1: 0.2533, Weighted-f1: 0.3488, Loss: 2.0545
[Epoch 1/50] Evaluation completed with Micro-f1: 0.5134, Macro-f1: 0.3470, Weighted-f1: 0.4722, Loss: 1.7117
Saved models from epoch 1 to 'data/predictions/almnps_9908/no_mapping/all/newest.pt'.
Saved model with best loss 1.7117 to 'data/predictions/almnps_9908/no_mapping/all/best.pt'.
[Epoch 2/50] Train completed with Micro-f1: 0.7049, Macro-f1: 0.5645, Weighted-f1: 0.6752, Loss: 1.0973
[Epoch 2/50] Evaluation completed with Micro-f1: 0.5355, Macro-f1: 0.3689, Weighted-f1: 0.4970, Loss: 1.4892
Saved models from epoch 2 to 'data/predictions/almnps_9908/no_mapping/all/newest.pt'.
Saved model with best loss 1.4892 to 'data/predictions/almnps_9908/no_mapping/all/best.pt'.
[Epoch 3/50] Train completed with Micro-f1: 0.8390, Macro-f1: 0.7349, Weighted-f1: 0.8242, Loss: 0.6767
[Epoch 3/50] Evaluation completed with Micro-f1: 0.5537, Macro-f1: 0.3879, Weighted-f1: 0.5165, Loss: 1.4207
Saved models from epoch 3 to 'data/predictions/almnps_9908/no_mapping/all/newest.pt'.
Saved model with best loss 1.4207 to 'data/predictions/almnps_9908/no_mapping/all/best.pt'.
[Epoch 4/50] Train completed with Micro-f1: 0.9093, Macro-f1: 0.8291, Weighted-f1: 0.9017, Loss: 0.4185
[Epoch 4/50] Evaluation completed with Micro-f1: 0.5646, Macro-f1: 0.4005, Weighted-f1: 0.5286, Loss: 1.3933
Saved models from epoch 4 to 'data/predictions/almnps_9908/no_mapping/all/newest.pt'.
Saved model with best loss 1.3933 to 'data/predictions/almnps_9908/no_mapping/all/best.pt'.
[Epoch 5/50] Train completed with Micro-f1: 0.9588, Macro-f1: 0.9249, Weighted-f1: 0.9556, Loss: 0.2569
[Epoch 5/50] Evaluation completed with Micro-f1: 0.5717, Macro-f1: 0.4085, Weighted-f1: 0.5376, Loss: 1.4477
Saved models from epoch 5 to 'data/predictions/almnps_9908/no_mapping/all/newest.pt'.
[Epoch 6/50] Train completed with Micro-f1: 0.9805, Macro-f1: 0.9615, Weighted-f1: 0.9782, Loss: 0.1570
[Epoch 6/50] Evaluation completed with Micro-f1: 0.5783, Macro-f1: 0.4180, Weighted-f1: 0.5470, Loss: 1.4396
Saved models from epoch 6 to 'data/predictions/almnps_9908/no_mapping/all/newest.pt'.
[Epoch 7/50] Train completed with Micro-f1: 0.9891, Macro-f1: 0.9767, Weighted-f1: 0.9888, Loss: 0.1024
[Epoch 7/50] Evaluation completed with Micro-f1: 0.5846, Macro-f1: 0.4257, Weighted-f1: 0.5541, Loss: 1.4809
Saved models from epoch 7 to 'data/predictions/almnps_9908/no_mapping/all/newest.pt'.
No improvement since 3 epochs (1.3933 loss). Early stop.
Training completed after 7 epochs.
TRAINING COMPLETED with:
	Domains:		['ai', 'literature', 'music', 'news', 'politics', 'science']
	OOD validaation:	False
	Mapping type:		None
