Saved arguments to data/predictions/single_domain/p_9908/no_mapping/all/args.json.
Saved category mapping to data/predictions/single_domain/p_9908/no_mapping/all/entity2category_mapping.json.
Loaded category mapping: no_mapping.
Loaded <torch.utils.data.dataloader.DataLoader object at 0x7efd4dd4ff70> (train).
Loaded <torch.utils.data.dataloader.DataLoader object at 0x7efd4dd587f0> (dev).
Starting training on ['politics'] data.
Read data from folder data/crossre_data/
Loaded <TransformerEmbeddings: dim=768>.
Using classifier: <LinearClassifier: emb_model = <TransformerEmbeddings: dim=768>>
Using criterion: <LabelLoss: loss=XEnt>.
Optimizing using: AdamW with learning rate 2e-05.
[Epoch 1/50] Train completed with Micro-f1: 0.2953, Macro-f1: 0.0667, Weighted-f1: 0.1733, Loss: 2.3078
[Epoch 1/50] Evaluation completed with Micro-f1: 0.4001, Macro-f1: 0.1098, Weighted-f1: 0.2757, Loss: 2.0294
Saved models from epoch 1 to 'data/predictions/single_domain/p_9908/no_mapping/all/newest.pt'.
Saved model with best loss 2.0294 to 'data/predictions/single_domain/p_9908/no_mapping/all/best.pt'.
[Epoch 2/50] Train completed with Micro-f1: 0.5748, Macro-f1: 0.3183, Weighted-f1: 0.4884, Loss: 1.4961
[Epoch 2/50] Evaluation completed with Micro-f1: 0.4326, Macro-f1: 0.1688, Weighted-f1: 0.3329, Loss: 1.8184
Saved models from epoch 2 to 'data/predictions/single_domain/p_9908/no_mapping/all/newest.pt'.
Saved model with best loss 1.8184 to 'data/predictions/single_domain/p_9908/no_mapping/all/best.pt'.
[Epoch 3/50] Train completed with Micro-f1: 0.7214, Macro-f1: 0.5145, Weighted-f1: 0.6651, Loss: 1.0184
[Epoch 3/50] Evaluation completed with Micro-f1: 0.4498, Macro-f1: 0.2010, Weighted-f1: 0.3635, Loss: 1.7619
Saved models from epoch 3 to 'data/predictions/single_domain/p_9908/no_mapping/all/newest.pt'.
Saved model with best loss 1.7619 to 'data/predictions/single_domain/p_9908/no_mapping/all/best.pt'.
[Epoch 4/50] Train completed with Micro-f1: 0.8315, Macro-f1: 0.6872, Weighted-f1: 0.8040, Loss: 0.6982
[Epoch 4/50] Evaluation completed with Micro-f1: 0.4614, Macro-f1: 0.2186, Weighted-f1: 0.3833, Loss: 1.7082
Saved models from epoch 4 to 'data/predictions/single_domain/p_9908/no_mapping/all/newest.pt'.
Saved model with best loss 1.7082 to 'data/predictions/single_domain/p_9908/no_mapping/all/best.pt'.
[Epoch 5/50] Train completed with Micro-f1: 0.9036, Macro-f1: 0.8235, Weighted-f1: 0.8848, Loss: 0.4751
[Epoch 5/50] Evaluation completed with Micro-f1: 0.4708, Macro-f1: 0.2351, Weighted-f1: 0.3988, Loss: 1.7125
Saved models from epoch 5 to 'data/predictions/single_domain/p_9908/no_mapping/all/newest.pt'.
[Epoch 6/50] Train completed with Micro-f1: 0.9395, Macro-f1: 0.8861, Weighted-f1: 0.9261, Loss: 0.3396
[Epoch 6/50] Evaluation completed with Micro-f1: 0.4776, Macro-f1: 0.2477, Weighted-f1: 0.4109, Loss: 1.6895
Saved models from epoch 6 to 'data/predictions/single_domain/p_9908/no_mapping/all/newest.pt'.
Saved model with best loss 1.6895 to 'data/predictions/single_domain/p_9908/no_mapping/all/best.pt'.
[Epoch 7/50] Train completed with Micro-f1: 0.9805, Macro-f1: 0.9561, Weighted-f1: 0.9789, Loss: 0.2303
[Epoch 7/50] Evaluation completed with Micro-f1: 0.4821, Macro-f1: 0.2565, Weighted-f1: 0.4194, Loss: 1.7856
Saved models from epoch 7 to 'data/predictions/single_domain/p_9908/no_mapping/all/newest.pt'.
[Epoch 8/50] Train completed with Micro-f1: 0.9902, Macro-f1: 0.9828, Weighted-f1: 0.9896, Loss: 0.1768
[Epoch 8/50] Evaluation completed with Micro-f1: 0.4851, Macro-f1: 0.2621, Weighted-f1: 0.4249, Loss: 1.7978
Saved models from epoch 8 to 'data/predictions/single_domain/p_9908/no_mapping/all/newest.pt'.
[Epoch 9/50] Train completed with Micro-f1: 0.9961, Macro-f1: 0.9831, Weighted-f1: 0.9944, Loss: 0.1262
[Epoch 9/50] Evaluation completed with Micro-f1: 0.4879, Macro-f1: 0.2665, Weighted-f1: 0.4292, Loss: 1.8144
Saved models from epoch 9 to 'data/predictions/single_domain/p_9908/no_mapping/all/newest.pt'.
No improvement since 3 epochs (1.6895 loss). Early stop.
Training completed after 9 epochs.
TRAINING COMPLETED with:
	Domains:		['politics']
	OOD validaation:	False
	Mapping type:		None
