Saved arguments to data/predictions/single_domain/p_8857/no_mapping/all/args.json.
Saved category mapping to data/predictions/single_domain/p_8857/no_mapping/all/entity2category_mapping.json.
Loaded category mapping: no_mapping.
Loaded <torch.utils.data.dataloader.DataLoader object at 0x7f7eb0a97fd0> (train).
Loaded <torch.utils.data.dataloader.DataLoader object at 0x7f7eb0aa0850> (dev).
Starting training on ['politics'] data.
Read data from folder data/crossre_data/
Loaded <TransformerEmbeddings: dim=768>.
Using classifier: <LinearClassifier: emb_model = <TransformerEmbeddings: dim=768>>
Using criterion: <LabelLoss: loss=XEnt>.
Optimizing using: AdamW with learning rate 2e-05.
[Epoch 1/50] Train completed with Micro-f1: 0.3079, Macro-f1: 0.0553, Weighted-f1: 0.1598, Loss: 2.3273
[Epoch 1/50] Evaluation completed with Micro-f1: 0.3848, Macro-f1: 0.1140, Weighted-f1: 0.2674, Loss: 2.0561
Saved models from epoch 1 to 'data/predictions/single_domain/p_8857/no_mapping/all/newest.pt'.
Saved model with best loss 2.0561 to 'data/predictions/single_domain/p_8857/no_mapping/all/best.pt'.
[Epoch 2/50] Train completed with Micro-f1: 0.5415, Macro-f1: 0.2739, Weighted-f1: 0.4447, Loss: 1.5761
[Epoch 2/50] Evaluation completed with Micro-f1: 0.4210, Macro-f1: 0.1737, Weighted-f1: 0.3250, Loss: 1.9247
Saved models from epoch 2 to 'data/predictions/single_domain/p_8857/no_mapping/all/newest.pt'.
Saved model with best loss 1.9247 to 'data/predictions/single_domain/p_8857/no_mapping/all/best.pt'.
[Epoch 3/50] Train completed with Micro-f1: 0.7154, Macro-f1: 0.4953, Weighted-f1: 0.6574, Loss: 1.0691
[Epoch 3/50] Evaluation completed with Micro-f1: 0.4412, Macro-f1: 0.1967, Weighted-f1: 0.3553, Loss: 1.8043
Saved models from epoch 3 to 'data/predictions/single_domain/p_8857/no_mapping/all/newest.pt'.
Saved model with best loss 1.8043 to 'data/predictions/single_domain/p_8857/no_mapping/all/best.pt'.
[Epoch 4/50] Train completed with Micro-f1: 0.8111, Macro-f1: 0.6634, Weighted-f1: 0.7747, Loss: 0.7422
[Epoch 4/50] Evaluation completed with Micro-f1: 0.4568, Macro-f1: 0.2160, Weighted-f1: 0.3792, Loss: 1.7468
Saved models from epoch 4 to 'data/predictions/single_domain/p_8857/no_mapping/all/newest.pt'.
Saved model with best loss 1.7468 to 'data/predictions/single_domain/p_8857/no_mapping/all/best.pt'.
[Epoch 5/50] Train completed with Micro-f1: 0.8975, Macro-f1: 0.8060, Weighted-f1: 0.8778, Loss: 0.5159
[Epoch 5/50] Evaluation completed with Micro-f1: 0.4643, Macro-f1: 0.2286, Weighted-f1: 0.3918, Loss: 1.8253
Saved models from epoch 5 to 'data/predictions/single_domain/p_8857/no_mapping/all/newest.pt'.
[Epoch 6/50] Train completed with Micro-f1: 0.9316, Macro-f1: 0.8571, Weighted-f1: 0.9224, Loss: 0.3668
[Epoch 6/50] Evaluation completed with Micro-f1: 0.4707, Macro-f1: 0.2393, Weighted-f1: 0.4016, Loss: 1.8127
Saved models from epoch 6 to 'data/predictions/single_domain/p_8857/no_mapping/all/newest.pt'.
[Epoch 7/50] Train completed with Micro-f1: 0.9776, Macro-f1: 0.9519, Weighted-f1: 0.9736, Loss: 0.2582
[Epoch 7/50] Evaluation completed with Micro-f1: 0.4759, Macro-f1: 0.2463, Weighted-f1: 0.4101, Loss: 1.8595
Saved models from epoch 7 to 'data/predictions/single_domain/p_8857/no_mapping/all/newest.pt'.
No improvement since 3 epochs (1.7468 loss). Early stop.
Training completed after 7 epochs.
TRAINING COMPLETED with:
	Domains:		['politics']
	OOD validaation:	False
	Mapping type:		None
