Saved arguments to data/predictions/almnps_8857/thesaurus_affinity/all/args.json.
loading projection weights from /home/davidsule/gensim-data/word2vec-google-news-300/word2vec-google-news-300.gz
KeyedVectors lifecycle event {'msg': 'loaded (3000000, 300) matrix of type float32 from /home/davidsule/gensim-data/word2vec-google-news-300/word2vec-google-news-300.gz', 'binary': True, 'encoding': 'utf8', 'datetime': '2023-05-08T07:45:27.740670', 'gensim': '4.3.0', 'python': '3.9.16 | packaged by conda-forge | (main, Feb  1 2023, 21:39:03) \n[GCC 11.3.0]', 'platform': 'Linux-5.15.90.1-microsoft-standard-WSL2-x86_64-with-glibc2.31', 'event': 'load_word2vec_format'}
Saved category mapping to data/predictions/almnps_8857/thesaurus_affinity/all/mapping.json.
Loaded category mapping: thesaurus_affinity.
Loaded <torch.utils.data.dataloader.DataLoader object at 0x7f0389093070> (train).
Loaded <torch.utils.data.dataloader.DataLoader object at 0x7f038af41490> (dev).
Starting training on ['ai', 'literature', 'music', 'news', 'politics', 'science'] data.
Loaded <TransformerEmbeddings: dim=768>.
Using classifier: <LinearClassifier: emb_model = <TransformerEmbeddings: dim=768>>
Using criterion: <LabelLoss: loss=XEnt>.
Optimizing using: AdamW with learning rate 2e-05.
[Epoch 1/50] Train completed with Micro-f1: 0.4136, Macro-f1: 0.2507, Weighted-f1: 0.3533, Loss: 1.9994
[Epoch 1/50] Evaluation completed with Micro-f1: 0.5238, Macro-f1: 0.3499, Weighted-f1: 0.4716, Loss: 1.6583
Saved models from epoch 1 to 'data/predictions/almnps_8857/thesaurus_affinity/all/newest.pt'.
Saved model with best loss 1.6583 to 'data/predictions/almnps_8857/thesaurus_affinity/all/best.pt'.
[Epoch 2/50] Train completed with Micro-f1: 0.7352, Macro-f1: 0.5950, Weighted-f1: 0.7093, Loss: 1.0080
[Epoch 2/50] Evaluation completed with Micro-f1: 0.5456, Macro-f1: 0.3752, Weighted-f1: 0.4997, Loss: 1.4921
Saved models from epoch 2 to 'data/predictions/almnps_8857/thesaurus_affinity/all/newest.pt'.
Saved model with best loss 1.4921 to 'data/predictions/almnps_8857/thesaurus_affinity/all/best.pt'.
[Epoch 3/50] Train completed with Micro-f1: 0.8342, Macro-f1: 0.7377, Weighted-f1: 0.8167, Loss: 0.6325
[Epoch 3/50] Evaluation completed with Micro-f1: 0.5593, Macro-f1: 0.3961, Weighted-f1: 0.5198, Loss: 1.3597
Saved models from epoch 3 to 'data/predictions/almnps_8857/thesaurus_affinity/all/newest.pt'.
Saved model with best loss 1.3597 to 'data/predictions/almnps_8857/thesaurus_affinity/all/best.pt'.
[Epoch 4/50] Train completed with Micro-f1: 0.9119, Macro-f1: 0.8390, Weighted-f1: 0.9030, Loss: 0.3877
[Epoch 4/50] Evaluation completed with Micro-f1: 0.5692, Macro-f1: 0.4092, Weighted-f1: 0.5340, Loss: 1.4117
Saved models from epoch 4 to 'data/predictions/almnps_8857/thesaurus_affinity/all/newest.pt'.
[Epoch 5/50] Train completed with Micro-f1: 0.9423, Macro-f1: 0.8987, Weighted-f1: 0.9374, Loss: 0.2558
[Epoch 5/50] Evaluation completed with Micro-f1: 0.5750, Macro-f1: 0.4176, Weighted-f1: 0.5434, Loss: 1.4352
Saved models from epoch 5 to 'data/predictions/almnps_8857/thesaurus_affinity/all/newest.pt'.
[Epoch 6/50] Train completed with Micro-f1: 0.9709, Macro-f1: 0.9463, Weighted-f1: 0.9692, Loss: 0.1647
[Epoch 6/50] Evaluation completed with Micro-f1: 0.5811, Macro-f1: 0.4240, Weighted-f1: 0.5511, Loss: 1.4013
Saved models from epoch 6 to 'data/predictions/almnps_8857/thesaurus_affinity/all/newest.pt'.
No improvement since 3 epochs (1.3597 loss). Early stop.
Training completed after 6 epochs.
TRAINING COMPLETED with:
	Domains:		['ai', 'literature', 'music', 'news', 'politics', 'science']
	OOD validaation:	False
	Mapping type:		thesaurus_affinity
