Saved arguments to data/predictions/single_domain/n_4012/embedding/all/args.json.
loading projection weights from /home/davidsule/gensim-data/word2vec-google-news-300/word2vec-google-news-300.gz
KeyedVectors lifecycle event {'msg': 'loaded (3000000, 300) matrix of type float32 from /home/davidsule/gensim-data/word2vec-google-news-300/word2vec-google-news-300.gz', 'binary': True, 'encoding': 'utf8', 'datetime': '2023-05-16T18:36:27.230845', 'gensim': '4.3.0', 'python': '3.9.16 | packaged by conda-forge | (main, Feb  1 2023, 21:39:03) \n[GCC 11.3.0]', 'platform': 'Linux-5.15.90.1-microsoft-standard-WSL2-x86_64-with-glibc2.31', 'event': 'load_word2vec_format'}
Saved category mapping to data/predictions/single_domain/n_4012/embedding/all/entity2category_mapping.json.
Loaded category mapping: embedding.
Loaded <torch.utils.data.dataloader.DataLoader object at 0x7f47e94f2430> (train).
Loaded <torch.utils.data.dataloader.DataLoader object at 0x7f47e94f20a0> (dev).
Starting training on ['news'] data.
Read data from folder data/crossre_data/
Loaded <TransformerEmbeddings: dim=768>.
Using classifier: <LinearClassifier: emb_model = <TransformerEmbeddings: dim=768>>
Using criterion: <LabelLoss: loss=XEnt>.
Optimizing using: AdamW with learning rate 2e-05.
[Epoch 1/50] Train completed with Micro-f1: 0.2326, Macro-f1: 0.0911, Weighted-f1: 0.1903, Loss: 2.5699
[Epoch 1/50] Evaluation completed with Micro-f1: 0.2750, Macro-f1: 0.1059, Weighted-f1: 0.1635, Loss: 2.4796
Saved models from epoch 1 to 'data/predictions/single_domain/n_4012/embedding/all/newest.pt'.
Saved model with best loss 2.4796 to 'data/predictions/single_domain/n_4012/embedding/all/best.pt'.
[Epoch 2/50] Train completed with Micro-f1: 0.4118, Macro-f1: 0.1604, Weighted-f1: 0.3158, Loss: 2.0217
[Epoch 2/50] Evaluation completed with Micro-f1: 0.2698, Macro-f1: 0.0926, Weighted-f1: 0.1476, Loss: 2.3051
Saved models from epoch 2 to 'data/predictions/single_domain/n_4012/embedding/all/newest.pt'.
Saved model with best loss 2.3051 to 'data/predictions/single_domain/n_4012/embedding/all/best.pt'.
[Epoch 3/50] Train completed with Micro-f1: 0.4149, Macro-f1: 0.1744, Weighted-f1: 0.2934, Loss: 1.7518
[Epoch 3/50] Evaluation completed with Micro-f1: 0.2653, Macro-f1: 0.0885, Weighted-f1: 0.1410, Loss: 2.2808
Saved models from epoch 3 to 'data/predictions/single_domain/n_4012/embedding/all/newest.pt'.
Saved model with best loss 2.2808 to 'data/predictions/single_domain/n_4012/embedding/all/best.pt'.
[Epoch 4/50] Train completed with Micro-f1: 0.5806, Macro-f1: 0.3330, Weighted-f1: 0.5152, Loss: 1.4671
[Epoch 4/50] Evaluation completed with Micro-f1: 0.2701, Macro-f1: 0.0964, Weighted-f1: 0.1512, Loss: 2.2968
Saved models from epoch 4 to 'data/predictions/single_domain/n_4012/embedding/all/newest.pt'.
[Epoch 5/50] Train completed with Micro-f1: 0.7167, Macro-f1: 0.4732, Weighted-f1: 0.6715, Loss: 1.1768
[Epoch 5/50] Evaluation completed with Micro-f1: 0.2696, Macro-f1: 0.0973, Weighted-f1: 0.1554, Loss: 2.3491
Saved models from epoch 5 to 'data/predictions/single_domain/n_4012/embedding/all/newest.pt'.
[Epoch 6/50] Train completed with Micro-f1: 0.7316, Macro-f1: 0.4699, Weighted-f1: 0.6839, Loss: 0.9856
[Epoch 6/50] Evaluation completed with Micro-f1: 0.2686, Macro-f1: 0.0985, Weighted-f1: 0.1552, Loss: 2.3753
Saved models from epoch 6 to 'data/predictions/single_domain/n_4012/embedding/all/newest.pt'.
No improvement since 3 epochs (2.2808 loss). Early stop.
Training completed after 6 epochs.
TRAINING COMPLETED with:
	Domains:		['news']
	OOD validaation:	False
	Mapping type:		embedding
