Saved arguments to data/predictions/single_domain/m_5096/no_mapping/all/args.json.
Saved category mapping to data/predictions/single_domain/m_5096/no_mapping/all/entity2category_mapping.json.
Loaded category mapping: no_mapping.
Loaded <torch.utils.data.dataloader.DataLoader object at 0x7f41a600c250> (train).
Loaded <torch.utils.data.dataloader.DataLoader object at 0x7f41a600c790> (dev).
Starting training on ['music'] data.
Read data from folder data/crossre_data/
Loaded <TransformerEmbeddings: dim=768>.
Using classifier: <LinearClassifier: emb_model = <TransformerEmbeddings: dim=768>>
Using criterion: <LabelLoss: loss=XEnt>.
Optimizing using: AdamW with learning rate 2e-05.
[Epoch 1/50] Train completed with Micro-f1: 0.3263, Macro-f1: 0.1125, Weighted-f1: 0.2307, Loss: 2.3390
[Epoch 1/50] Evaluation completed with Micro-f1: 0.4127, Macro-f1: 0.1596, Weighted-f1: 0.2858, Loss: 1.8716
Saved models from epoch 1 to 'data/predictions/single_domain/m_5096/no_mapping/all/newest.pt'.
Saved model with best loss 1.8716 to 'data/predictions/single_domain/m_5096/no_mapping/all/best.pt'.
[Epoch 2/50] Train completed with Micro-f1: 0.6658, Macro-f1: 0.4096, Weighted-f1: 0.6036, Loss: 1.3025
[Epoch 2/50] Evaluation completed with Micro-f1: 0.5222, Macro-f1: 0.2693, Weighted-f1: 0.4286, Loss: 1.4185
Saved models from epoch 2 to 'data/predictions/single_domain/m_5096/no_mapping/all/newest.pt'.
Saved model with best loss 1.4185 to 'data/predictions/single_domain/m_5096/no_mapping/all/best.pt'.
[Epoch 3/50] Train completed with Micro-f1: 0.8161, Macro-f1: 0.6375, Weighted-f1: 0.7799, Loss: 0.7787
[Epoch 3/50] Evaluation completed with Micro-f1: 0.5683, Macro-f1: 0.3158, Weighted-f1: 0.4873, Loss: 1.2466
Saved models from epoch 3 to 'data/predictions/single_domain/m_5096/no_mapping/all/newest.pt'.
Saved model with best loss 1.2466 to 'data/predictions/single_domain/m_5096/no_mapping/all/best.pt'.
[Epoch 4/50] Train completed with Micro-f1: 0.9255, Macro-f1: 0.8226, Weighted-f1: 0.9128, Loss: 0.4709
[Epoch 4/50] Evaluation completed with Micro-f1: 0.5955, Macro-f1: 0.3475, Weighted-f1: 0.5241, Loss: 1.1623
Saved models from epoch 4 to 'data/predictions/single_domain/m_5096/no_mapping/all/newest.pt'.
Saved model with best loss 1.1623 to 'data/predictions/single_domain/m_5096/no_mapping/all/best.pt'.
[Epoch 5/50] Train completed with Micro-f1: 0.9570, Macro-f1: 0.9089, Weighted-f1: 0.9469, Loss: 0.2988
[Epoch 5/50] Evaluation completed with Micro-f1: 0.6167, Macro-f1: 0.3706, Weighted-f1: 0.5518, Loss: 1.1155
Saved models from epoch 5 to 'data/predictions/single_domain/m_5096/no_mapping/all/newest.pt'.
Saved model with best loss 1.1155 to 'data/predictions/single_domain/m_5096/no_mapping/all/best.pt'.
[Epoch 6/50] Train completed with Micro-f1: 0.9802, Macro-f1: 0.9468, Weighted-f1: 0.9781, Loss: 0.2049
[Epoch 6/50] Evaluation completed with Micro-f1: 0.6294, Macro-f1: 0.3871, Weighted-f1: 0.5683, Loss: 1.1213
Saved models from epoch 6 to 'data/predictions/single_domain/m_5096/no_mapping/all/newest.pt'.
[Epoch 7/50] Train completed with Micro-f1: 0.9863, Macro-f1: 0.9623, Weighted-f1: 0.9856, Loss: 0.1312
[Epoch 7/50] Evaluation completed with Micro-f1: 0.6423, Macro-f1: 0.4031, Weighted-f1: 0.5859, Loss: 1.0923
Saved models from epoch 7 to 'data/predictions/single_domain/m_5096/no_mapping/all/newest.pt'.
Saved model with best loss 1.0923 to 'data/predictions/single_domain/m_5096/no_mapping/all/best.pt'.
[Epoch 8/50] Train completed with Micro-f1: 0.9961, Macro-f1: 0.9918, Weighted-f1: 0.9951, Loss: 0.1016
[Epoch 8/50] Evaluation completed with Micro-f1: 0.6510, Macro-f1: 0.4145, Weighted-f1: 0.5974, Loss: 1.1290
Saved models from epoch 8 to 'data/predictions/single_domain/m_5096/no_mapping/all/newest.pt'.
[Epoch 9/50] Train completed with Micro-f1: 0.9980, Macro-f1: 0.9985, Weighted-f1: 0.9980, Loss: 0.0741
[Epoch 9/50] Evaluation completed with Micro-f1: 0.6581, Macro-f1: 0.4240, Weighted-f1: 0.6072, Loss: 1.1154
Saved models from epoch 9 to 'data/predictions/single_domain/m_5096/no_mapping/all/newest.pt'.
[Epoch 10/50] Train completed with Micro-f1: 1.0000, Macro-f1: 1.0000, Weighted-f1: 1.0000, Loss: 0.0588
[Epoch 10/50] Evaluation completed with Micro-f1: 0.6639, Macro-f1: 0.4307, Weighted-f1: 0.6150, Loss: 1.1447
Saved models from epoch 10 to 'data/predictions/single_domain/m_5096/no_mapping/all/newest.pt'.
No improvement since 3 epochs (1.0923 loss). Early stop.
Training completed after 10 epochs.
TRAINING COMPLETED with:
	Domains:		['music']
	OOD validaation:	False
	Mapping type:		None
