Saved arguments to data/predictions/single_domain/l_9908/no_mapping/all/args.json.
Saved category mapping to data/predictions/single_domain/l_9908/no_mapping/all/entity2category_mapping.json.
Loaded category mapping: no_mapping.
Loaded <torch.utils.data.dataloader.DataLoader object at 0x7fa89196ff70> (train).
Loaded <torch.utils.data.dataloader.DataLoader object at 0x7fa891978670> (dev).
Starting training on ['literature'] data.
Read data from folder data/crossre_data/
Loaded <TransformerEmbeddings: dim=768>.
Using classifier: <LinearClassifier: emb_model = <TransformerEmbeddings: dim=768>>
Using criterion: <LabelLoss: loss=XEnt>.
Optimizing using: AdamW with learning rate 2e-05.
[Epoch 1/50] Train completed with Micro-f1: 0.2162, Macro-f1: 0.0708, Weighted-f1: 0.1399, Loss: 2.5877
[Epoch 1/50] Evaluation completed with Micro-f1: 0.2430, Macro-f1: 0.0705, Weighted-f1: 0.1326, Loss: 2.4540
Saved models from epoch 1 to 'data/predictions/single_domain/l_9908/no_mapping/all/newest.pt'.
Saved model with best loss 2.4540 to 'data/predictions/single_domain/l_9908/no_mapping/all/best.pt'.
[Epoch 2/50] Train completed with Micro-f1: 0.4077, Macro-f1: 0.1802, Weighted-f1: 0.2907, Loss: 1.9392
[Epoch 2/50] Evaluation completed with Micro-f1: 0.3192, Macro-f1: 0.1375, Weighted-f1: 0.2248, Loss: 2.0991
Saved models from epoch 2 to 'data/predictions/single_domain/l_9908/no_mapping/all/newest.pt'.
Saved model with best loss 2.0991 to 'data/predictions/single_domain/l_9908/no_mapping/all/best.pt'.
[Epoch 3/50] Train completed with Micro-f1: 0.6947, Macro-f1: 0.5179, Weighted-f1: 0.6360, Loss: 1.4136
[Epoch 3/50] Evaluation completed with Micro-f1: 0.3739, Macro-f1: 0.1892, Weighted-f1: 0.2911, Loss: 1.8647
Saved models from epoch 3 to 'data/predictions/single_domain/l_9908/no_mapping/all/newest.pt'.
Saved model with best loss 1.8647 to 'data/predictions/single_domain/l_9908/no_mapping/all/best.pt'.
[Epoch 4/50] Train completed with Micro-f1: 0.7957, Macro-f1: 0.6283, Weighted-f1: 0.7512, Loss: 1.0159
[Epoch 4/50] Evaluation completed with Micro-f1: 0.4109, Macro-f1: 0.2202, Weighted-f1: 0.3354, Loss: 1.7190
Saved models from epoch 4 to 'data/predictions/single_domain/l_9908/no_mapping/all/newest.pt'.
Saved model with best loss 1.7190 to 'data/predictions/single_domain/l_9908/no_mapping/all/best.pt'.
[Epoch 5/50] Train completed with Micro-f1: 0.8523, Macro-f1: 0.7202, Weighted-f1: 0.8275, Loss: 0.7371
[Epoch 5/50] Evaluation completed with Micro-f1: 0.4407, Macro-f1: 0.2489, Weighted-f1: 0.3691, Loss: 1.6370
Saved models from epoch 5 to 'data/predictions/single_domain/l_9908/no_mapping/all/newest.pt'.
Saved model with best loss 1.6370 to 'data/predictions/single_domain/l_9908/no_mapping/all/best.pt'.
[Epoch 6/50] Train completed with Micro-f1: 0.9075, Macro-f1: 0.8044, Weighted-f1: 0.8960, Loss: 0.5648
[Epoch 6/50] Evaluation completed with Micro-f1: 0.4632, Macro-f1: 0.2725, Weighted-f1: 0.3954, Loss: 1.5491
Saved models from epoch 6 to 'data/predictions/single_domain/l_9908/no_mapping/all/newest.pt'.
Saved model with best loss 1.5491 to 'data/predictions/single_domain/l_9908/no_mapping/all/best.pt'.
[Epoch 7/50] Train completed with Micro-f1: 0.9340, Macro-f1: 0.8684, Weighted-f1: 0.9243, Loss: 0.4178
[Epoch 7/50] Evaluation completed with Micro-f1: 0.4780, Macro-f1: 0.2851, Weighted-f1: 0.4118, Loss: 1.5868
Saved models from epoch 7 to 'data/predictions/single_domain/l_9908/no_mapping/all/newest.pt'.
[Epoch 8/50] Train completed with Micro-f1: 0.9700, Macro-f1: 0.9407, Weighted-f1: 0.9645, Loss: 0.3141
[Epoch 8/50] Evaluation completed with Micro-f1: 0.4919, Macro-f1: 0.2981, Weighted-f1: 0.4283, Loss: 1.4892
Saved models from epoch 8 to 'data/predictions/single_domain/l_9908/no_mapping/all/newest.pt'.
Saved model with best loss 1.4892 to 'data/predictions/single_domain/l_9908/no_mapping/all/best.pt'.
[Epoch 9/50] Train completed with Micro-f1: 0.9856, Macro-f1: 0.9680, Weighted-f1: 0.9823, Loss: 0.2463
[Epoch 9/50] Evaluation completed with Micro-f1: 0.5020, Macro-f1: 0.3070, Weighted-f1: 0.4395, Loss: 1.4936
Saved models from epoch 9 to 'data/predictions/single_domain/l_9908/no_mapping/all/newest.pt'.
[Epoch 10/50] Train completed with Micro-f1: 1.0000, Macro-f1: 1.0000, Weighted-f1: 1.0000, Loss: 0.1857
[Epoch 10/50] Evaluation completed with Micro-f1: 0.5119, Macro-f1: 0.3166, Weighted-f1: 0.4511, Loss: 1.4704
Saved models from epoch 10 to 'data/predictions/single_domain/l_9908/no_mapping/all/newest.pt'.
Saved model with best loss 1.4704 to 'data/predictions/single_domain/l_9908/no_mapping/all/best.pt'.
[Epoch 11/50] Train completed with Micro-f1: 0.9976, Macro-f1: 0.9986, Weighted-f1: 0.9976, Loss: 0.1466
[Epoch 11/50] Evaluation completed with Micro-f1: 0.5198, Macro-f1: 0.3239, Weighted-f1: 0.4599, Loss: 1.4641
Saved models from epoch 11 to 'data/predictions/single_domain/l_9908/no_mapping/all/newest.pt'.
Saved model with best loss 1.4641 to 'data/predictions/single_domain/l_9908/no_mapping/all/best.pt'.
[Epoch 12/50] Train completed with Micro-f1: 1.0000, Macro-f1: 1.0000, Weighted-f1: 1.0000, Loss: 0.1217
[Epoch 12/50] Evaluation completed with Micro-f1: 0.5251, Macro-f1: 0.3284, Weighted-f1: 0.4662, Loss: 1.5324
Saved models from epoch 12 to 'data/predictions/single_domain/l_9908/no_mapping/all/newest.pt'.
[Epoch 13/50] Train completed with Micro-f1: 1.0000, Macro-f1: 1.0000, Weighted-f1: 1.0000, Loss: 0.0926
[Epoch 13/50] Evaluation completed with Micro-f1: 0.5307, Macro-f1: 0.3332, Weighted-f1: 0.4725, Loss: 1.4685
Saved models from epoch 13 to 'data/predictions/single_domain/l_9908/no_mapping/all/newest.pt'.
[Epoch 14/50] Train completed with Micro-f1: 1.0000, Macro-f1: 1.0000, Weighted-f1: 1.0000, Loss: 0.0777
[Epoch 14/50] Evaluation completed with Micro-f1: 0.5340, Macro-f1: 0.3365, Weighted-f1: 0.4768, Loss: 1.5411
Saved models from epoch 14 to 'data/predictions/single_domain/l_9908/no_mapping/all/newest.pt'.
No improvement since 3 epochs (1.4641 loss). Early stop.
Training completed after 14 epochs.
TRAINING COMPLETED with:
	Domains:		['literature']
	OOD validaation:	False
	Mapping type:		None
