Saved arguments to data/predictions/single_domain/n_5096/embedding/all/args.json.
loading projection weights from /home/davidsule/gensim-data/word2vec-google-news-300/word2vec-google-news-300.gz
KeyedVectors lifecycle event {'msg': 'loaded (3000000, 300) matrix of type float32 from /home/davidsule/gensim-data/word2vec-google-news-300/word2vec-google-news-300.gz', 'binary': True, 'encoding': 'utf8', 'datetime': '2023-05-16T22:05:04.894667', 'gensim': '4.3.0', 'python': '3.9.16 | packaged by conda-forge | (main, Feb  1 2023, 21:39:03) \n[GCC 11.3.0]', 'platform': 'Linux-5.15.90.1-microsoft-standard-WSL2-x86_64-with-glibc2.31', 'event': 'load_word2vec_format'}
Saved category mapping to data/predictions/single_domain/n_5096/embedding/all/entity2category_mapping.json.
Loaded category mapping: embedding.
Loaded <torch.utils.data.dataloader.DataLoader object at 0x7fd94cf69d60> (train).
Loaded <torch.utils.data.dataloader.DataLoader object at 0x7fd94cf696d0> (dev).
Starting training on ['news'] data.
Read data from folder data/crossre_data/
Loaded <TransformerEmbeddings: dim=768>.
Using classifier: <LinearClassifier: emb_model = <TransformerEmbeddings: dim=768>>
Using criterion: <LabelLoss: loss=XEnt>.
Optimizing using: AdamW with learning rate 2e-05.
[Epoch 1/50] Train completed with Micro-f1: 0.2587, Macro-f1: 0.1021, Weighted-f1: 0.1942, Loss: 2.4818
[Epoch 1/50] Evaluation completed with Micro-f1: 0.2792, Macro-f1: 0.1148, Weighted-f1: 0.1824, Loss: 2.4747
Saved models from epoch 1 to 'data/predictions/single_domain/n_5096/embedding/all/newest.pt'.
Saved model with best loss 2.4747 to 'data/predictions/single_domain/n_5096/embedding/all/best.pt'.
[Epoch 2/50] Train completed with Micro-f1: 0.3101, Macro-f1: 0.1007, Weighted-f1: 0.2008, Loss: 1.9984
[Epoch 2/50] Evaluation completed with Micro-f1: 0.2719, Macro-f1: 0.1100, Weighted-f1: 0.1653, Loss: 2.2411
Saved models from epoch 2 to 'data/predictions/single_domain/n_5096/embedding/all/newest.pt'.
Saved model with best loss 2.2411 to 'data/predictions/single_domain/n_5096/embedding/all/best.pt'.
[Epoch 3/50] Train completed with Micro-f1: 0.5076, Macro-f1: 0.2727, Weighted-f1: 0.4035, Loss: 1.6257
[Epoch 3/50] Evaluation completed with Micro-f1: 0.2979, Macro-f1: 0.1271, Weighted-f1: 0.2031, Loss: 2.2565
Saved models from epoch 3 to 'data/predictions/single_domain/n_5096/embedding/all/newest.pt'.
[Epoch 4/50] Train completed with Micro-f1: 0.6111, Macro-f1: 0.4010, Weighted-f1: 0.5595, Loss: 1.3859
[Epoch 4/50] Evaluation completed with Micro-f1: 0.2935, Macro-f1: 0.1347, Weighted-f1: 0.2048, Loss: 2.3144
Saved models from epoch 4 to 'data/predictions/single_domain/n_5096/embedding/all/newest.pt'.
[Epoch 5/50] Train completed with Micro-f1: 0.7115, Macro-f1: 0.4853, Weighted-f1: 0.6649, Loss: 1.1466
[Epoch 5/50] Evaluation completed with Micro-f1: 0.2931, Macro-f1: 0.1409, Weighted-f1: 0.2082, Loss: 2.2556
Saved models from epoch 5 to 'data/predictions/single_domain/n_5096/embedding/all/newest.pt'.
No improvement since 3 epochs (2.2411 loss). Early stop.
Training completed after 5 epochs.
TRAINING COMPLETED with:
	Domains:		['news']
	OOD validaation:	False
	Mapping type:		embedding
