Saved arguments to data/predictions/single_domain/a_8878/thesaurus_affinity/all/args.json.
loading projection weights from /home/davidsule/gensim-data/word2vec-google-news-300/word2vec-google-news-300.gz
KeyedVectors lifecycle event {'msg': 'loaded (3000000, 300) matrix of type float32 from /home/davidsule/gensim-data/word2vec-google-news-300/word2vec-google-news-300.gz', 'binary': True, 'encoding': 'utf8', 'datetime': '2023-05-16T23:20:20.004640', 'gensim': '4.3.0', 'python': '3.9.16 | packaged by conda-forge | (main, Feb  1 2023, 21:39:03) \n[GCC 11.3.0]', 'platform': 'Linux-5.15.90.1-microsoft-standard-WSL2-x86_64-with-glibc2.31', 'event': 'load_word2vec_format'}
Saved category mapping to data/predictions/single_domain/a_8878/thesaurus_affinity/all/entity2category_mapping.json.
Loaded category mapping: thesaurus_affinity.
Loaded <torch.utils.data.dataloader.DataLoader object at 0x7fdd50a68160> (train).
Loaded <torch.utils.data.dataloader.DataLoader object at 0x7fdd50a68040> (dev).
Starting training on ['ai'] data.
Read data from folder data/crossre_data/
Loaded <TransformerEmbeddings: dim=768>.
Using classifier: <LinearClassifier: emb_model = <TransformerEmbeddings: dim=768>>
Using criterion: <LabelLoss: loss=XEnt>.
Optimizing using: AdamW with learning rate 2e-05.
[Epoch 1/50] Train completed with Micro-f1: 0.2489, Macro-f1: 0.1095, Weighted-f1: 0.1718, Loss: 2.5877
[Epoch 1/50] Evaluation completed with Micro-f1: 0.2666, Macro-f1: 0.0729, Weighted-f1: 0.1520, Loss: 2.3517
Saved models from epoch 1 to 'data/predictions/single_domain/a_8878/thesaurus_affinity/all/newest.pt'.
Saved model with best loss 2.3517 to 'data/predictions/single_domain/a_8878/thesaurus_affinity/all/best.pt'.
[Epoch 2/50] Train completed with Micro-f1: 0.3951, Macro-f1: 0.1689, Weighted-f1: 0.2990, Loss: 2.0363
[Epoch 2/50] Evaluation completed with Micro-f1: 0.3085, Macro-f1: 0.1099, Weighted-f1: 0.2092, Loss: 2.1385
Saved models from epoch 2 to 'data/predictions/single_domain/a_8878/thesaurus_affinity/all/newest.pt'.
Saved model with best loss 2.1385 to 'data/predictions/single_domain/a_8878/thesaurus_affinity/all/best.pt'.
[Epoch 3/50] Train completed with Micro-f1: 0.6352, Macro-f1: 0.4542, Weighted-f1: 0.5716, Loss: 1.5308
[Epoch 3/50] Evaluation completed with Micro-f1: 0.3632, Macro-f1: 0.1629, Weighted-f1: 0.2771, Loss: 1.8440
Saved models from epoch 3 to 'data/predictions/single_domain/a_8878/thesaurus_affinity/all/newest.pt'.
Saved model with best loss 1.8440 to 'data/predictions/single_domain/a_8878/thesaurus_affinity/all/best.pt'.
[Epoch 4/50] Train completed with Micro-f1: 0.7680, Macro-f1: 0.6280, Weighted-f1: 0.7194, Loss: 1.1581
[Epoch 4/50] Evaluation completed with Micro-f1: 0.3948, Macro-f1: 0.1981, Weighted-f1: 0.3195, Loss: 1.7413
Saved models from epoch 4 to 'data/predictions/single_domain/a_8878/thesaurus_affinity/all/newest.pt'.
Saved model with best loss 1.7413 to 'data/predictions/single_domain/a_8878/thesaurus_affinity/all/best.pt'.
[Epoch 5/50] Train completed with Micro-f1: 0.8396, Macro-f1: 0.7568, Weighted-f1: 0.8150, Loss: 0.8594
[Epoch 5/50] Evaluation completed with Micro-f1: 0.4145, Macro-f1: 0.2223, Weighted-f1: 0.3465, Loss: 1.6675
Saved models from epoch 5 to 'data/predictions/single_domain/a_8878/thesaurus_affinity/all/newest.pt'.
Saved model with best loss 1.6675 to 'data/predictions/single_domain/a_8878/thesaurus_affinity/all/best.pt'.
[Epoch 6/50] Train completed with Micro-f1: 0.8943, Macro-f1: 0.8358, Weighted-f1: 0.8792, Loss: 0.6521
[Epoch 6/50] Evaluation completed with Micro-f1: 0.4316, Macro-f1: 0.2403, Weighted-f1: 0.3688, Loss: 1.6141
Saved models from epoch 6 to 'data/predictions/single_domain/a_8878/thesaurus_affinity/all/newest.pt'.
Saved model with best loss 1.6141 to 'data/predictions/single_domain/a_8878/thesaurus_affinity/all/best.pt'.
[Epoch 7/50] Train completed with Micro-f1: 0.9259, Macro-f1: 0.8861, Weighted-f1: 0.9150, Loss: 0.4863
[Epoch 7/50] Evaluation completed with Micro-f1: 0.4423, Macro-f1: 0.2555, Weighted-f1: 0.3841, Loss: 1.5844
Saved models from epoch 7 to 'data/predictions/single_domain/a_8878/thesaurus_affinity/all/newest.pt'.
Saved model with best loss 1.5844 to 'data/predictions/single_domain/a_8878/thesaurus_affinity/all/best.pt'.
[Epoch 8/50] Train completed with Micro-f1: 0.9515, Macro-f1: 0.9155, Weighted-f1: 0.9439, Loss: 0.3705
[Epoch 8/50] Evaluation completed with Micro-f1: 0.4512, Macro-f1: 0.2681, Weighted-f1: 0.3967, Loss: 1.5691
Saved models from epoch 8 to 'data/predictions/single_domain/a_8878/thesaurus_affinity/all/newest.pt'.
Saved model with best loss 1.5691 to 'data/predictions/single_domain/a_8878/thesaurus_affinity/all/best.pt'.
[Epoch 9/50] Train completed with Micro-f1: 0.9828, Macro-f1: 0.9546, Weighted-f1: 0.9773, Loss: 0.2668
[Epoch 9/50] Evaluation completed with Micro-f1: 0.4587, Macro-f1: 0.2774, Weighted-f1: 0.4070, Loss: 1.5415
Saved models from epoch 9 to 'data/predictions/single_domain/a_8878/thesaurus_affinity/all/newest.pt'.
Saved model with best loss 1.5415 to 'data/predictions/single_domain/a_8878/thesaurus_affinity/all/best.pt'.
[Epoch 10/50] Train completed with Micro-f1: 0.9915, Macro-f1: 0.9863, Weighted-f1: 0.9900, Loss: 0.2126
[Epoch 10/50] Evaluation completed with Micro-f1: 0.4636, Macro-f1: 0.2845, Weighted-f1: 0.4145, Loss: 1.5320
Saved models from epoch 10 to 'data/predictions/single_domain/a_8878/thesaurus_affinity/all/newest.pt'.
Saved model with best loss 1.5320 to 'data/predictions/single_domain/a_8878/thesaurus_affinity/all/best.pt'.
[Epoch 11/50] Train completed with Micro-f1: 0.9970, Macro-f1: 0.9920, Weighted-f1: 0.9957, Loss: 0.1647
[Epoch 11/50] Evaluation completed with Micro-f1: 0.4691, Macro-f1: 0.2917, Weighted-f1: 0.4218, Loss: 1.5423
Saved models from epoch 11 to 'data/predictions/single_domain/a_8878/thesaurus_affinity/all/newest.pt'.
[Epoch 12/50] Train completed with Micro-f1: 0.9972, Macro-f1: 0.9911, Weighted-f1: 0.9958, Loss: 0.1353
[Epoch 12/50] Evaluation completed with Micro-f1: 0.4729, Macro-f1: 0.2970, Weighted-f1: 0.4276, Loss: 1.5365
Saved models from epoch 12 to 'data/predictions/single_domain/a_8878/thesaurus_affinity/all/newest.pt'.
[Epoch 13/50] Train completed with Micro-f1: 1.0000, Macro-f1: 1.0000, Weighted-f1: 1.0000, Loss: 0.1085
[Epoch 13/50] Evaluation completed with Micro-f1: 0.4761, Macro-f1: 0.3023, Weighted-f1: 0.4320, Loss: 1.5549
Saved models from epoch 13 to 'data/predictions/single_domain/a_8878/thesaurus_affinity/all/newest.pt'.
No improvement since 3 epochs (1.5320 loss). Early stop.
Training completed after 13 epochs.
TRAINING COMPLETED with:
	Domains:		['ai']
	OOD validaation:	False
	Mapping type:		thesaurus_affinity
