Saved arguments to data/predictions/single_domain/l_4012/topological/all/args.json.
Saved category mapping to data/predictions/single_domain/l_4012/topological/all/entity2category_mapping.json.
Loaded category mapping: topological.
Loaded <torch.utils.data.dataloader.DataLoader object at 0x7fd96c2e0220> (train).
Loaded <torch.utils.data.dataloader.DataLoader object at 0x7fd96c2e0a90> (dev).
Starting training on ['literature'] data.
Read data from folder data/crossre_data/
Loaded <TransformerEmbeddings: dim=768>.
Using classifier: <LinearClassifier: emb_model = <TransformerEmbeddings: dim=768>>
Using criterion: <LabelLoss: loss=XEnt>.
Optimizing using: AdamW with learning rate 2e-05.
[Epoch 1/50] Train completed with Micro-f1: 0.2829, Macro-f1: 0.1205, Weighted-f1: 0.1950, Loss: 2.4620
[Epoch 1/50] Evaluation completed with Micro-f1: 0.2577, Macro-f1: 0.0807, Weighted-f1: 0.1453, Loss: 2.3499
Saved models from epoch 1 to 'data/predictions/single_domain/l_4012/topological/all/newest.pt'.
Saved model with best loss 2.3499 to 'data/predictions/single_domain/l_4012/topological/all/best.pt'.
[Epoch 2/50] Train completed with Micro-f1: 0.4654, Macro-f1: 0.2544, Weighted-f1: 0.3564, Loss: 1.8678
[Epoch 2/50] Evaluation completed with Micro-f1: 0.3447, Macro-f1: 0.1608, Weighted-f1: 0.2570, Loss: 2.0170
Saved models from epoch 2 to 'data/predictions/single_domain/l_4012/topological/all/newest.pt'.
Saved model with best loss 2.0170 to 'data/predictions/single_domain/l_4012/topological/all/best.pt'.
[Epoch 3/50] Train completed with Micro-f1: 0.6831, Macro-f1: 0.4992, Weighted-f1: 0.6319, Loss: 1.3807
[Epoch 3/50] Evaluation completed with Micro-f1: 0.3890, Macro-f1: 0.2019, Weighted-f1: 0.3132, Loss: 1.8032
Saved models from epoch 3 to 'data/predictions/single_domain/l_4012/topological/all/newest.pt'.
Saved model with best loss 1.8032 to 'data/predictions/single_domain/l_4012/topological/all/best.pt'.
[Epoch 4/50] Train completed with Micro-f1: 0.7731, Macro-f1: 0.5972, Weighted-f1: 0.7277, Loss: 1.0214
[Epoch 4/50] Evaluation completed with Micro-f1: 0.4206, Macro-f1: 0.2320, Weighted-f1: 0.3520, Loss: 1.6700
Saved models from epoch 4 to 'data/predictions/single_domain/l_4012/topological/all/newest.pt'.
Saved model with best loss 1.6700 to 'data/predictions/single_domain/l_4012/topological/all/best.pt'.
[Epoch 5/50] Train completed with Micro-f1: 0.8487, Macro-f1: 0.7042, Weighted-f1: 0.8162, Loss: 0.7519
[Epoch 5/50] Evaluation completed with Micro-f1: 0.4385, Macro-f1: 0.2488, Weighted-f1: 0.3738, Loss: 1.6776
Saved models from epoch 5 to 'data/predictions/single_domain/l_4012/topological/all/newest.pt'.
[Epoch 6/50] Train completed with Micro-f1: 0.9075, Macro-f1: 0.8121, Weighted-f1: 0.8963, Loss: 0.5797
[Epoch 6/50] Evaluation completed with Micro-f1: 0.4567, Macro-f1: 0.2659, Weighted-f1: 0.3955, Loss: 1.5891
Saved models from epoch 6 to 'data/predictions/single_domain/l_4012/topological/all/newest.pt'.
Saved model with best loss 1.5891 to 'data/predictions/single_domain/l_4012/topological/all/best.pt'.
[Epoch 7/50] Train completed with Micro-f1: 0.9423, Macro-f1: 0.8885, Weighted-f1: 0.9319, Loss: 0.4287
[Epoch 7/50] Evaluation completed with Micro-f1: 0.4683, Macro-f1: 0.2771, Weighted-f1: 0.4094, Loss: 1.5866
Saved models from epoch 7 to 'data/predictions/single_domain/l_4012/topological/all/newest.pt'.
Saved model with best loss 1.5866 to 'data/predictions/single_domain/l_4012/topological/all/best.pt'.
[Epoch 8/50] Train completed with Micro-f1: 0.9712, Macro-f1: 0.9386, Weighted-f1: 0.9653, Loss: 0.3393
[Epoch 8/50] Evaluation completed with Micro-f1: 0.4807, Macro-f1: 0.2911, Weighted-f1: 0.4242, Loss: 1.5252
Saved models from epoch 8 to 'data/predictions/single_domain/l_4012/topological/all/newest.pt'.
Saved model with best loss 1.5252 to 'data/predictions/single_domain/l_4012/topological/all/best.pt'.
[Epoch 9/50] Train completed with Micro-f1: 0.9880, Macro-f1: 0.9634, Weighted-f1: 0.9861, Loss: 0.2612
[Epoch 9/50] Evaluation completed with Micro-f1: 0.4906, Macro-f1: 0.3011, Weighted-f1: 0.4353, Loss: 1.5101
Saved models from epoch 9 to 'data/predictions/single_domain/l_4012/topological/all/newest.pt'.
Saved model with best loss 1.5101 to 'data/predictions/single_domain/l_4012/topological/all/best.pt'.
[Epoch 10/50] Train completed with Micro-f1: 0.9976, Macro-f1: 0.9872, Weighted-f1: 0.9976, Loss: 0.1981
[Epoch 10/50] Evaluation completed with Micro-f1: 0.4990, Macro-f1: 0.3093, Weighted-f1: 0.4447, Loss: 1.5168
Saved models from epoch 10 to 'data/predictions/single_domain/l_4012/topological/all/newest.pt'.
[Epoch 11/50] Train completed with Micro-f1: 1.0000, Macro-f1: 1.0000, Weighted-f1: 1.0000, Loss: 0.1474
[Epoch 11/50] Evaluation completed with Micro-f1: 0.5052, Macro-f1: 0.3147, Weighted-f1: 0.4511, Loss: 1.5264
Saved models from epoch 11 to 'data/predictions/single_domain/l_4012/topological/all/newest.pt'.
[Epoch 12/50] Train completed with Micro-f1: 1.0000, Macro-f1: 1.0000, Weighted-f1: 1.0000, Loss: 0.1285
[Epoch 12/50] Evaluation completed with Micro-f1: 0.5103, Macro-f1: 0.3204, Weighted-f1: 0.4569, Loss: 1.5075
Saved models from epoch 12 to 'data/predictions/single_domain/l_4012/topological/all/newest.pt'.
Saved model with best loss 1.5075 to 'data/predictions/single_domain/l_4012/topological/all/best.pt'.
[Epoch 13/50] Train completed with Micro-f1: 1.0000, Macro-f1: 1.0000, Weighted-f1: 1.0000, Loss: 0.1006
[Epoch 13/50] Evaluation completed with Micro-f1: 0.5157, Macro-f1: 0.3259, Weighted-f1: 0.4626, Loss: 1.4904
Saved models from epoch 13 to 'data/predictions/single_domain/l_4012/topological/all/newest.pt'.
Saved model with best loss 1.4904 to 'data/predictions/single_domain/l_4012/topological/all/best.pt'.
[Epoch 14/50] Train completed with Micro-f1: 1.0000, Macro-f1: 1.0000, Weighted-f1: 1.0000, Loss: 0.0865
[Epoch 14/50] Evaluation completed with Micro-f1: 0.5198, Macro-f1: 0.3294, Weighted-f1: 0.4675, Loss: 1.5348
Saved models from epoch 14 to 'data/predictions/single_domain/l_4012/topological/all/newest.pt'.
[Epoch 15/50] Train completed with Micro-f1: 1.0000, Macro-f1: 1.0000, Weighted-f1: 1.0000, Loss: 0.0708
[Epoch 15/50] Evaluation completed with Micro-f1: 0.5239, Macro-f1: 0.3332, Weighted-f1: 0.4719, Loss: 1.5212
Saved models from epoch 15 to 'data/predictions/single_domain/l_4012/topological/all/newest.pt'.
[Epoch 16/50] Train completed with Micro-f1: 1.0000, Macro-f1: 1.0000, Weighted-f1: 1.0000, Loss: 0.0593
[Epoch 16/50] Evaluation completed with Micro-f1: 0.5275, Macro-f1: 0.3365, Weighted-f1: 0.4757, Loss: 1.5192
Saved models from epoch 16 to 'data/predictions/single_domain/l_4012/topological/all/newest.pt'.
No improvement since 3 epochs (1.4904 loss). Early stop.
Training completed after 16 epochs.
TRAINING COMPLETED with:
	Domains:		['literature']
	OOD validaation:	False
	Mapping type:		topological
