Saved arguments to data/predictions/single_domain/p_5096/embedding/all/args.json.
loading projection weights from /home/davidsule/gensim-data/word2vec-google-news-300/word2vec-google-news-300.gz
KeyedVectors lifecycle event {'msg': 'loaded (3000000, 300) matrix of type float32 from /home/davidsule/gensim-data/word2vec-google-news-300/word2vec-google-news-300.gz', 'binary': True, 'encoding': 'utf8', 'datetime': '2023-05-16T22:16:57.652722', 'gensim': '4.3.0', 'python': '3.9.16 | packaged by conda-forge | (main, Feb  1 2023, 21:39:03) \n[GCC 11.3.0]', 'platform': 'Linux-5.15.90.1-microsoft-standard-WSL2-x86_64-with-glibc2.31', 'event': 'load_word2vec_format'}
Saved category mapping to data/predictions/single_domain/p_5096/embedding/all/entity2category_mapping.json.
Loaded category mapping: embedding.
Loaded <torch.utils.data.dataloader.DataLoader object at 0x7fc6ad744250> (train).
Loaded <torch.utils.data.dataloader.DataLoader object at 0x7fc6ad7442b0> (dev).
Starting training on ['politics'] data.
Read data from folder data/crossre_data/
Loaded <TransformerEmbeddings: dim=768>.
Using classifier: <LinearClassifier: emb_model = <TransformerEmbeddings: dim=768>>
Using criterion: <LabelLoss: loss=XEnt>.
Optimizing using: AdamW with learning rate 2e-05.
[Epoch 1/50] Train completed with Micro-f1: 0.3248, Macro-f1: 0.1067, Weighted-f1: 0.2312, Loss: 2.3792
[Epoch 1/50] Evaluation completed with Micro-f1: 0.3817, Macro-f1: 0.1077, Weighted-f1: 0.2643, Loss: 2.0727
Saved models from epoch 1 to 'data/predictions/single_domain/p_5096/embedding/all/newest.pt'.
Saved model with best loss 2.0727 to 'data/predictions/single_domain/p_5096/embedding/all/best.pt'.
[Epoch 2/50] Train completed with Micro-f1: 0.5185, Macro-f1: 0.2615, Weighted-f1: 0.4093, Loss: 1.6250
[Epoch 2/50] Evaluation completed with Micro-f1: 0.4013, Macro-f1: 0.1439, Weighted-f1: 0.3027, Loss: 2.0134
Saved models from epoch 2 to 'data/predictions/single_domain/p_5096/embedding/all/newest.pt'.
Saved model with best loss 2.0134 to 'data/predictions/single_domain/p_5096/embedding/all/best.pt'.
[Epoch 3/50] Train completed with Micro-f1: 0.7028, Macro-f1: 0.4989, Weighted-f1: 0.6479, Loss: 1.1186
[Epoch 3/50] Evaluation completed with Micro-f1: 0.4334, Macro-f1: 0.1863, Weighted-f1: 0.3480, Loss: 1.8502
Saved models from epoch 3 to 'data/predictions/single_domain/p_5096/embedding/all/newest.pt'.
Saved model with best loss 1.8502 to 'data/predictions/single_domain/p_5096/embedding/all/best.pt'.
[Epoch 4/50] Train completed with Micro-f1: 0.8109, Macro-f1: 0.6806, Weighted-f1: 0.7827, Loss: 0.7381
[Epoch 4/50] Evaluation completed with Micro-f1: 0.4528, Macro-f1: 0.2130, Weighted-f1: 0.3763, Loss: 1.8353
Saved models from epoch 4 to 'data/predictions/single_domain/p_5096/embedding/all/newest.pt'.
Saved model with best loss 1.8353 to 'data/predictions/single_domain/p_5096/embedding/all/best.pt'.
[Epoch 5/50] Train completed with Micro-f1: 0.8986, Macro-f1: 0.7742, Weighted-f1: 0.8796, Loss: 0.5131
[Epoch 5/50] Evaluation completed with Micro-f1: 0.4665, Macro-f1: 0.2288, Weighted-f1: 0.3952, Loss: 1.8000
Saved models from epoch 5 to 'data/predictions/single_domain/p_5096/embedding/all/newest.pt'.
Saved model with best loss 1.8000 to 'data/predictions/single_domain/p_5096/embedding/all/best.pt'.
[Epoch 6/50] Train completed with Micro-f1: 0.9405, Macro-f1: 0.8911, Weighted-f1: 0.9315, Loss: 0.3596
[Epoch 6/50] Evaluation completed with Micro-f1: 0.4780, Macro-f1: 0.2439, Weighted-f1: 0.4120, Loss: 1.8335
Saved models from epoch 6 to 'data/predictions/single_domain/p_5096/embedding/all/newest.pt'.
[Epoch 7/50] Train completed with Micro-f1: 0.9746, Macro-f1: 0.9510, Weighted-f1: 0.9694, Loss: 0.2602
[Epoch 7/50] Evaluation completed with Micro-f1: 0.4864, Macro-f1: 0.2578, Weighted-f1: 0.4254, Loss: 1.8810
Saved models from epoch 7 to 'data/predictions/single_domain/p_5096/embedding/all/newest.pt'.
[Epoch 8/50] Train completed with Micro-f1: 0.9844, Macro-f1: 0.9633, Weighted-f1: 0.9829, Loss: 0.1882
[Epoch 8/50] Evaluation completed with Micro-f1: 0.4917, Macro-f1: 0.2647, Weighted-f1: 0.4329, Loss: 1.8887
Saved models from epoch 8 to 'data/predictions/single_domain/p_5096/embedding/all/newest.pt'.
No improvement since 3 epochs (1.8000 loss). Early stop.
Training completed after 8 epochs.
TRAINING COMPLETED with:
	Domains:		['politics']
	OOD validaation:	False
	Mapping type:		embedding
