Saved arguments to data/predictions/single_domain/p_8857/embedding/all/args.json.
loading projection weights from /home/davidsule/gensim-data/word2vec-google-news-300/word2vec-google-news-300.gz
KeyedVectors lifecycle event {'msg': 'loaded (3000000, 300) matrix of type float32 from /home/davidsule/gensim-data/word2vec-google-news-300/word2vec-google-news-300.gz', 'binary': True, 'encoding': 'utf8', 'datetime': '2023-05-17T03:04:00.900921', 'gensim': '4.3.0', 'python': '3.9.16 | packaged by conda-forge | (main, Feb  1 2023, 21:39:03) \n[GCC 11.3.0]', 'platform': 'Linux-5.15.90.1-microsoft-standard-WSL2-x86_64-with-glibc2.31', 'event': 'load_word2vec_format'}
Saved category mapping to data/predictions/single_domain/p_8857/embedding/all/entity2category_mapping.json.
Loaded category mapping: embedding.
Loaded <torch.utils.data.dataloader.DataLoader object at 0x7f85664c8d90> (train).
Loaded <torch.utils.data.dataloader.DataLoader object at 0x7f85664c8520> (dev).
Starting training on ['politics'] data.
Read data from folder data/crossre_data/
Loaded <TransformerEmbeddings: dim=768>.
Using classifier: <LinearClassifier: emb_model = <TransformerEmbeddings: dim=768>>
Using criterion: <LabelLoss: loss=XEnt>.
Optimizing using: AdamW with learning rate 2e-05.
[Epoch 1/50] Train completed with Micro-f1: 0.2873, Macro-f1: 0.0709, Weighted-f1: 0.1724, Loss: 2.3503
[Epoch 1/50] Evaluation completed with Micro-f1: 0.3830, Macro-f1: 0.1173, Weighted-f1: 0.2686, Loss: 2.0479
Saved models from epoch 1 to 'data/predictions/single_domain/p_8857/embedding/all/newest.pt'.
Saved model with best loss 2.0479 to 'data/predictions/single_domain/p_8857/embedding/all/best.pt'.
[Epoch 2/50] Train completed with Micro-f1: 0.5852, Macro-f1: 0.3283, Weighted-f1: 0.4947, Loss: 1.5997
[Epoch 2/50] Evaluation completed with Micro-f1: 0.4145, Macro-f1: 0.1605, Weighted-f1: 0.3161, Loss: 1.9094
Saved models from epoch 2 to 'data/predictions/single_domain/p_8857/embedding/all/newest.pt'.
Saved model with best loss 1.9094 to 'data/predictions/single_domain/p_8857/embedding/all/best.pt'.
[Epoch 3/50] Train completed with Micro-f1: 0.6740, Macro-f1: 0.4611, Weighted-f1: 0.6109, Loss: 1.1450
[Epoch 3/50] Evaluation completed with Micro-f1: 0.4203, Macro-f1: 0.1754, Weighted-f1: 0.3344, Loss: 1.9602
Saved models from epoch 3 to 'data/predictions/single_domain/p_8857/embedding/all/newest.pt'.
[Epoch 4/50] Train completed with Micro-f1: 0.7828, Macro-f1: 0.6393, Weighted-f1: 0.7475, Loss: 0.8182
[Epoch 4/50] Evaluation completed with Micro-f1: 0.4344, Macro-f1: 0.1969, Weighted-f1: 0.3552, Loss: 1.8475
Saved models from epoch 4 to 'data/predictions/single_domain/p_8857/embedding/all/newest.pt'.
Saved model with best loss 1.8475 to 'data/predictions/single_domain/p_8857/embedding/all/best.pt'.
[Epoch 5/50] Train completed with Micro-f1: 0.8800, Macro-f1: 0.7967, Weighted-f1: 0.8601, Loss: 0.5845
[Epoch 5/50] Evaluation completed with Micro-f1: 0.4426, Macro-f1: 0.2110, Weighted-f1: 0.3689, Loss: 1.8937
Saved models from epoch 5 to 'data/predictions/single_domain/p_8857/embedding/all/newest.pt'.
[Epoch 6/50] Train completed with Micro-f1: 0.9327, Macro-f1: 0.8640, Weighted-f1: 0.9228, Loss: 0.4171
[Epoch 6/50] Evaluation completed with Micro-f1: 0.4475, Macro-f1: 0.2186, Weighted-f1: 0.3768, Loss: 1.9247
Saved models from epoch 6 to 'data/predictions/single_domain/p_8857/embedding/all/newest.pt'.
[Epoch 7/50] Train completed with Micro-f1: 0.9572, Macro-f1: 0.9209, Weighted-f1: 0.9521, Loss: 0.3041
[Epoch 7/50] Evaluation completed with Micro-f1: 0.4526, Macro-f1: 0.2283, Weighted-f1: 0.3887, Loss: 1.9853
Saved models from epoch 7 to 'data/predictions/single_domain/p_8857/embedding/all/newest.pt'.
No improvement since 3 epochs (1.8475 loss). Early stop.
Training completed after 7 epochs.
TRAINING COMPLETED with:
	Domains:		['politics']
	OOD validaation:	False
	Mapping type:		embedding
