Saved arguments to data/predictions/single_domain/a_5096/no_mapping/all/args.json.
Saved category mapping to data/predictions/single_domain/a_5096/no_mapping/all/entity2category_mapping.json.
Loaded category mapping: no_mapping.
Loaded <torch.utils.data.dataloader.DataLoader object at 0x7f450b97e1f0> (train).
Loaded <torch.utils.data.dataloader.DataLoader object at 0x7f450b97e730> (dev).
Starting training on ['ai'] data.
Read data from folder data/crossre_data/
Loaded <TransformerEmbeddings: dim=768>.
Using classifier: <LinearClassifier: emb_model = <TransformerEmbeddings: dim=768>>
Using criterion: <LabelLoss: loss=XEnt>.
Optimizing using: AdamW with learning rate 2e-05.
[Epoch 1/50] Train completed with Micro-f1: 0.2072, Macro-f1: 0.0935, Weighted-f1: 0.1536, Loss: 2.6300
[Epoch 1/50] Evaluation completed with Micro-f1: 0.2785, Macro-f1: 0.0767, Weighted-f1: 0.1700, Loss: 2.4115
Saved models from epoch 1 to 'data/predictions/single_domain/a_5096/no_mapping/all/newest.pt'.
Saved model with best loss 2.4115 to 'data/predictions/single_domain/a_5096/no_mapping/all/best.pt'.
[Epoch 2/50] Train completed with Micro-f1: 0.3767, Macro-f1: 0.1591, Weighted-f1: 0.2751, Loss: 2.0463
[Epoch 2/50] Evaluation completed with Micro-f1: 0.3207, Macro-f1: 0.1200, Weighted-f1: 0.2260, Loss: 2.0974
Saved models from epoch 2 to 'data/predictions/single_domain/a_5096/no_mapping/all/newest.pt'.
Saved model with best loss 2.0974 to 'data/predictions/single_domain/a_5096/no_mapping/all/best.pt'.
[Epoch 3/50] Train completed with Micro-f1: 0.6203, Macro-f1: 0.4278, Weighted-f1: 0.5618, Loss: 1.5358
[Epoch 3/50] Evaluation completed with Micro-f1: 0.3569, Macro-f1: 0.1578, Weighted-f1: 0.2723, Loss: 1.8807
Saved models from epoch 3 to 'data/predictions/single_domain/a_5096/no_mapping/all/newest.pt'.
Saved model with best loss 1.8807 to 'data/predictions/single_domain/a_5096/no_mapping/all/best.pt'.
[Epoch 4/50] Train completed with Micro-f1: 0.8019, Macro-f1: 0.6526, Weighted-f1: 0.7638, Loss: 1.1477
[Epoch 4/50] Evaluation completed with Micro-f1: 0.3804, Macro-f1: 0.1849, Weighted-f1: 0.3040, Loss: 1.7893
Saved models from epoch 4 to 'data/predictions/single_domain/a_5096/no_mapping/all/newest.pt'.
Saved model with best loss 1.7893 to 'data/predictions/single_domain/a_5096/no_mapping/all/best.pt'.
[Epoch 5/50] Train completed with Micro-f1: 0.8455, Macro-f1: 0.7461, Weighted-f1: 0.8144, Loss: 0.8549
[Epoch 5/50] Evaluation completed with Micro-f1: 0.3994, Macro-f1: 0.2076, Weighted-f1: 0.3286, Loss: 1.6780
Saved models from epoch 5 to 'data/predictions/single_domain/a_5096/no_mapping/all/newest.pt'.
Saved model with best loss 1.6780 to 'data/predictions/single_domain/a_5096/no_mapping/all/best.pt'.
[Epoch 6/50] Train completed with Micro-f1: 0.9085, Macro-f1: 0.8772, Weighted-f1: 0.8952, Loss: 0.6257
[Epoch 6/50] Evaluation completed with Micro-f1: 0.4151, Macro-f1: 0.2236, Weighted-f1: 0.3494, Loss: 1.6516
Saved models from epoch 6 to 'data/predictions/single_domain/a_5096/no_mapping/all/newest.pt'.
Saved model with best loss 1.6516 to 'data/predictions/single_domain/a_5096/no_mapping/all/best.pt'.
[Epoch 7/50] Train completed with Micro-f1: 0.9396, Macro-f1: 0.8994, Weighted-f1: 0.9289, Loss: 0.4828
[Epoch 7/50] Evaluation completed with Micro-f1: 0.4256, Macro-f1: 0.2384, Weighted-f1: 0.3644, Loss: 1.6359
Saved models from epoch 7 to 'data/predictions/single_domain/a_5096/no_mapping/all/newest.pt'.
Saved model with best loss 1.6359 to 'data/predictions/single_domain/a_5096/no_mapping/all/best.pt'.
[Epoch 8/50] Train completed with Micro-f1: 0.9742, Macro-f1: 0.9586, Weighted-f1: 0.9697, Loss: 0.3604
[Epoch 8/50] Evaluation completed with Micro-f1: 0.4350, Macro-f1: 0.2530, Weighted-f1: 0.3776, Loss: 1.6182
Saved models from epoch 8 to 'data/predictions/single_domain/a_5096/no_mapping/all/newest.pt'.
Saved model with best loss 1.6182 to 'data/predictions/single_domain/a_5096/no_mapping/all/best.pt'.
[Epoch 9/50] Train completed with Micro-f1: 0.9943, Macro-f1: 0.9894, Weighted-f1: 0.9932, Loss: 0.2856
[Epoch 9/50] Evaluation completed with Micro-f1: 0.4438, Macro-f1: 0.2657, Weighted-f1: 0.3890, Loss: 1.5959
Saved models from epoch 9 to 'data/predictions/single_domain/a_5096/no_mapping/all/newest.pt'.
Saved model with best loss 1.5959 to 'data/predictions/single_domain/a_5096/no_mapping/all/best.pt'.
[Epoch 10/50] Train completed with Micro-f1: 0.9941, Macro-f1: 0.9892, Weighted-f1: 0.9933, Loss: 0.2210
[Epoch 10/50] Evaluation completed with Micro-f1: 0.4506, Macro-f1: 0.2769, Weighted-f1: 0.3983, Loss: 1.5920
Saved models from epoch 10 to 'data/predictions/single_domain/a_5096/no_mapping/all/newest.pt'.
Saved model with best loss 1.5920 to 'data/predictions/single_domain/a_5096/no_mapping/all/best.pt'.
[Epoch 11/50] Train completed with Micro-f1: 0.9972, Macro-f1: 0.9971, Weighted-f1: 0.9968, Loss: 0.1737
[Epoch 11/50] Evaluation completed with Micro-f1: 0.4570, Macro-f1: 0.2850, Weighted-f1: 0.4072, Loss: 1.5959
Saved models from epoch 11 to 'data/predictions/single_domain/a_5096/no_mapping/all/newest.pt'.
[Epoch 12/50] Train completed with Micro-f1: 1.0000, Macro-f1: 1.0000, Weighted-f1: 1.0000, Loss: 0.1296
[Epoch 12/50] Evaluation completed with Micro-f1: 0.4629, Macro-f1: 0.2907, Weighted-f1: 0.4144, Loss: 1.5910
Saved models from epoch 12 to 'data/predictions/single_domain/a_5096/no_mapping/all/newest.pt'.
Saved model with best loss 1.5910 to 'data/predictions/single_domain/a_5096/no_mapping/all/best.pt'.
[Epoch 13/50] Train completed with Micro-f1: 1.0000, Macro-f1: 1.0000, Weighted-f1: 1.0000, Loss: 0.1085
[Epoch 13/50] Evaluation completed with Micro-f1: 0.4676, Macro-f1: 0.2967, Weighted-f1: 0.4204, Loss: 1.5916
Saved models from epoch 13 to 'data/predictions/single_domain/a_5096/no_mapping/all/newest.pt'.
[Epoch 14/50] Train completed with Micro-f1: 1.0000, Macro-f1: 1.0000, Weighted-f1: 1.0000, Loss: 0.0904
[Epoch 14/50] Evaluation completed with Micro-f1: 0.4720, Macro-f1: 0.3022, Weighted-f1: 0.4260, Loss: 1.6100
Saved models from epoch 14 to 'data/predictions/single_domain/a_5096/no_mapping/all/newest.pt'.
[Epoch 15/50] Train completed with Micro-f1: 1.0000, Macro-f1: 1.0000, Weighted-f1: 1.0000, Loss: 0.0775
[Epoch 15/50] Evaluation completed with Micro-f1: 0.4758, Macro-f1: 0.3087, Weighted-f1: 0.4316, Loss: 1.6031
Saved models from epoch 15 to 'data/predictions/single_domain/a_5096/no_mapping/all/newest.pt'.
No improvement since 3 epochs (1.5910 loss). Early stop.
Training completed after 15 epochs.
TRAINING COMPLETED with:
	Domains:		['ai']
	OOD validaation:	False
	Mapping type:		None
