Saved arguments to data/predictions/single_domain/p_5096/thesaurus_affinity/all/args.json.
loading projection weights from /home/davidsule/gensim-data/word2vec-google-news-300/word2vec-google-news-300.gz
KeyedVectors lifecycle event {'msg': 'loaded (3000000, 300) matrix of type float32 from /home/davidsule/gensim-data/word2vec-google-news-300/word2vec-google-news-300.gz', 'binary': True, 'encoding': 'utf8', 'datetime': '2023-05-16T22:25:23.167835', 'gensim': '4.3.0', 'python': '3.9.16 | packaged by conda-forge | (main, Feb  1 2023, 21:39:03) \n[GCC 11.3.0]', 'platform': 'Linux-5.15.90.1-microsoft-standard-WSL2-x86_64-with-glibc2.31', 'event': 'load_word2vec_format'}
Saved category mapping to data/predictions/single_domain/p_5096/thesaurus_affinity/all/entity2category_mapping.json.
Loaded category mapping: thesaurus_affinity.
Loaded <torch.utils.data.dataloader.DataLoader object at 0x7f38dc5773d0> (train).
Loaded <torch.utils.data.dataloader.DataLoader object at 0x7f38dc577970> (dev).
Starting training on ['politics'] data.
Read data from folder data/crossre_data/
Loaded <TransformerEmbeddings: dim=768>.
Using classifier: <LinearClassifier: emb_model = <TransformerEmbeddings: dim=768>>
Using criterion: <LabelLoss: loss=XEnt>.
Optimizing using: AdamW with learning rate 2e-05.
[Epoch 1/50] Train completed with Micro-f1: 0.3070, Macro-f1: 0.0500, Weighted-f1: 0.1586, Loss: 2.3690
[Epoch 1/50] Evaluation completed with Micro-f1: 0.3915, Macro-f1: 0.0742, Weighted-f1: 0.2401, Loss: 2.0950
Saved models from epoch 1 to 'data/predictions/single_domain/p_5096/thesaurus_affinity/all/newest.pt'.
Saved model with best loss 2.0950 to 'data/predictions/single_domain/p_5096/thesaurus_affinity/all/best.pt'.
[Epoch 2/50] Train completed with Micro-f1: 0.5339, Macro-f1: 0.2875, Weighted-f1: 0.4262, Loss: 1.6358
[Epoch 2/50] Evaluation completed with Micro-f1: 0.4219, Macro-f1: 0.1378, Weighted-f1: 0.3023, Loss: 1.9312
Saved models from epoch 2 to 'data/predictions/single_domain/p_5096/thesaurus_affinity/all/newest.pt'.
Saved model with best loss 1.9312 to 'data/predictions/single_domain/p_5096/thesaurus_affinity/all/best.pt'.
[Epoch 3/50] Train completed with Micro-f1: 0.6792, Macro-f1: 0.4500, Weighted-f1: 0.6135, Loss: 1.1241
[Epoch 3/50] Evaluation completed with Micro-f1: 0.4342, Macro-f1: 0.1660, Weighted-f1: 0.3311, Loss: 1.8202
Saved models from epoch 3 to 'data/predictions/single_domain/p_5096/thesaurus_affinity/all/newest.pt'.
Saved model with best loss 1.8202 to 'data/predictions/single_domain/p_5096/thesaurus_affinity/all/best.pt'.
[Epoch 4/50] Train completed with Micro-f1: 0.7942, Macro-f1: 0.6582, Weighted-f1: 0.7531, Loss: 0.7799
[Epoch 4/50] Evaluation completed with Micro-f1: 0.4442, Macro-f1: 0.1838, Weighted-f1: 0.3505, Loss: 1.8204
Saved models from epoch 4 to 'data/predictions/single_domain/p_5096/thesaurus_affinity/all/newest.pt'.
[Epoch 5/50] Train completed with Micro-f1: 0.8810, Macro-f1: 0.7898, Weighted-f1: 0.8610, Loss: 0.5321
[Epoch 5/50] Evaluation completed with Micro-f1: 0.4517, Macro-f1: 0.1966, Weighted-f1: 0.3642, Loss: 1.8249
Saved models from epoch 5 to 'data/predictions/single_domain/p_5096/thesaurus_affinity/all/newest.pt'.
[Epoch 6/50] Train completed with Micro-f1: 0.9336, Macro-f1: 0.8754, Weighted-f1: 0.9231, Loss: 0.3849
[Epoch 6/50] Evaluation completed with Micro-f1: 0.4582, Macro-f1: 0.2071, Weighted-f1: 0.3763, Loss: 1.8092
Saved models from epoch 6 to 'data/predictions/single_domain/p_5096/thesaurus_affinity/all/newest.pt'.
Saved model with best loss 1.8092 to 'data/predictions/single_domain/p_5096/thesaurus_affinity/all/best.pt'.
[Epoch 7/50] Train completed with Micro-f1: 0.9707, Macro-f1: 0.9391, Weighted-f1: 0.9662, Loss: 0.2750
[Epoch 7/50] Evaluation completed with Micro-f1: 0.4638, Macro-f1: 0.2178, Weighted-f1: 0.3855, Loss: 1.8455
Saved models from epoch 7 to 'data/predictions/single_domain/p_5096/thesaurus_affinity/all/newest.pt'.
[Epoch 8/50] Train completed with Micro-f1: 0.9874, Macro-f1: 0.9646, Weighted-f1: 0.9846, Loss: 0.1938
[Epoch 8/50] Evaluation completed with Micro-f1: 0.4672, Macro-f1: 0.2243, Weighted-f1: 0.3925, Loss: 1.8829
Saved models from epoch 8 to 'data/predictions/single_domain/p_5096/thesaurus_affinity/all/newest.pt'.
[Epoch 9/50] Train completed with Micro-f1: 0.9922, Macro-f1: 0.9777, Weighted-f1: 0.9894, Loss: 0.1451
[Epoch 9/50] Evaluation completed with Micro-f1: 0.4711, Macro-f1: 0.2322, Weighted-f1: 0.4001, Loss: 1.9227
Saved models from epoch 9 to 'data/predictions/single_domain/p_5096/thesaurus_affinity/all/newest.pt'.
No improvement since 3 epochs (1.8092 loss). Early stop.
Training completed after 9 epochs.
TRAINING COMPLETED with:
	Domains:		['politics']
	OOD validaation:	False
	Mapping type:		thesaurus_affinity
