Saved arguments to data/predictions/single_domain/s_9908/topological/all/args.json.
Saved category mapping to data/predictions/single_domain/s_9908/topological/all/entity2category_mapping.json.
Loaded category mapping: topological.
Loaded <torch.utils.data.dataloader.DataLoader object at 0x7f7e2c263520> (train).
Loaded <torch.utils.data.dataloader.DataLoader object at 0x7f7e2c2630a0> (dev).
Starting training on ['science'] data.
Read data from folder data/crossre_data/
Loaded <TransformerEmbeddings: dim=768>.
Using classifier: <LinearClassifier: emb_model = <TransformerEmbeddings: dim=768>>
Using criterion: <LabelLoss: loss=XEnt>.
Optimizing using: AdamW with learning rate 2e-05.
[Epoch 1/50] Train completed with Micro-f1: 0.2804, Macro-f1: 0.1416, Weighted-f1: 0.1996, Loss: 2.5102
[Epoch 1/50] Evaluation completed with Micro-f1: 0.1939, Macro-f1: 0.0683, Weighted-f1: 0.1221, Loss: 2.4862
Saved models from epoch 1 to 'data/predictions/single_domain/s_9908/topological/all/newest.pt'.
Saved model with best loss 2.4862 to 'data/predictions/single_domain/s_9908/topological/all/best.pt'.
[Epoch 2/50] Train completed with Micro-f1: 0.4948, Macro-f1: 0.3272, Weighted-f1: 0.4261, Loss: 1.7690
[Epoch 2/50] Evaluation completed with Micro-f1: 0.2175, Macro-f1: 0.0904, Weighted-f1: 0.1486, Loss: 2.4124
Saved models from epoch 2 to 'data/predictions/single_domain/s_9908/topological/all/newest.pt'.
Saved model with best loss 2.4124 to 'data/predictions/single_domain/s_9908/topological/all/best.pt'.
[Epoch 3/50] Train completed with Micro-f1: 0.6597, Macro-f1: 0.4903, Weighted-f1: 0.6212, Loss: 1.3235
[Epoch 3/50] Evaluation completed with Micro-f1: 0.2431, Macro-f1: 0.1166, Weighted-f1: 0.1808, Loss: 2.2711
Saved models from epoch 3 to 'data/predictions/single_domain/s_9908/topological/all/newest.pt'.
Saved model with best loss 2.2711 to 'data/predictions/single_domain/s_9908/topological/all/best.pt'.
[Epoch 4/50] Train completed with Micro-f1: 0.7439, Macro-f1: 0.6275, Weighted-f1: 0.7167, Loss: 1.0404
[Epoch 4/50] Evaluation completed with Micro-f1: 0.2614, Macro-f1: 0.1364, Weighted-f1: 0.2004, Loss: 2.2112
Saved models from epoch 4 to 'data/predictions/single_domain/s_9908/topological/all/newest.pt'.
Saved model with best loss 2.2112 to 'data/predictions/single_domain/s_9908/topological/all/best.pt'.
[Epoch 5/50] Train completed with Micro-f1: 0.8646, Macro-f1: 0.7707, Weighted-f1: 0.8482, Loss: 0.6822
[Epoch 5/50] Evaluation completed with Micro-f1: 0.2779, Macro-f1: 0.1549, Weighted-f1: 0.2215, Loss: 2.1173
Saved models from epoch 5 to 'data/predictions/single_domain/s_9908/topological/all/newest.pt'.
Saved model with best loss 2.1173 to 'data/predictions/single_domain/s_9908/topological/all/best.pt'.
[Epoch 6/50] Train completed with Micro-f1: 0.8958, Macro-f1: 0.8115, Weighted-f1: 0.8769, Loss: 0.5757
[Epoch 6/50] Evaluation completed with Micro-f1: 0.2929, Macro-f1: 0.1704, Weighted-f1: 0.2393, Loss: 2.0959
Saved models from epoch 6 to 'data/predictions/single_domain/s_9908/topological/all/newest.pt'.
Saved model with best loss 2.0959 to 'data/predictions/single_domain/s_9908/topological/all/best.pt'.
[Epoch 7/50] Train completed with Micro-f1: 0.9453, Macro-f1: 0.9035, Weighted-f1: 0.9386, Loss: 0.4172
[Epoch 7/50] Evaluation completed with Micro-f1: 0.3073, Macro-f1: 0.1834, Weighted-f1: 0.2559, Loss: 2.0667
Saved models from epoch 7 to 'data/predictions/single_domain/s_9908/topological/all/newest.pt'.
Saved model with best loss 2.0667 to 'data/predictions/single_domain/s_9908/topological/all/best.pt'.
[Epoch 8/50] Train completed with Micro-f1: 0.9635, Macro-f1: 0.9195, Weighted-f1: 0.9565, Loss: 0.3193
[Epoch 8/50] Evaluation completed with Micro-f1: 0.3194, Macro-f1: 0.1945, Weighted-f1: 0.2705, Loss: 2.0167
Saved models from epoch 8 to 'data/predictions/single_domain/s_9908/topological/all/newest.pt'.
Saved model with best loss 2.0167 to 'data/predictions/single_domain/s_9908/topological/all/best.pt'.
[Epoch 9/50] Train completed with Micro-f1: 0.9714, Macro-f1: 0.9465, Weighted-f1: 0.9673, Loss: 0.2623
[Epoch 9/50] Evaluation completed with Micro-f1: 0.3275, Macro-f1: 0.2026, Weighted-f1: 0.2796, Loss: 2.0613
Saved models from epoch 9 to 'data/predictions/single_domain/s_9908/topological/all/newest.pt'.
[Epoch 10/50] Train completed with Micro-f1: 0.9818, Macro-f1: 0.9618, Weighted-f1: 0.9804, Loss: 0.2091
[Epoch 10/50] Evaluation completed with Micro-f1: 0.3345, Macro-f1: 0.2083, Weighted-f1: 0.2880, Loss: 2.0570
Saved models from epoch 10 to 'data/predictions/single_domain/s_9908/topological/all/newest.pt'.
[Epoch 11/50] Train completed with Micro-f1: 0.9974, Macro-f1: 0.9899, Weighted-f1: 0.9965, Loss: 0.1787
[Epoch 11/50] Evaluation completed with Micro-f1: 0.3440, Macro-f1: 0.2155, Weighted-f1: 0.2986, Loss: 1.9985
Saved models from epoch 11 to 'data/predictions/single_domain/s_9908/topological/all/newest.pt'.
Saved model with best loss 1.9985 to 'data/predictions/single_domain/s_9908/topological/all/best.pt'.
[Epoch 12/50] Train completed with Micro-f1: 1.0000, Macro-f1: 1.0000, Weighted-f1: 1.0000, Loss: 0.1440
[Epoch 12/50] Evaluation completed with Micro-f1: 0.3502, Macro-f1: 0.2213, Weighted-f1: 0.3059, Loss: 2.0573
Saved models from epoch 12 to 'data/predictions/single_domain/s_9908/topological/all/newest.pt'.
[Epoch 13/50] Train completed with Micro-f1: 0.9948, Macro-f1: 0.9821, Weighted-f1: 0.9948, Loss: 0.1239
[Epoch 13/50] Evaluation completed with Micro-f1: 0.3558, Macro-f1: 0.2269, Weighted-f1: 0.3127, Loss: 2.0549
Saved models from epoch 13 to 'data/predictions/single_domain/s_9908/topological/all/newest.pt'.
[Epoch 14/50] Train completed with Micro-f1: 0.9974, Macro-f1: 0.9861, Weighted-f1: 0.9974, Loss: 0.1103
[Epoch 14/50] Evaluation completed with Micro-f1: 0.3625, Macro-f1: 0.2327, Weighted-f1: 0.3199, Loss: 1.9986
Saved models from epoch 14 to 'data/predictions/single_domain/s_9908/topological/all/newest.pt'.
No improvement since 3 epochs (1.9985 loss). Early stop.
Training completed after 14 epochs.
TRAINING COMPLETED with:
	Domains:		['science']
	OOD validaation:	False
	Mapping type:		topological
