Saved arguments to data/predictions\almnps_5096\no_mapping\all\args.json.
Saved category mapping to data/predictions\almnps_5096\no_mapping\all\entity2category_mapping.json.
Loaded category mapping: no_mapping.
Loaded <torch.utils.data.dataloader.DataLoader object at 0x000001747276A940> (train).
Loaded <torch.utils.data.dataloader.DataLoader object at 0x0000017472786EB0> (dev).
Starting training on ['ai', 'literature', 'music', 'news', 'politics', 'science'] data.
Read data from folder data/crossre_data/
Loaded <TransformerEmbeddings: dim=768>.
Using classifier: <LinearClassifier: emb_model = <TransformerEmbeddings: dim=768>>
Using criterion: <LabelLoss: loss=XEnt>.
Optimizing using: AdamW with learning rate 2e-05.
[Epoch 1/50] Train completed with Micro-f1: 0.3911, Macro-f1: 0.2333, Weighted-f1: 0.3210, Loss: 2.0833
[Epoch 1/50] Evaluation completed with Micro-f1: 0.5091, Macro-f1: 0.3376, Weighted-f1: 0.4581, Loss: 1.7216
Saved models from epoch 1 to 'data/predictions\almnps_5096\no_mapping\all\newest.pt'.
Saved model with best loss 1.7216 to 'data/predictions\almnps_5096\no_mapping\all\best.pt'.
[Epoch 2/50] Train completed with Micro-f1: 0.6970, Macro-f1: 0.5453, Weighted-f1: 0.6677, Loss: 1.1222
[Epoch 2/50] Evaluation completed with Micro-f1: 0.5294, Macro-f1: 0.3626, Weighted-f1: 0.4845, Loss: 1.5430
Saved models from epoch 2 to 'data/predictions\almnps_5096\no_mapping\all\newest.pt'.
Saved model with best loss 1.5430 to 'data/predictions\almnps_5096\no_mapping\all\best.pt'.
[Epoch 3/50] Train completed with Micro-f1: 0.8299, Macro-f1: 0.7310, Weighted-f1: 0.8132, Loss: 0.6899
[Epoch 3/50] Evaluation completed with Micro-f1: 0.5428, Macro-f1: 0.3781, Weighted-f1: 0.5027, Loss: 1.4923
Saved models from epoch 3 to 'data/predictions\almnps_5096\no_mapping\all\newest.pt'.
Saved model with best loss 1.4923 to 'data/predictions\almnps_5096\no_mapping\all\best.pt'.
[Epoch 4/50] Train completed with Micro-f1: 0.9023, Macro-f1: 0.8351, Weighted-f1: 0.8931, Loss: 0.4339
[Epoch 4/50] Evaluation completed with Micro-f1: 0.5553, Macro-f1: 0.3929, Weighted-f1: 0.5186, Loss: 1.4012
Saved models from epoch 4 to 'data/predictions\almnps_5096\no_mapping\all\newest.pt'.
Saved model with best loss 1.4012 to 'data/predictions\almnps_5096\no_mapping\all\best.pt'.
[Epoch 5/50] Train completed with Micro-f1: 0.9462, Macro-f1: 0.8991, Weighted-f1: 0.9408, Loss: 0.2847
[Epoch 5/50] Evaluation completed with Micro-f1: 0.5631, Macro-f1: 0.4033, Weighted-f1: 0.5296, Loss: 1.4665
Saved models from epoch 5 to 'data/predictions\almnps_5096\no_mapping\all\newest.pt'.
[Epoch 6/50] Train completed with Micro-f1: 0.9757, Macro-f1: 0.9560, Weighted-f1: 0.9750, Loss: 0.1764
[Epoch 6/50] Evaluation completed with Micro-f1: 0.5709, Macro-f1: 0.4113, Weighted-f1: 0.5387, Loss: 1.4780
Saved models from epoch 6 to 'data/predictions\almnps_5096\no_mapping\all\newest.pt'.
[Epoch 7/50] Train completed with Micro-f1: 0.9861, Macro-f1: 0.9747, Weighted-f1: 0.9852, Loss: 0.1156
[Epoch 7/50] Evaluation completed with Micro-f1: 0.5753, Macro-f1: 0.4167, Weighted-f1: 0.5443, Loss: 1.5433
Saved models from epoch 7 to 'data/predictions\almnps_5096\no_mapping\all\newest.pt'.
No improvement since 3 epochs (1.4012 loss). Early stop.
Training completed after 7 epochs.
TRAINING COMPLETED with:
	Domains:		['ai', 'literature', 'music', 'news', 'politics', 'science']
	OOD validaation:	False
	Mapping type:		None
