Saved arguments to data/predictions\almnps_4012\embedding\all\args.json.
loading projection weights from C:\Users\petko/gensim-data\word2vec-google-news-300\word2vec-google-news-300.gz
KeyedVectors lifecycle event {'msg': 'loaded (3000000, 300) matrix of type float32 from C:\\Users\\petko/gensim-data\\word2vec-google-news-300\\word2vec-google-news-300.gz', 'binary': True, 'encoding': 'utf8', 'datetime': '2023-05-15T09:38:32.136809', 'gensim': '4.3.0', 'python': '3.9.16 (main, Mar  8 2023, 10:39:24) [MSC v.1916 64 bit (AMD64)]', 'platform': 'Windows-10-10.0.22000-SP0', 'event': 'load_word2vec_format'}
Saved category mapping to data/predictions\almnps_4012\embedding\all\entity2category_mapping.json.
Loaded category mapping: embedding.
Loaded <torch.utils.data.dataloader.DataLoader object at 0x000002DA9BA936D0> (train).
Loaded <torch.utils.data.dataloader.DataLoader object at 0x000002DA9BA54280> (dev).
Starting training on ['ai', 'literature', 'music', 'news', 'politics', 'science'] data.
Read data from folder data/crossre_data/
Loaded <TransformerEmbeddings: dim=768>.
Using classifier: <LinearClassifier: emb_model = <TransformerEmbeddings: dim=768>>
Using criterion: <LabelLoss: loss=XEnt>.
Optimizing using: AdamW with learning rate 2e-05.
[Epoch 1/50] Train completed with Micro-f1: 0.4023, Macro-f1: 0.2463, Weighted-f1: 0.3377, Loss: 2.0327
[Epoch 1/50] Evaluation completed with Micro-f1: 0.5080, Macro-f1: 0.3426, Weighted-f1: 0.4677, Loss: 1.7056
Saved models from epoch 1 to 'data/predictions\almnps_4012\embedding\all\newest.pt'.
Saved model with best loss 1.7056 to 'data/predictions\almnps_4012\embedding\all\best.pt'.
[Epoch 2/50] Train completed with Micro-f1: 0.6858, Macro-f1: 0.5403, Weighted-f1: 0.6500, Loss: 1.1286
[Epoch 2/50] Evaluation completed with Micro-f1: 0.5341, Macro-f1: 0.3704, Weighted-f1: 0.4979, Loss: 1.4782
Saved models from epoch 2 to 'data/predictions\almnps_4012\embedding\all\newest.pt'.
Saved model with best loss 1.4782 to 'data/predictions\almnps_4012\embedding\all\best.pt'.
[Epoch 3/50] Train completed with Micro-f1: 0.8194, Macro-f1: 0.7123, Weighted-f1: 0.8024, Loss: 0.7099
[Epoch 3/50] Evaluation completed with Micro-f1: 0.5471, Macro-f1: 0.3827, Weighted-f1: 0.5124, Loss: 1.4293
Saved models from epoch 3 to 'data/predictions\almnps_4012\embedding\all\newest.pt'.
Saved model with best loss 1.4293 to 'data/predictions\almnps_4012\embedding\all\best.pt'.
[Epoch 4/50] Train completed with Micro-f1: 0.8867, Macro-f1: 0.8156, Weighted-f1: 0.8765, Loss: 0.4703
[Epoch 4/50] Evaluation completed with Micro-f1: 0.5556, Macro-f1: 0.3935, Weighted-f1: 0.5224, Loss: 1.4499
Saved models from epoch 4 to 'data/predictions\almnps_4012\embedding\all\newest.pt'.
[Epoch 5/50] Train completed with Micro-f1: 0.9266, Macro-f1: 0.8728, Weighted-f1: 0.9207, Loss: 0.3440
[Epoch 5/50] Evaluation completed with Micro-f1: 0.5629, Macro-f1: 0.4027, Weighted-f1: 0.5307, Loss: 1.4481
Saved models from epoch 5 to 'data/predictions\almnps_4012\embedding\all\newest.pt'.
[Epoch 6/50] Train completed with Micro-f1: 0.9674, Macro-f1: 0.9408, Weighted-f1: 0.9650, Loss: 0.2024
[Epoch 6/50] Evaluation completed with Micro-f1: 0.5685, Macro-f1: 0.4104, Weighted-f1: 0.5381, Loss: 1.4346
Saved models from epoch 6 to 'data/predictions\almnps_4012\embedding\all\newest.pt'.
No improvement since 3 epochs (1.4293 loss). Early stop.
Training completed after 6 epochs.
TRAINING COMPLETED with:
	Domains:		['ai', 'literature', 'music', 'news', 'politics', 'science']
	OOD validaation:	False
	Mapping type:		embedding
