Saved arguments to data/predictions/single_domain/l_8878/embedding/all/args.json.
loading projection weights from /home/davidsule/gensim-data/word2vec-google-news-300/word2vec-google-news-300.gz
KeyedVectors lifecycle event {'msg': 'loaded (3000000, 300) matrix of type float32 from /home/davidsule/gensim-data/word2vec-google-news-300/word2vec-google-news-300.gz', 'binary': True, 'encoding': 'utf8', 'datetime': '2023-05-16T23:37:50.985150', 'gensim': '4.3.0', 'python': '3.9.16 | packaged by conda-forge | (main, Feb  1 2023, 21:39:03) \n[GCC 11.3.0]', 'platform': 'Linux-5.15.90.1-microsoft-standard-WSL2-x86_64-with-glibc2.31', 'event': 'load_word2vec_format'}
Saved category mapping to data/predictions/single_domain/l_8878/embedding/all/entity2category_mapping.json.
Loaded category mapping: embedding.
Loaded <torch.utils.data.dataloader.DataLoader object at 0x7f31fa5e9dc0> (train).
Loaded <torch.utils.data.dataloader.DataLoader object at 0x7f31fa78d340> (dev).
Starting training on ['literature'] data.
Read data from folder data/crossre_data/
Loaded <TransformerEmbeddings: dim=768>.
Using classifier: <LinearClassifier: emb_model = <TransformerEmbeddings: dim=768>>
Using criterion: <LabelLoss: loss=XEnt>.
Optimizing using: AdamW with learning rate 2e-05.
[Epoch 1/50] Train completed with Micro-f1: 0.1609, Macro-f1: 0.0459, Weighted-f1: 0.0917, Loss: 2.5851
[Epoch 1/50] Evaluation completed with Micro-f1: 0.2098, Macro-f1: 0.0615, Weighted-f1: 0.1139, Loss: 2.4180
Saved models from epoch 1 to 'data/predictions/single_domain/l_8878/embedding/all/newest.pt'.
Saved model with best loss 2.4180 to 'data/predictions/single_domain/l_8878/embedding/all/best.pt'.
[Epoch 2/50] Train completed with Micro-f1: 0.3646, Macro-f1: 0.1484, Weighted-f1: 0.2545, Loss: 2.0545
[Epoch 2/50] Evaluation completed with Micro-f1: 0.2994, Macro-f1: 0.1335, Weighted-f1: 0.2138, Loss: 2.1202
Saved models from epoch 2 to 'data/predictions/single_domain/l_8878/embedding/all/newest.pt'.
Saved model with best loss 2.1202 to 'data/predictions/single_domain/l_8878/embedding/all/best.pt'.
[Epoch 3/50] Train completed with Micro-f1: 0.5753, Macro-f1: 0.3649, Weighted-f1: 0.5154, Loss: 1.5910
[Epoch 3/50] Evaluation completed with Micro-f1: 0.3448, Macro-f1: 0.1711, Weighted-f1: 0.2662, Loss: 1.9430
Saved models from epoch 3 to 'data/predictions/single_domain/l_8878/embedding/all/newest.pt'.
Saved model with best loss 1.9430 to 'data/predictions/single_domain/l_8878/embedding/all/best.pt'.
[Epoch 4/50] Train completed with Micro-f1: 0.7321, Macro-f1: 0.5496, Weighted-f1: 0.6915, Loss: 1.1888
[Epoch 4/50] Evaluation completed with Micro-f1: 0.3756, Macro-f1: 0.2012, Weighted-f1: 0.3060, Loss: 1.7798
Saved models from epoch 4 to 'data/predictions/single_domain/l_8878/embedding/all/newest.pt'.
Saved model with best loss 1.7798 to 'data/predictions/single_domain/l_8878/embedding/all/best.pt'.
[Epoch 5/50] Train completed with Micro-f1: 0.8127, Macro-f1: 0.6519, Weighted-f1: 0.7738, Loss: 0.9070
[Epoch 5/50] Evaluation completed with Micro-f1: 0.3968, Macro-f1: 0.2214, Weighted-f1: 0.3325, Loss: 1.7482
Saved models from epoch 5 to 'data/predictions/single_domain/l_8878/embedding/all/newest.pt'.
Saved model with best loss 1.7482 to 'data/predictions/single_domain/l_8878/embedding/all/best.pt'.
[Epoch 6/50] Train completed with Micro-f1: 0.8846, Macro-f1: 0.7982, Weighted-f1: 0.8643, Loss: 0.6834
[Epoch 6/50] Evaluation completed with Micro-f1: 0.4143, Macro-f1: 0.2381, Weighted-f1: 0.3534, Loss: 1.6696
Saved models from epoch 6 to 'data/predictions/single_domain/l_8878/embedding/all/newest.pt'.
Saved model with best loss 1.6696 to 'data/predictions/single_domain/l_8878/embedding/all/best.pt'.
[Epoch 7/50] Train completed with Micro-f1: 0.9279, Macro-f1: 0.8438, Weighted-f1: 0.9160, Loss: 0.5057
[Epoch 7/50] Evaluation completed with Micro-f1: 0.4322, Macro-f1: 0.2534, Weighted-f1: 0.3742, Loss: 1.5964
Saved models from epoch 7 to 'data/predictions/single_domain/l_8878/embedding/all/newest.pt'.
Saved model with best loss 1.5964 to 'data/predictions/single_domain/l_8878/embedding/all/best.pt'.
[Epoch 8/50] Train completed with Micro-f1: 0.9532, Macro-f1: 0.9114, Weighted-f1: 0.9453, Loss: 0.3909
[Epoch 8/50] Evaluation completed with Micro-f1: 0.4436, Macro-f1: 0.2644, Weighted-f1: 0.3867, Loss: 1.6065
Saved models from epoch 8 to 'data/predictions/single_domain/l_8878/embedding/all/newest.pt'.
[Epoch 9/50] Train completed with Micro-f1: 0.9856, Macro-f1: 0.9679, Weighted-f1: 0.9821, Loss: 0.2880
[Epoch 9/50] Evaluation completed with Micro-f1: 0.4532, Macro-f1: 0.2746, Weighted-f1: 0.3981, Loss: 1.5935
Saved models from epoch 9 to 'data/predictions/single_domain/l_8878/embedding/all/newest.pt'.
Saved model with best loss 1.5935 to 'data/predictions/single_domain/l_8878/embedding/all/best.pt'.
[Epoch 10/50] Train completed with Micro-f1: 0.9976, Macro-f1: 0.9907, Weighted-f1: 0.9968, Loss: 0.2239
[Epoch 10/50] Evaluation completed with Micro-f1: 0.4616, Macro-f1: 0.2835, Weighted-f1: 0.4085, Loss: 1.5672
Saved models from epoch 10 to 'data/predictions/single_domain/l_8878/embedding/all/newest.pt'.
Saved model with best loss 1.5672 to 'data/predictions/single_domain/l_8878/embedding/all/best.pt'.
[Epoch 11/50] Train completed with Micro-f1: 0.9952, Macro-f1: 0.9946, Weighted-f1: 0.9948, Loss: 0.1790
[Epoch 11/50] Evaluation completed with Micro-f1: 0.4708, Macro-f1: 0.2932, Weighted-f1: 0.4189, Loss: 1.5119
Saved models from epoch 11 to 'data/predictions/single_domain/l_8878/embedding/all/newest.pt'.
Saved model with best loss 1.5119 to 'data/predictions/single_domain/l_8878/embedding/all/best.pt'.
[Epoch 12/50] Train completed with Micro-f1: 1.0000, Macro-f1: 1.0000, Weighted-f1: 1.0000, Loss: 0.1398
[Epoch 12/50] Evaluation completed with Micro-f1: 0.4791, Macro-f1: 0.3013, Weighted-f1: 0.4280, Loss: 1.5052
Saved models from epoch 12 to 'data/predictions/single_domain/l_8878/embedding/all/newest.pt'.
Saved model with best loss 1.5052 to 'data/predictions/single_domain/l_8878/embedding/all/best.pt'.
[Epoch 13/50] Train completed with Micro-f1: 1.0000, Macro-f1: 1.0000, Weighted-f1: 1.0000, Loss: 0.1074
[Epoch 13/50] Evaluation completed with Micro-f1: 0.4844, Macro-f1: 0.3063, Weighted-f1: 0.4351, Loss: 1.5350
Saved models from epoch 13 to 'data/predictions/single_domain/l_8878/embedding/all/newest.pt'.
[Epoch 14/50] Train completed with Micro-f1: 1.0000, Macro-f1: 1.0000, Weighted-f1: 1.0000, Loss: 0.0904
[Epoch 14/50] Evaluation completed with Micro-f1: 0.4902, Macro-f1: 0.3125, Weighted-f1: 0.4420, Loss: 1.5063
Saved models from epoch 14 to 'data/predictions/single_domain/l_8878/embedding/all/newest.pt'.
[Epoch 15/50] Train completed with Micro-f1: 1.0000, Macro-f1: 1.0000, Weighted-f1: 1.0000, Loss: 0.0755
[Epoch 15/50] Evaluation completed with Micro-f1: 0.4955, Macro-f1: 0.3179, Weighted-f1: 0.4478, Loss: 1.5194
Saved models from epoch 15 to 'data/predictions/single_domain/l_8878/embedding/all/newest.pt'.
No improvement since 3 epochs (1.5052 loss). Early stop.
Training completed after 15 epochs.
TRAINING COMPLETED with:
	Domains:		['literature']
	OOD validaation:	False
	Mapping type:		embedding
