Saved arguments to data/predictions/single_domain/s_8857/topological/all/args.json.
Saved category mapping to data/predictions/single_domain/s_8857/topological/all/entity2category_mapping.json.
Loaded category mapping: topological.
Loaded <torch.utils.data.dataloader.DataLoader object at 0x7fcf292822e0> (train).
Loaded <torch.utils.data.dataloader.DataLoader object at 0x7fcf29282f70> (dev).
Starting training on ['science'] data.
Read data from folder data/crossre_data/
Loaded <TransformerEmbeddings: dim=768>.
Using classifier: <LinearClassifier: emb_model = <TransformerEmbeddings: dim=768>>
Using criterion: <LabelLoss: loss=XEnt>.
Optimizing using: AdamW with learning rate 2e-05.
[Epoch 1/50] Train completed with Micro-f1: 0.2691, Macro-f1: 0.1372, Weighted-f1: 0.2076, Loss: 2.4952
[Epoch 1/50] Evaluation completed with Micro-f1: 0.2262, Macro-f1: 0.0769, Weighted-f1: 0.1496, Loss: 2.5103
Saved models from epoch 1 to 'data/predictions/single_domain/s_8857/topological/all/newest.pt'.
Saved model with best loss 2.5103 to 'data/predictions/single_domain/s_8857/topological/all/best.pt'.
[Epoch 2/50] Train completed with Micro-f1: 0.5417, Macro-f1: 0.3618, Weighted-f1: 0.4764, Loss: 1.7804
[Epoch 2/50] Evaluation completed with Micro-f1: 0.2574, Macro-f1: 0.1011, Weighted-f1: 0.1800, Loss: 2.3833
Saved models from epoch 2 to 'data/predictions/single_domain/s_8857/topological/all/newest.pt'.
Saved model with best loss 2.3833 to 'data/predictions/single_domain/s_8857/topological/all/best.pt'.
[Epoch 3/50] Train completed with Micro-f1: 0.6910, Macro-f1: 0.5399, Weighted-f1: 0.6329, Loss: 1.2977
[Epoch 3/50] Evaluation completed with Micro-f1: 0.2710, Macro-f1: 0.1207, Weighted-f1: 0.2016, Loss: 2.3050
Saved models from epoch 3 to 'data/predictions/single_domain/s_8857/topological/all/newest.pt'.
Saved model with best loss 2.3050 to 'data/predictions/single_domain/s_8857/topological/all/best.pt'.
[Epoch 4/50] Train completed with Micro-f1: 0.7743, Macro-f1: 0.6279, Weighted-f1: 0.7489, Loss: 1.0068
[Epoch 4/50] Evaluation completed with Micro-f1: 0.2902, Macro-f1: 0.1448, Weighted-f1: 0.2263, Loss: 2.1815
Saved models from epoch 4 to 'data/predictions/single_domain/s_8857/topological/all/newest.pt'.
Saved model with best loss 2.1815 to 'data/predictions/single_domain/s_8857/topological/all/best.pt'.
[Epoch 5/50] Train completed with Micro-f1: 0.8620, Macro-f1: 0.7779, Weighted-f1: 0.8386, Loss: 0.7094
[Epoch 5/50] Evaluation completed with Micro-f1: 0.3037, Macro-f1: 0.1602, Weighted-f1: 0.2442, Loss: 2.0996
Saved models from epoch 5 to 'data/predictions/single_domain/s_8857/topological/all/newest.pt'.
Saved model with best loss 2.0996 to 'data/predictions/single_domain/s_8857/topological/all/best.pt'.
[Epoch 6/50] Train completed with Micro-f1: 0.9010, Macro-f1: 0.8114, Weighted-f1: 0.8834, Loss: 0.5568
[Epoch 6/50] Evaluation completed with Micro-f1: 0.3131, Macro-f1: 0.1710, Weighted-f1: 0.2562, Loss: 2.1290
Saved models from epoch 6 to 'data/predictions/single_domain/s_8857/topological/all/newest.pt'.
[Epoch 7/50] Train completed with Micro-f1: 0.9201, Macro-f1: 0.8636, Weighted-f1: 0.9110, Loss: 0.4524
[Epoch 7/50] Evaluation completed with Micro-f1: 0.3241, Macro-f1: 0.1817, Weighted-f1: 0.2698, Loss: 2.0690
Saved models from epoch 7 to 'data/predictions/single_domain/s_8857/topological/all/newest.pt'.
Saved model with best loss 2.0690 to 'data/predictions/single_domain/s_8857/topological/all/best.pt'.
[Epoch 8/50] Train completed with Micro-f1: 0.9714, Macro-f1: 0.9340, Weighted-f1: 0.9660, Loss: 0.3187
[Epoch 8/50] Evaluation completed with Micro-f1: 0.3328, Macro-f1: 0.1917, Weighted-f1: 0.2800, Loss: 2.0737
Saved models from epoch 8 to 'data/predictions/single_domain/s_8857/topological/all/newest.pt'.
[Epoch 9/50] Train completed with Micro-f1: 0.9766, Macro-f1: 0.9436, Weighted-f1: 0.9723, Loss: 0.2523
[Epoch 9/50] Evaluation completed with Micro-f1: 0.3404, Macro-f1: 0.1997, Weighted-f1: 0.2900, Loss: 2.0673
Saved models from epoch 9 to 'data/predictions/single_domain/s_8857/topological/all/newest.pt'.
Saved model with best loss 2.0673 to 'data/predictions/single_domain/s_8857/topological/all/best.pt'.
[Epoch 10/50] Train completed with Micro-f1: 0.9896, Macro-f1: 0.9699, Weighted-f1: 0.9871, Loss: 0.2002
[Epoch 10/50] Evaluation completed with Micro-f1: 0.3475, Macro-f1: 0.2068, Weighted-f1: 0.2991, Loss: 2.0073
Saved models from epoch 10 to 'data/predictions/single_domain/s_8857/topological/all/newest.pt'.
Saved model with best loss 2.0073 to 'data/predictions/single_domain/s_8857/topological/all/best.pt'.
[Epoch 11/50] Train completed with Micro-f1: 0.9618, Macro-f1: 0.9195, Weighted-f1: 0.9584, Loss: 0.1863
[Epoch 11/50] Evaluation completed with Micro-f1: 0.3531, Macro-f1: 0.2114, Weighted-f1: 0.3059, Loss: 2.0416
Saved models from epoch 11 to 'data/predictions/single_domain/s_8857/topological/all/newest.pt'.
[Epoch 12/50] Train completed with Micro-f1: 0.9948, Macro-f1: 0.9890, Weighted-f1: 0.9937, Loss: 0.1319
[Epoch 12/50] Evaluation completed with Micro-f1: 0.3583, Macro-f1: 0.2156, Weighted-f1: 0.3127, Loss: 2.0356
Saved models from epoch 12 to 'data/predictions/single_domain/s_8857/topological/all/newest.pt'.
[Epoch 13/50] Train completed with Micro-f1: 1.0000, Macro-f1: 1.0000, Weighted-f1: 1.0000, Loss: 0.1094
[Epoch 13/50] Evaluation completed with Micro-f1: 0.3628, Macro-f1: 0.2196, Weighted-f1: 0.3184, Loss: 2.0338
Saved models from epoch 13 to 'data/predictions/single_domain/s_8857/topological/all/newest.pt'.
No improvement since 3 epochs (2.0073 loss). Early stop.
Training completed after 13 epochs.
TRAINING COMPLETED with:
	Domains:		['science']
	OOD validaation:	False
	Mapping type:		topological
