Saved arguments to data/predictions/single_domain/m_4012/manual/all/args.json.
Saved category mapping to data/predictions/single_domain/m_4012/manual/all/entity2category_mapping.json.
Loaded category mapping: manual.
Loaded <torch.utils.data.dataloader.DataLoader object at 0x7f861334bf70> (train).
Loaded <torch.utils.data.dataloader.DataLoader object at 0x7f8613354670> (dev).
Starting training on ['music'] data.
Read data from folder data/crossre_data/
Loaded <TransformerEmbeddings: dim=768>.
Using classifier: <LinearClassifier: emb_model = <TransformerEmbeddings: dim=768>>
Using criterion: <LabelLoss: loss=XEnt>.
Optimizing using: AdamW with learning rate 2e-05.
[Epoch 1/50] Train completed with Micro-f1: 0.3180, Macro-f1: 0.1115, Weighted-f1: 0.2106, Loss: 2.1271
[Epoch 1/50] Evaluation completed with Micro-f1: 0.4771, Macro-f1: 0.2580, Weighted-f1: 0.3936, Loss: 1.7546
Saved models from epoch 1 to 'data/predictions/single_domain/m_4012/manual/all/newest.pt'.
Saved model with best loss 1.7546 to 'data/predictions/single_domain/m_4012/manual/all/best.pt'.
[Epoch 2/50] Train completed with Micro-f1: 0.7199, Macro-f1: 0.4903, Weighted-f1: 0.6473, Loss: 1.1674
[Epoch 2/50] Evaluation completed with Micro-f1: 0.5604, Macro-f1: 0.3317, Weighted-f1: 0.4862, Loss: 1.3396
Saved models from epoch 2 to 'data/predictions/single_domain/m_4012/manual/all/newest.pt'.
Saved model with best loss 1.3396 to 'data/predictions/single_domain/m_4012/manual/all/best.pt'.
[Epoch 3/50] Train completed with Micro-f1: 0.8335, Macro-f1: 0.6883, Weighted-f1: 0.8132, Loss: 0.6972
[Epoch 3/50] Evaluation completed with Micro-f1: 0.5939, Macro-f1: 0.3664, Weighted-f1: 0.5243, Loss: 1.1881
Saved models from epoch 3 to 'data/predictions/single_domain/m_4012/manual/all/newest.pt'.
Saved model with best loss 1.1881 to 'data/predictions/single_domain/m_4012/manual/all/best.pt'.
[Epoch 4/50] Train completed with Micro-f1: 0.9001, Macro-f1: 0.8116, Weighted-f1: 0.8870, Loss: 0.4561
[Epoch 4/50] Evaluation completed with Micro-f1: 0.6181, Macro-f1: 0.3910, Weighted-f1: 0.5541, Loss: 1.1209
Saved models from epoch 4 to 'data/predictions/single_domain/m_4012/manual/all/newest.pt'.
Saved model with best loss 1.1209 to 'data/predictions/single_domain/m_4012/manual/all/best.pt'.
[Epoch 5/50] Train completed with Micro-f1: 0.9409, Macro-f1: 0.8635, Weighted-f1: 0.9363, Loss: 0.3153
[Epoch 5/50] Evaluation completed with Micro-f1: 0.6316, Macro-f1: 0.4058, Weighted-f1: 0.5708, Loss: 1.1296
Saved models from epoch 5 to 'data/predictions/single_domain/m_4012/manual/all/newest.pt'.
[Epoch 6/50] Train completed with Micro-f1: 0.9590, Macro-f1: 0.9325, Weighted-f1: 0.9549, Loss: 0.2271
[Epoch 6/50] Evaluation completed with Micro-f1: 0.6421, Macro-f1: 0.4171, Weighted-f1: 0.5846, Loss: 1.0958
Saved models from epoch 6 to 'data/predictions/single_domain/m_4012/manual/all/newest.pt'.
Saved model with best loss 1.0958 to 'data/predictions/single_domain/m_4012/manual/all/best.pt'.
[Epoch 7/50] Train completed with Micro-f1: 0.9785, Macro-f1: 0.9589, Weighted-f1: 0.9789, Loss: 0.1649
[Epoch 7/50] Evaluation completed with Micro-f1: 0.6502, Macro-f1: 0.4249, Weighted-f1: 0.5955, Loss: 1.1087
Saved models from epoch 7 to 'data/predictions/single_domain/m_4012/manual/all/newest.pt'.
[Epoch 8/50] Train completed with Micro-f1: 0.9883, Macro-f1: 0.9853, Weighted-f1: 0.9886, Loss: 0.1314
[Epoch 8/50] Evaluation completed with Micro-f1: 0.6571, Macro-f1: 0.4333, Weighted-f1: 0.6050, Loss: 1.0994
Saved models from epoch 8 to 'data/predictions/single_domain/m_4012/manual/all/newest.pt'.
[Epoch 9/50] Train completed with Micro-f1: 0.9863, Macro-f1: 0.9818, Weighted-f1: 0.9854, Loss: 0.1022
[Epoch 9/50] Evaluation completed with Micro-f1: 0.6622, Macro-f1: 0.4402, Weighted-f1: 0.6123, Loss: 1.1117
Saved models from epoch 9 to 'data/predictions/single_domain/m_4012/manual/all/newest.pt'.
No improvement since 3 epochs (1.0958 loss). Early stop.
Training completed after 9 epochs.
TRAINING COMPLETED with:
	Domains:		['music']
	OOD validaation:	False
	Mapping type:		manual
