Saved arguments to data/predictions/single_domain/a_9908/topological/all/args.json.
Saved category mapping to data/predictions/single_domain/a_9908/topological/all/entity2category_mapping.json.
Loaded category mapping: topological.
Loaded <torch.utils.data.dataloader.DataLoader object at 0x7f804aafb460> (train).
Loaded <torch.utils.data.dataloader.DataLoader object at 0x7f804aa63820> (dev).
Starting training on ['ai'] data.
Read data from folder data/crossre_data/
Loaded <TransformerEmbeddings: dim=768>.
Using classifier: <LinearClassifier: emb_model = <TransformerEmbeddings: dim=768>>
Using criterion: <LabelLoss: loss=XEnt>.
Optimizing using: AdamW with learning rate 2e-05.
[Epoch 1/50] Train completed with Micro-f1: 0.2178, Macro-f1: 0.0742, Weighted-f1: 0.1422, Loss: 2.5280
[Epoch 1/50] Evaluation completed with Micro-f1: 0.2655, Macro-f1: 0.0683, Weighted-f1: 0.1494, Loss: 2.3525
Saved models from epoch 1 to 'data/predictions/single_domain/a_9908/topological/all/newest.pt'.
Saved model with best loss 2.3525 to 'data/predictions/single_domain/a_9908/topological/all/best.pt'.
[Epoch 2/50] Train completed with Micro-f1: 0.3937, Macro-f1: 0.1758, Weighted-f1: 0.2944, Loss: 1.9975
[Epoch 2/50] Evaluation completed with Micro-f1: 0.3154, Macro-f1: 0.1251, Weighted-f1: 0.2260, Loss: 2.0977
Saved models from epoch 2 to 'data/predictions/single_domain/a_9908/topological/all/newest.pt'.
Saved model with best loss 2.0977 to 'data/predictions/single_domain/a_9908/topological/all/best.pt'.
[Epoch 3/50] Train completed with Micro-f1: 0.6614, Macro-f1: 0.4899, Weighted-f1: 0.6234, Loss: 1.4995
[Epoch 3/50] Evaluation completed with Micro-f1: 0.3617, Macro-f1: 0.1699, Weighted-f1: 0.2829, Loss: 1.9022
Saved models from epoch 3 to 'data/predictions/single_domain/a_9908/topological/all/newest.pt'.
Saved model with best loss 1.9022 to 'data/predictions/single_domain/a_9908/topological/all/best.pt'.
[Epoch 4/50] Train completed with Micro-f1: 0.7513, Macro-f1: 0.6225, Weighted-f1: 0.7163, Loss: 1.1166
[Epoch 4/50] Evaluation completed with Micro-f1: 0.3862, Macro-f1: 0.1968, Weighted-f1: 0.3163, Loss: 1.7892
Saved models from epoch 4 to 'data/predictions/single_domain/a_9908/topological/all/newest.pt'.
Saved model with best loss 1.7892 to 'data/predictions/single_domain/a_9908/topological/all/best.pt'.
[Epoch 5/50] Train completed with Micro-f1: 0.8485, Macro-f1: 0.7439, Weighted-f1: 0.8324, Loss: 0.8384
[Epoch 5/50] Evaluation completed with Micro-f1: 0.3986, Macro-f1: 0.2138, Weighted-f1: 0.3355, Loss: 1.7296
Saved models from epoch 5 to 'data/predictions/single_domain/a_9908/topological/all/newest.pt'.
Saved model with best loss 1.7296 to 'data/predictions/single_domain/a_9908/topological/all/best.pt'.
[Epoch 6/50] Train completed with Micro-f1: 0.9057, Macro-f1: 0.8416, Weighted-f1: 0.8875, Loss: 0.6255
[Epoch 6/50] Evaluation completed with Micro-f1: 0.4093, Macro-f1: 0.2280, Weighted-f1: 0.3507, Loss: 1.6919
Saved models from epoch 6 to 'data/predictions/single_domain/a_9908/topological/all/newest.pt'.
Saved model with best loss 1.6919 to 'data/predictions/single_domain/a_9908/topological/all/best.pt'.
[Epoch 7/50] Train completed with Micro-f1: 0.9284, Macro-f1: 0.8796, Weighted-f1: 0.9222, Loss: 0.4775
[Epoch 7/50] Evaluation completed with Micro-f1: 0.4179, Macro-f1: 0.2420, Weighted-f1: 0.3649, Loss: 1.6596
Saved models from epoch 7 to 'data/predictions/single_domain/a_9908/topological/all/newest.pt'.
Saved model with best loss 1.6596 to 'data/predictions/single_domain/a_9908/topological/all/best.pt'.
[Epoch 8/50] Train completed with Micro-f1: 0.9629, Macro-f1: 0.9527, Weighted-f1: 0.9606, Loss: 0.3731
[Epoch 8/50] Evaluation completed with Micro-f1: 0.4277, Macro-f1: 0.2521, Weighted-f1: 0.3766, Loss: 1.6254
Saved models from epoch 8 to 'data/predictions/single_domain/a_9908/topological/all/newest.pt'.
Saved model with best loss 1.6254 to 'data/predictions/single_domain/a_9908/topological/all/best.pt'.
[Epoch 9/50] Train completed with Micro-f1: 0.9830, Macro-f1: 0.9792, Weighted-f1: 0.9811, Loss: 0.2810
[Epoch 9/50] Evaluation completed with Micro-f1: 0.4358, Macro-f1: 0.2623, Weighted-f1: 0.3870, Loss: 1.6119
Saved models from epoch 9 to 'data/predictions/single_domain/a_9908/topological/all/newest.pt'.
Saved model with best loss 1.6119 to 'data/predictions/single_domain/a_9908/topological/all/best.pt'.
[Epoch 10/50] Train completed with Micro-f1: 0.9941, Macro-f1: 0.9869, Weighted-f1: 0.9925, Loss: 0.2087
[Epoch 10/50] Evaluation completed with Micro-f1: 0.4422, Macro-f1: 0.2694, Weighted-f1: 0.3948, Loss: 1.6252
Saved models from epoch 10 to 'data/predictions/single_domain/a_9908/topological/all/newest.pt'.
[Epoch 11/50] Train completed with Micro-f1: 0.9943, Macro-f1: 0.9897, Weighted-f1: 0.9928, Loss: 0.1674
[Epoch 11/50] Evaluation completed with Micro-f1: 0.4474, Macro-f1: 0.2753, Weighted-f1: 0.4015, Loss: 1.6046
Saved models from epoch 11 to 'data/predictions/single_domain/a_9908/topological/all/newest.pt'.
Saved model with best loss 1.6046 to 'data/predictions/single_domain/a_9908/topological/all/best.pt'.
[Epoch 12/50] Train completed with Micro-f1: 1.0000, Macro-f1: 1.0000, Weighted-f1: 1.0000, Loss: 0.1297
[Epoch 12/50] Evaluation completed with Micro-f1: 0.4516, Macro-f1: 0.2817, Weighted-f1: 0.4074, Loss: 1.6169
Saved models from epoch 12 to 'data/predictions/single_domain/a_9908/topological/all/newest.pt'.
[Epoch 13/50] Train completed with Micro-f1: 1.0000, Macro-f1: 1.0000, Weighted-f1: 1.0000, Loss: 0.1053
[Epoch 13/50] Evaluation completed with Micro-f1: 0.4560, Macro-f1: 0.2867, Weighted-f1: 0.4128, Loss: 1.6204
Saved models from epoch 13 to 'data/predictions/single_domain/a_9908/topological/all/newest.pt'.
[Epoch 14/50] Train completed with Micro-f1: 1.0000, Macro-f1: 1.0000, Weighted-f1: 1.0000, Loss: 0.0851
[Epoch 14/50] Evaluation completed with Micro-f1: 0.4599, Macro-f1: 0.2917, Weighted-f1: 0.4180, Loss: 1.6300
Saved models from epoch 14 to 'data/predictions/single_domain/a_9908/topological/all/newest.pt'.
No improvement since 3 epochs (1.6046 loss). Early stop.
Training completed after 14 epochs.
TRAINING COMPLETED with:
	Domains:		['ai']
	OOD validaation:	False
	Mapping type:		topological
