Saved arguments to data/predictions/single_domain/l_9908/embedding/all/args.json.
loading projection weights from /home/davidsule/gensim-data/word2vec-google-news-300/word2vec-google-news-300.gz
KeyedVectors lifecycle event {'msg': 'loaded (3000000, 300) matrix of type float32 from /home/davidsule/gensim-data/word2vec-google-news-300/word2vec-google-news-300.gz', 'binary': True, 'encoding': 'utf8', 'datetime': '2023-05-17T04:25:55.077795', 'gensim': '4.3.0', 'python': '3.9.16 | packaged by conda-forge | (main, Feb  1 2023, 21:39:03) \n[GCC 11.3.0]', 'platform': 'Linux-5.15.90.1-microsoft-standard-WSL2-x86_64-with-glibc2.31', 'event': 'load_word2vec_format'}
Saved category mapping to data/predictions/single_domain/l_9908/embedding/all/entity2category_mapping.json.
Loaded category mapping: embedding.
Loaded <torch.utils.data.dataloader.DataLoader object at 0x7fdd34b6f5e0> (train).
Loaded <torch.utils.data.dataloader.DataLoader object at 0x7fde1ddfd610> (dev).
Starting training on ['literature'] data.
Read data from folder data/crossre_data/
Loaded <TransformerEmbeddings: dim=768>.
Using classifier: <LinearClassifier: emb_model = <TransformerEmbeddings: dim=768>>
Using criterion: <LabelLoss: loss=XEnt>.
Optimizing using: AdamW with learning rate 2e-05.
[Epoch 1/50] Train completed with Micro-f1: 0.2639, Macro-f1: 0.0745, Weighted-f1: 0.1613, Loss: 2.5431
[Epoch 1/50] Evaluation completed with Micro-f1: 0.2736, Macro-f1: 0.0764, Weighted-f1: 0.1485, Loss: 2.3761
Saved models from epoch 1 to 'data/predictions/single_domain/l_9908/embedding/all/newest.pt'.
Saved model with best loss 2.3761 to 'data/predictions/single_domain/l_9908/embedding/all/best.pt'.
[Epoch 2/50] Train completed with Micro-f1: 0.3996, Macro-f1: 0.1858, Weighted-f1: 0.2763, Loss: 1.9995
[Epoch 2/50] Evaluation completed with Micro-f1: 0.3396, Macro-f1: 0.1478, Weighted-f1: 0.2414, Loss: 2.0627
Saved models from epoch 2 to 'data/predictions/single_domain/l_9908/embedding/all/newest.pt'.
Saved model with best loss 2.0627 to 'data/predictions/single_domain/l_9908/embedding/all/best.pt'.
[Epoch 3/50] Train completed with Micro-f1: 0.6759, Macro-f1: 0.4918, Weighted-f1: 0.6331, Loss: 1.4631
[Epoch 3/50] Evaluation completed with Micro-f1: 0.3788, Macro-f1: 0.1890, Weighted-f1: 0.2947, Loss: 1.8502
Saved models from epoch 3 to 'data/predictions/single_domain/l_9908/embedding/all/newest.pt'.
Saved model with best loss 1.8502 to 'data/predictions/single_domain/l_9908/embedding/all/best.pt'.
[Epoch 4/50] Train completed with Micro-f1: 0.7445, Macro-f1: 0.5800, Weighted-f1: 0.6932, Loss: 1.0749
[Epoch 4/50] Evaluation completed with Micro-f1: 0.4061, Macro-f1: 0.2134, Weighted-f1: 0.3291, Loss: 1.7602
Saved models from epoch 4 to 'data/predictions/single_domain/l_9908/embedding/all/newest.pt'.
Saved model with best loss 1.7602 to 'data/predictions/single_domain/l_9908/embedding/all/best.pt'.
[Epoch 5/50] Train completed with Micro-f1: 0.8413, Macro-f1: 0.7204, Weighted-f1: 0.8167, Loss: 0.8041
[Epoch 5/50] Evaluation completed with Micro-f1: 0.4307, Macro-f1: 0.2373, Weighted-f1: 0.3602, Loss: 1.6443
Saved models from epoch 5 to 'data/predictions/single_domain/l_9908/embedding/all/newest.pt'.
Saved model with best loss 1.6443 to 'data/predictions/single_domain/l_9908/embedding/all/best.pt'.
[Epoch 6/50] Train completed with Micro-f1: 0.9207, Macro-f1: 0.8495, Weighted-f1: 0.9076, Loss: 0.5919
[Epoch 6/50] Evaluation completed with Micro-f1: 0.4479, Macro-f1: 0.2533, Weighted-f1: 0.3807, Loss: 1.6245
Saved models from epoch 6 to 'data/predictions/single_domain/l_9908/embedding/all/newest.pt'.
Saved model with best loss 1.6245 to 'data/predictions/single_domain/l_9908/embedding/all/best.pt'.
[Epoch 7/50] Train completed with Micro-f1: 0.9591, Macro-f1: 0.8936, Weighted-f1: 0.9484, Loss: 0.4678
[Epoch 7/50] Evaluation completed with Micro-f1: 0.4608, Macro-f1: 0.2667, Weighted-f1: 0.3962, Loss: 1.6219
Saved models from epoch 7 to 'data/predictions/single_domain/l_9908/embedding/all/newest.pt'.
Saved model with best loss 1.6219 to 'data/predictions/single_domain/l_9908/embedding/all/best.pt'.
[Epoch 8/50] Train completed with Micro-f1: 0.9832, Macro-f1: 0.9396, Weighted-f1: 0.9790, Loss: 0.3429
[Epoch 8/50] Evaluation completed with Micro-f1: 0.4741, Macro-f1: 0.2801, Weighted-f1: 0.4114, Loss: 1.5232
Saved models from epoch 8 to 'data/predictions/single_domain/l_9908/embedding/all/newest.pt'.
Saved model with best loss 1.5232 to 'data/predictions/single_domain/l_9908/embedding/all/best.pt'.
[Epoch 9/50] Train completed with Micro-f1: 0.9808, Macro-f1: 0.9533, Weighted-f1: 0.9754, Loss: 0.2786
[Epoch 9/50] Evaluation completed with Micro-f1: 0.4836, Macro-f1: 0.2888, Weighted-f1: 0.4220, Loss: 1.5349
Saved models from epoch 9 to 'data/predictions/single_domain/l_9908/embedding/all/newest.pt'.
[Epoch 10/50] Train completed with Micro-f1: 0.9952, Macro-f1: 0.9884, Weighted-f1: 0.9942, Loss: 0.2191
[Epoch 10/50] Evaluation completed with Micro-f1: 0.4915, Macro-f1: 0.2958, Weighted-f1: 0.4315, Loss: 1.5043
Saved models from epoch 10 to 'data/predictions/single_domain/l_9908/embedding/all/newest.pt'.
Saved model with best loss 1.5043 to 'data/predictions/single_domain/l_9908/embedding/all/best.pt'.
[Epoch 11/50] Train completed with Micro-f1: 0.9976, Macro-f1: 0.9927, Weighted-f1: 0.9968, Loss: 0.1609
[Epoch 11/50] Evaluation completed with Micro-f1: 0.4987, Macro-f1: 0.3043, Weighted-f1: 0.4399, Loss: 1.4939
Saved models from epoch 11 to 'data/predictions/single_domain/l_9908/embedding/all/newest.pt'.
Saved model with best loss 1.4939 to 'data/predictions/single_domain/l_9908/embedding/all/best.pt'.
[Epoch 12/50] Train completed with Micro-f1: 0.9976, Macro-f1: 0.9963, Weighted-f1: 0.9974, Loss: 0.1335
[Epoch 12/50] Evaluation completed with Micro-f1: 0.5043, Macro-f1: 0.3092, Weighted-f1: 0.4469, Loss: 1.5224
Saved models from epoch 12 to 'data/predictions/single_domain/l_9908/embedding/all/newest.pt'.
[Epoch 13/50] Train completed with Micro-f1: 1.0000, Macro-f1: 1.0000, Weighted-f1: 1.0000, Loss: 0.1090
[Epoch 13/50] Evaluation completed with Micro-f1: 0.5090, Macro-f1: 0.3138, Weighted-f1: 0.4527, Loss: 1.4835
Saved models from epoch 13 to 'data/predictions/single_domain/l_9908/embedding/all/newest.pt'.
Saved model with best loss 1.4835 to 'data/predictions/single_domain/l_9908/embedding/all/best.pt'.
[Epoch 14/50] Train completed with Micro-f1: 1.0000, Macro-f1: 1.0000, Weighted-f1: 1.0000, Loss: 0.0888
[Epoch 14/50] Evaluation completed with Micro-f1: 0.5135, Macro-f1: 0.3184, Weighted-f1: 0.4579, Loss: 1.4864
Saved models from epoch 14 to 'data/predictions/single_domain/l_9908/embedding/all/newest.pt'.
[Epoch 15/50] Train completed with Micro-f1: 1.0000, Macro-f1: 1.0000, Weighted-f1: 1.0000, Loss: 0.0750
[Epoch 15/50] Evaluation completed with Micro-f1: 0.5181, Macro-f1: 0.3231, Weighted-f1: 0.4631, Loss: 1.4637
Saved models from epoch 15 to 'data/predictions/single_domain/l_9908/embedding/all/newest.pt'.
Saved model with best loss 1.4637 to 'data/predictions/single_domain/l_9908/embedding/all/best.pt'.
[Epoch 16/50] Train completed with Micro-f1: 1.0000, Macro-f1: 1.0000, Weighted-f1: 1.0000, Loss: 0.0633
[Epoch 16/50] Evaluation completed with Micro-f1: 0.5217, Macro-f1: 0.3265, Weighted-f1: 0.4675, Loss: 1.4894
Saved models from epoch 16 to 'data/predictions/single_domain/l_9908/embedding/all/newest.pt'.
[Epoch 17/50] Train completed with Micro-f1: 1.0000, Macro-f1: 1.0000, Weighted-f1: 1.0000, Loss: 0.0555
[Epoch 17/50] Evaluation completed with Micro-f1: 0.5249, Macro-f1: 0.3297, Weighted-f1: 0.4712, Loss: 1.4835
Saved models from epoch 17 to 'data/predictions/single_domain/l_9908/embedding/all/newest.pt'.
[Epoch 18/50] Train completed with Micro-f1: 1.0000, Macro-f1: 1.0000, Weighted-f1: 1.0000, Loss: 0.0465
[Epoch 18/50] Evaluation completed with Micro-f1: 0.5279, Macro-f1: 0.3324, Weighted-f1: 0.4746, Loss: 1.4825
Saved models from epoch 18 to 'data/predictions/single_domain/l_9908/embedding/all/newest.pt'.
No improvement since 3 epochs (1.4637 loss). Early stop.
Training completed after 18 epochs.
TRAINING COMPLETED with:
	Domains:		['literature']
	OOD validaation:	False
	Mapping type:		embedding
