Saved arguments to data/predictions/single_domain/m_8878/thesaurus_affinity/all/args.json.
loading projection weights from /home/davidsule/gensim-data/word2vec-google-news-300/word2vec-google-news-300.gz
KeyedVectors lifecycle event {'msg': 'loaded (3000000, 300) matrix of type float32 from /home/davidsule/gensim-data/word2vec-google-news-300/word2vec-google-news-300.gz', 'binary': True, 'encoding': 'utf8', 'datetime': '2023-05-17T00:20:48.500476', 'gensim': '4.3.0', 'python': '3.9.16 | packaged by conda-forge | (main, Feb  1 2023, 21:39:03) \n[GCC 11.3.0]', 'platform': 'Linux-5.15.90.1-microsoft-standard-WSL2-x86_64-with-glibc2.31', 'event': 'load_word2vec_format'}
Saved category mapping to data/predictions/single_domain/m_8878/thesaurus_affinity/all/entity2category_mapping.json.
Loaded category mapping: thesaurus_affinity.
Loaded <torch.utils.data.dataloader.DataLoader object at 0x7f291cfd10a0> (train).
Loaded <torch.utils.data.dataloader.DataLoader object at 0x7f291cfd1100> (dev).
Starting training on ['music'] data.
Read data from folder data/crossre_data/
Loaded <TransformerEmbeddings: dim=768>.
Using classifier: <LinearClassifier: emb_model = <TransformerEmbeddings: dim=768>>
Using criterion: <LabelLoss: loss=XEnt>.
Optimizing using: AdamW with learning rate 2e-05.
[Epoch 1/50] Train completed with Micro-f1: 0.2714, Macro-f1: 0.0907, Weighted-f1: 0.1648, Loss: 2.2811
[Epoch 1/50] Evaluation completed with Micro-f1: 0.4077, Macro-f1: 0.1621, Weighted-f1: 0.2907, Loss: 1.9252
Saved models from epoch 1 to 'data/predictions/single_domain/m_8878/thesaurus_affinity/all/newest.pt'.
Saved model with best loss 1.9252 to 'data/predictions/single_domain/m_8878/thesaurus_affinity/all/best.pt'.
[Epoch 2/50] Train completed with Micro-f1: 0.6391, Macro-f1: 0.3431, Weighted-f1: 0.5540, Loss: 1.3791
[Epoch 2/50] Evaluation completed with Micro-f1: 0.5068, Macro-f1: 0.2519, Weighted-f1: 0.4108, Loss: 1.4966
Saved models from epoch 2 to 'data/predictions/single_domain/m_8878/thesaurus_affinity/all/newest.pt'.
Saved model with best loss 1.4966 to 'data/predictions/single_domain/m_8878/thesaurus_affinity/all/best.pt'.
[Epoch 3/50] Train completed with Micro-f1: 0.8095, Macro-f1: 0.6246, Weighted-f1: 0.7657, Loss: 0.8102
[Epoch 3/50] Evaluation completed with Micro-f1: 0.5482, Macro-f1: 0.2927, Weighted-f1: 0.4625, Loss: 1.3064
Saved models from epoch 3 to 'data/predictions/single_domain/m_8878/thesaurus_affinity/all/newest.pt'.
Saved model with best loss 1.3064 to 'data/predictions/single_domain/m_8878/thesaurus_affinity/all/best.pt'.
[Epoch 4/50] Train completed with Micro-f1: 0.9004, Macro-f1: 0.7981, Weighted-f1: 0.8838, Loss: 0.4824
[Epoch 4/50] Evaluation completed with Micro-f1: 0.5745, Macro-f1: 0.3219, Weighted-f1: 0.4966, Loss: 1.2304
Saved models from epoch 4 to 'data/predictions/single_domain/m_8878/thesaurus_affinity/all/newest.pt'.
Saved model with best loss 1.2304 to 'data/predictions/single_domain/m_8878/thesaurus_affinity/all/best.pt'.
[Epoch 5/50] Train completed with Micro-f1: 0.9294, Macro-f1: 0.8450, Weighted-f1: 0.9206, Loss: 0.3415
[Epoch 5/50] Evaluation completed with Micro-f1: 0.5960, Macro-f1: 0.3448, Weighted-f1: 0.5247, Loss: 1.1799
Saved models from epoch 5 to 'data/predictions/single_domain/m_8878/thesaurus_affinity/all/newest.pt'.
Saved model with best loss 1.1799 to 'data/predictions/single_domain/m_8878/thesaurus_affinity/all/best.pt'.
[Epoch 6/50] Train completed with Micro-f1: 0.9643, Macro-f1: 0.9306, Weighted-f1: 0.9604, Loss: 0.2426
[Epoch 6/50] Evaluation completed with Micro-f1: 0.6116, Macro-f1: 0.3631, Weighted-f1: 0.5447, Loss: 1.1647
Saved models from epoch 6 to 'data/predictions/single_domain/m_8878/thesaurus_affinity/all/newest.pt'.
Saved model with best loss 1.1647 to 'data/predictions/single_domain/m_8878/thesaurus_affinity/all/best.pt'.
[Epoch 7/50] Train completed with Micro-f1: 0.9743, Macro-f1: 0.9734, Weighted-f1: 0.9750, Loss: 0.1747
[Epoch 7/50] Evaluation completed with Micro-f1: 0.6213, Macro-f1: 0.3731, Weighted-f1: 0.5572, Loss: 1.1727
Saved models from epoch 7 to 'data/predictions/single_domain/m_8878/thesaurus_affinity/all/newest.pt'.
[Epoch 8/50] Train completed with Micro-f1: 0.9783, Macro-f1: 0.9663, Weighted-f1: 0.9762, Loss: 0.1344
[Epoch 8/50] Evaluation completed with Micro-f1: 0.6317, Macro-f1: 0.3868, Weighted-f1: 0.5707, Loss: 1.1453
Saved models from epoch 8 to 'data/predictions/single_domain/m_8878/thesaurus_affinity/all/newest.pt'.
Saved model with best loss 1.1453 to 'data/predictions/single_domain/m_8878/thesaurus_affinity/all/best.pt'.
[Epoch 9/50] Train completed with Micro-f1: 0.9863, Macro-f1: 0.9858, Weighted-f1: 0.9868, Loss: 0.1061
[Epoch 9/50] Evaluation completed with Micro-f1: 0.6392, Macro-f1: 0.3975, Weighted-f1: 0.5802, Loss: 1.1587
Saved models from epoch 9 to 'data/predictions/single_domain/m_8878/thesaurus_affinity/all/newest.pt'.
[Epoch 10/50] Train completed with Micro-f1: 0.9902, Macro-f1: 0.9857, Weighted-f1: 0.9899, Loss: 0.0805
[Epoch 10/50] Evaluation completed with Micro-f1: 0.6463, Macro-f1: 0.4054, Weighted-f1: 0.5894, Loss: 1.1725
Saved models from epoch 10 to 'data/predictions/single_domain/m_8878/thesaurus_affinity/all/newest.pt'.
[Epoch 11/50] Train completed with Micro-f1: 0.9941, Macro-f1: 0.9915, Weighted-f1: 0.9942, Loss: 0.0704
[Epoch 11/50] Evaluation completed with Micro-f1: 0.6502, Macro-f1: 0.4108, Weighted-f1: 0.5944, Loss: 1.1915
Saved models from epoch 11 to 'data/predictions/single_domain/m_8878/thesaurus_affinity/all/newest.pt'.
No improvement since 3 epochs (1.1453 loss). Early stop.
Training completed after 11 epochs.
TRAINING COMPLETED with:
	Domains:		['music']
	OOD validaation:	False
	Mapping type:		thesaurus_affinity
