Saved arguments to data/predictions/single_domain/n_8857/no_mapping/all/args.json.
Saved category mapping to data/predictions/single_domain/n_8857/no_mapping/all/entity2category_mapping.json.
Loaded category mapping: no_mapping.
Loaded <torch.utils.data.dataloader.DataLoader object at 0x7fe61550bfd0> (train).
Loaded <torch.utils.data.dataloader.DataLoader object at 0x7fe6155146d0> (dev).
Starting training on ['news'] data.
Read data from folder data/crossre_data/
Loaded <TransformerEmbeddings: dim=768>.
Using classifier: <LinearClassifier: emb_model = <TransformerEmbeddings: dim=768>>
Using criterion: <LabelLoss: loss=XEnt>.
Optimizing using: AdamW with learning rate 2e-05.
[Epoch 1/50] Train completed with Micro-f1: 0.2052, Macro-f1: 0.0981, Weighted-f1: 0.1619, Loss: 2.5616
[Epoch 1/50] Evaluation completed with Micro-f1: 0.3094, Macro-f1: 0.1862, Weighted-f1: 0.2561, Loss: 2.4181
Saved models from epoch 1 to 'data/predictions/single_domain/n_8857/no_mapping/all/newest.pt'.
Saved model with best loss 2.4181 to 'data/predictions/single_domain/n_8857/no_mapping/all/best.pt'.
[Epoch 2/50] Train completed with Micro-f1: 0.4312, Macro-f1: 0.1853, Weighted-f1: 0.3166, Loss: 2.0113
[Epoch 2/50] Evaluation completed with Micro-f1: 0.3313, Macro-f1: 0.1770, Weighted-f1: 0.2598, Loss: 2.1313
Saved models from epoch 2 to 'data/predictions/single_domain/n_8857/no_mapping/all/newest.pt'.
Saved model with best loss 2.1313 to 'data/predictions/single_domain/n_8857/no_mapping/all/best.pt'.
[Epoch 3/50] Train completed with Micro-f1: 0.4722, Macro-f1: 0.2151, Weighted-f1: 0.3696, Loss: 1.7132
[Epoch 3/50] Evaluation completed with Micro-f1: 0.4000, Macro-f1: 0.2127, Weighted-f1: 0.3263, Loss: 2.0845
Saved models from epoch 3 to 'data/predictions/single_domain/n_8857/no_mapping/all/newest.pt'.
Saved model with best loss 2.0845 to 'data/predictions/single_domain/n_8857/no_mapping/all/best.pt'.
[Epoch 4/50] Train completed with Micro-f1: 0.6312, Macro-f1: 0.3645, Weighted-f1: 0.5688, Loss: 1.4036
[Epoch 4/50] Evaluation completed with Micro-f1: 0.4151, Macro-f1: 0.2316, Weighted-f1: 0.3446, Loss: 2.0938
Saved models from epoch 4 to 'data/predictions/single_domain/n_8857/no_mapping/all/newest.pt'.
[Epoch 5/50] Train completed with Micro-f1: 0.6750, Macro-f1: 0.4347, Weighted-f1: 0.6206, Loss: 1.1325
[Epoch 5/50] Evaluation completed with Micro-f1: 0.4385, Macro-f1: 0.2563, Weighted-f1: 0.3725, Loss: 2.0988
Saved models from epoch 5 to 'data/predictions/single_domain/n_8857/no_mapping/all/newest.pt'.
[Epoch 6/50] Train completed with Micro-f1: 0.7910, Macro-f1: 0.5487, Weighted-f1: 0.7470, Loss: 0.8802
[Epoch 6/50] Evaluation completed with Micro-f1: 0.4389, Macro-f1: 0.2645, Weighted-f1: 0.3750, Loss: 2.1328
Saved models from epoch 6 to 'data/predictions/single_domain/n_8857/no_mapping/all/newest.pt'.
No improvement since 3 epochs (2.0845 loss). Early stop.
Training completed after 6 epochs.
TRAINING COMPLETED with:
	Domains:		['news']
	OOD validaation:	False
	Mapping type:		None
