Saved arguments to data/predictions/almnps_8857/manual/ood/args.json.
Saved category mapping to data/predictions/almnps_8857/manual/ood/entity2category_mapping.json.
Loaded category mapping: manual.
Loaded <torch.utils.data.dataloader.DataLoader object at 0x7f444f834d30> (train).
Loaded <torch.utils.data.dataloader.DataLoader object at 0x7f444f83c370> (dev).
Starting training on ['literature', 'music', 'news', 'politics', 'science'] data.
Read data from folder data/crossre_data/
Loaded <TransformerEmbeddings: dim=768>.
Using classifier: <LinearClassifier: emb_model = <TransformerEmbeddings: dim=768>>
Using criterion: <LabelLoss: loss=XEnt>.
Optimizing using: AdamW with learning rate 2e-05.
[Epoch 1/50] Train completed with Micro-f1: 0.4160, Macro-f1: 0.2225, Weighted-f1: 0.3373, Loss: 1.9636
[Epoch 1/50] Evaluation completed with Micro-f1: 0.5432, Macro-f1: 0.3490, Weighted-f1: 0.4851, Loss: 1.6409
Saved models from epoch 1 to 'data/predictions/almnps_8857/manual/ood/ai/newest.pt'.
Saved model with best loss 1.6409 to 'data/predictions/almnps_8857/manual/ood/ai/best.pt'.
[Epoch 2/50] Train completed with Micro-f1: 0.7290, Macro-f1: 0.5650, Weighted-f1: 0.6960, Loss: 1.0361
[Epoch 2/50] Evaluation completed with Micro-f1: 0.5584, Macro-f1: 0.3684, Weighted-f1: 0.5043, Loss: 1.5011
Saved models from epoch 2 to 'data/predictions/almnps_8857/manual/ood/ai/newest.pt'.
Saved model with best loss 1.5011 to 'data/predictions/almnps_8857/manual/ood/ai/best.pt'.
[Epoch 3/50] Train completed with Micro-f1: 0.8412, Macro-f1: 0.7304, Weighted-f1: 0.8246, Loss: 0.6318
[Epoch 3/50] Evaluation completed with Micro-f1: 0.5695, Macro-f1: 0.3855, Weighted-f1: 0.5194, Loss: 1.3864
Saved models from epoch 3 to 'data/predictions/almnps_8857/manual/ood/ai/newest.pt'.
Saved model with best loss 1.3864 to 'data/predictions/almnps_8857/manual/ood/ai/best.pt'.
[Epoch 4/50] Train completed with Micro-f1: 0.9196, Macro-f1: 0.8499, Weighted-f1: 0.9128, Loss: 0.3942
[Epoch 4/50] Evaluation completed with Micro-f1: 0.5772, Macro-f1: 0.3966, Weighted-f1: 0.5300, Loss: 1.4000
Saved models from epoch 4 to 'data/predictions/almnps_8857/manual/ood/ai/newest.pt'.
[Epoch 5/50] Train completed with Micro-f1: 0.9493, Macro-f1: 0.9045, Weighted-f1: 0.9460, Loss: 0.2543
[Epoch 5/50] Evaluation completed with Micro-f1: 0.5834, Macro-f1: 0.4044, Weighted-f1: 0.5382, Loss: 1.4057
Saved models from epoch 5 to 'data/predictions/almnps_8857/manual/ood/ai/newest.pt'.
[Epoch 6/50] Train completed with Micro-f1: 0.9723, Macro-f1: 0.9471, Weighted-f1: 0.9709, Loss: 0.1655
[Epoch 6/50] Evaluation completed with Micro-f1: 0.5885, Macro-f1: 0.4130, Weighted-f1: 0.5462, Loss: 1.5268
Saved models from epoch 6 to 'data/predictions/almnps_8857/manual/ood/ai/newest.pt'.
No improvement since 3 epochs (1.3864 loss). Early stop.
OOD training completed for test topic ai after 6 epochs.
Loaded <torch.utils.data.dataloader.DataLoader object at 0x7f4451815880> (train).
Loaded <torch.utils.data.dataloader.DataLoader object at 0x7f444f83c070> (dev).
Starting training on ['ai', 'music', 'news', 'politics', 'science'] data.
Read data from folder data/crossre_data/
Loaded <TransformerEmbeddings: dim=768>.
Using classifier: <LinearClassifier: emb_model = <TransformerEmbeddings: dim=768>>
Using criterion: <LabelLoss: loss=XEnt>.
Optimizing using: AdamW with learning rate 2e-05.
[Epoch 1/50] Train completed with Micro-f1: 0.4005, Macro-f1: 0.2324, Weighted-f1: 0.3350, Loss: 2.0693
[Epoch 1/50] Evaluation completed with Micro-f1: 0.5165, Macro-f1: 0.3483, Weighted-f1: 0.4769, Loss: 1.6984
Saved models from epoch 1 to 'data/predictions/almnps_8857/manual/ood/literature/newest.pt'.
Saved model with best loss 1.6984 to 'data/predictions/almnps_8857/manual/ood/literature/best.pt'.
[Epoch 2/50] Train completed with Micro-f1: 0.7031, Macro-f1: 0.5524, Weighted-f1: 0.6748, Loss: 1.1069
[Epoch 2/50] Evaluation completed with Micro-f1: 0.5286, Macro-f1: 0.3639, Weighted-f1: 0.4922, Loss: 1.5142
Saved models from epoch 2 to 'data/predictions/almnps_8857/manual/ood/literature/newest.pt'.
Saved model with best loss 1.5142 to 'data/predictions/almnps_8857/manual/ood/literature/best.pt'.
[Epoch 3/50] Train completed with Micro-f1: 0.8291, Macro-f1: 0.7191, Weighted-f1: 0.8169, Loss: 0.6897
[Epoch 3/50] Evaluation completed with Micro-f1: 0.5408, Macro-f1: 0.3777, Weighted-f1: 0.5079, Loss: 1.4366
Saved models from epoch 3 to 'data/predictions/almnps_8857/manual/ood/literature/newest.pt'.
Saved model with best loss 1.4366 to 'data/predictions/almnps_8857/manual/ood/literature/best.pt'.
[Epoch 4/50] Train completed with Micro-f1: 0.8983, Macro-f1: 0.8244, Weighted-f1: 0.8907, Loss: 0.4455
[Epoch 4/50] Evaluation completed with Micro-f1: 0.5493, Macro-f1: 0.3882, Weighted-f1: 0.5177, Loss: 1.4654
Saved models from epoch 4 to 'data/predictions/almnps_8857/manual/ood/literature/newest.pt'.
[Epoch 5/50] Train completed with Micro-f1: 0.9393, Macro-f1: 0.8974, Weighted-f1: 0.9334, Loss: 0.2916
[Epoch 5/50] Evaluation completed with Micro-f1: 0.5562, Macro-f1: 0.3991, Weighted-f1: 0.5267, Loss: 1.4724
Saved models from epoch 5 to 'data/predictions/almnps_8857/manual/ood/literature/newest.pt'.
[Epoch 6/50] Train completed with Micro-f1: 0.9687, Macro-f1: 0.9508, Weighted-f1: 0.9681, Loss: 0.1902
[Epoch 6/50] Evaluation completed with Micro-f1: 0.5617, Macro-f1: 0.4069, Weighted-f1: 0.5337, Loss: 1.5208
Saved models from epoch 6 to 'data/predictions/almnps_8857/manual/ood/literature/newest.pt'.
No improvement since 3 epochs (1.4366 loss). Early stop.
OOD training completed for test topic literature after 6 epochs.
Loaded <torch.utils.data.dataloader.DataLoader object at 0x7f444f543c40> (train).
Loaded <torch.utils.data.dataloader.DataLoader object at 0x7f44516828e0> (dev).
Starting training on ['ai', 'literature', 'news', 'politics', 'science'] data.
Read data from folder data/crossre_data/
Loaded <TransformerEmbeddings: dim=768>.
Using classifier: <LinearClassifier: emb_model = <TransformerEmbeddings: dim=768>>
Using criterion: <LabelLoss: loss=XEnt>.
Optimizing using: AdamW with learning rate 2e-05.
[Epoch 1/50] Train completed with Micro-f1: 0.3565, Macro-f1: 0.1936, Weighted-f1: 0.2821, Loss: 2.1745
[Epoch 1/50] Evaluation completed with Micro-f1: 0.4624, Macro-f1: 0.2970, Weighted-f1: 0.4147, Loss: 1.8755
Saved models from epoch 1 to 'data/predictions/almnps_8857/manual/ood/music/newest.pt'.
Saved model with best loss 1.8755 to 'data/predictions/almnps_8857/manual/ood/music/best.pt'.
[Epoch 2/50] Train completed with Micro-f1: 0.6705, Macro-f1: 0.5209, Weighted-f1: 0.6341, Loss: 1.2447
[Epoch 2/50] Evaluation completed with Micro-f1: 0.4879, Macro-f1: 0.3254, Weighted-f1: 0.4500, Loss: 1.6132
Saved models from epoch 2 to 'data/predictions/almnps_8857/manual/ood/music/newest.pt'.
Saved model with best loss 1.6132 to 'data/predictions/almnps_8857/manual/ood/music/best.pt'.
[Epoch 3/50] Train completed with Micro-f1: 0.8071, Macro-f1: 0.6996, Weighted-f1: 0.7881, Loss: 0.8007
[Epoch 3/50] Evaluation completed with Micro-f1: 0.5054, Macro-f1: 0.3470, Weighted-f1: 0.4699, Loss: 1.5559
Saved models from epoch 3 to 'data/predictions/almnps_8857/manual/ood/music/newest.pt'.
Saved model with best loss 1.5559 to 'data/predictions/almnps_8857/manual/ood/music/best.pt'.
[Epoch 4/50] Train completed with Micro-f1: 0.8813, Macro-f1: 0.8036, Weighted-f1: 0.8715, Loss: 0.5228
[Epoch 4/50] Evaluation completed with Micro-f1: 0.5157, Macro-f1: 0.3620, Weighted-f1: 0.4841, Loss: 1.5201
Saved models from epoch 4 to 'data/predictions/almnps_8857/manual/ood/music/newest.pt'.
Saved model with best loss 1.5201 to 'data/predictions/almnps_8857/manual/ood/music/best.pt'.
[Epoch 5/50] Train completed with Micro-f1: 0.9325, Macro-f1: 0.8870, Weighted-f1: 0.9248, Loss: 0.3514
[Epoch 5/50] Evaluation completed with Micro-f1: 0.5236, Macro-f1: 0.3721, Weighted-f1: 0.4937, Loss: 1.5043
Saved models from epoch 5 to 'data/predictions/almnps_8857/manual/ood/music/newest.pt'.
Saved model with best loss 1.5043 to 'data/predictions/almnps_8857/manual/ood/music/best.pt'.
[Epoch 6/50] Train completed with Micro-f1: 0.9706, Macro-f1: 0.9510, Weighted-f1: 0.9690, Loss: 0.2269
[Epoch 6/50] Evaluation completed with Micro-f1: 0.5294, Macro-f1: 0.3801, Weighted-f1: 0.5013, Loss: 1.4980
Saved models from epoch 6 to 'data/predictions/almnps_8857/manual/ood/music/newest.pt'.
Saved model with best loss 1.4980 to 'data/predictions/almnps_8857/manual/ood/music/best.pt'.
[Epoch 7/50] Train completed with Micro-f1: 0.9900, Macro-f1: 0.9811, Weighted-f1: 0.9882, Loss: 0.1481
[Epoch 7/50] Evaluation completed with Micro-f1: 0.5341, Macro-f1: 0.3864, Weighted-f1: 0.5078, Loss: 1.5925
Saved models from epoch 7 to 'data/predictions/almnps_8857/manual/ood/music/newest.pt'.
[Epoch 8/50] Train completed with Micro-f1: 0.9939, Macro-f1: 0.9841, Weighted-f1: 0.9936, Loss: 0.1004
[Epoch 8/50] Evaluation completed with Micro-f1: 0.5384, Macro-f1: 0.3922, Weighted-f1: 0.5134, Loss: 1.6354
Saved models from epoch 8 to 'data/predictions/almnps_8857/manual/ood/music/newest.pt'.
[Epoch 9/50] Train completed with Micro-f1: 0.9950, Macro-f1: 0.9881, Weighted-f1: 0.9946, Loss: 0.0739
[Epoch 9/50] Evaluation completed with Micro-f1: 0.5414, Macro-f1: 0.3967, Weighted-f1: 0.5173, Loss: 1.6402
Saved models from epoch 9 to 'data/predictions/almnps_8857/manual/ood/music/newest.pt'.
No improvement since 3 epochs (1.4980 loss). Early stop.
OOD training completed for test topic music after 9 epochs.
Loaded <torch.utils.data.dataloader.DataLoader object at 0x7f4435a345e0> (train).
Loaded <torch.utils.data.dataloader.DataLoader object at 0x7f444f543c40> (dev).
Starting training on ['ai', 'literature', 'music', 'politics', 'science'] data.
Read data from folder data/crossre_data/
Loaded <TransformerEmbeddings: dim=768>.
Using classifier: <LinearClassifier: emb_model = <TransformerEmbeddings: dim=768>>
Using criterion: <LabelLoss: loss=XEnt>.
Optimizing using: AdamW with learning rate 2e-05.
[Epoch 1/50] Train completed with Micro-f1: 0.4048, Macro-f1: 0.2317, Weighted-f1: 0.3364, Loss: 2.0528
[Epoch 1/50] Evaluation completed with Micro-f1: 0.5267, Macro-f1: 0.3586, Weighted-f1: 0.4846, Loss: 1.6512
Saved models from epoch 1 to 'data/predictions/almnps_8857/manual/ood/news/newest.pt'.
Saved model with best loss 1.6512 to 'data/predictions/almnps_8857/manual/ood/news/best.pt'.
[Epoch 2/50] Train completed with Micro-f1: 0.7179, Macro-f1: 0.5761, Weighted-f1: 0.6881, Loss: 1.0439
[Epoch 2/50] Evaluation completed with Micro-f1: 0.5524, Macro-f1: 0.3907, Weighted-f1: 0.5152, Loss: 1.4744
Saved models from epoch 2 to 'data/predictions/almnps_8857/manual/ood/news/newest.pt'.
Saved model with best loss 1.4744 to 'data/predictions/almnps_8857/manual/ood/news/best.pt'.
[Epoch 3/50] Train completed with Micro-f1: 0.8519, Macro-f1: 0.7525, Weighted-f1: 0.8360, Loss: 0.6400
[Epoch 3/50] Evaluation completed with Micro-f1: 0.5671, Macro-f1: 0.4060, Weighted-f1: 0.5324, Loss: 1.3801
Saved models from epoch 3 to 'data/predictions/almnps_8857/manual/ood/news/newest.pt'.
Saved model with best loss 1.3801 to 'data/predictions/almnps_8857/manual/ood/news/best.pt'.
[Epoch 4/50] Train completed with Micro-f1: 0.9061, Macro-f1: 0.8449, Weighted-f1: 0.8998, Loss: 0.4028
[Epoch 4/50] Evaluation completed with Micro-f1: 0.5750, Macro-f1: 0.4167, Weighted-f1: 0.5423, Loss: 1.4911
Saved models from epoch 4 to 'data/predictions/almnps_8857/manual/ood/news/newest.pt'.
[Epoch 5/50] Train completed with Micro-f1: 0.9402, Macro-f1: 0.8989, Weighted-f1: 0.9339, Loss: 0.2694
[Epoch 5/50] Evaluation completed with Micro-f1: 0.5825, Macro-f1: 0.4253, Weighted-f1: 0.5510, Loss: 1.4556
Saved models from epoch 5 to 'data/predictions/almnps_8857/manual/ood/news/newest.pt'.
[Epoch 6/50] Train completed with Micro-f1: 0.9740, Macro-f1: 0.9552, Weighted-f1: 0.9712, Loss: 0.1615
[Epoch 6/50] Evaluation completed with Micro-f1: 0.5887, Macro-f1: 0.4323, Weighted-f1: 0.5586, Loss: 1.4442
Saved models from epoch 6 to 'data/predictions/almnps_8857/manual/ood/news/newest.pt'.
No improvement since 3 epochs (1.3801 loss). Early stop.
OOD training completed for test topic news after 6 epochs.
Loaded <torch.utils.data.dataloader.DataLoader object at 0x7f4435998310> (train).
Loaded <torch.utils.data.dataloader.DataLoader object at 0x7f4435a37b50> (dev).
Starting training on ['ai', 'literature', 'music', 'news', 'science'] data.
Read data from folder data/crossre_data/
Loaded <TransformerEmbeddings: dim=768>.
Using classifier: <LinearClassifier: emb_model = <TransformerEmbeddings: dim=768>>
Using criterion: <LabelLoss: loss=XEnt>.
Optimizing using: AdamW with learning rate 2e-05.
[Epoch 1/50] Train completed with Micro-f1: 0.3748, Macro-f1: 0.2115, Weighted-f1: 0.3123, Loss: 2.1361
[Epoch 1/50] Evaluation completed with Micro-f1: 0.5343, Macro-f1: 0.3321, Weighted-f1: 0.4836, Loss: 1.6567
Saved models from epoch 1 to 'data/predictions/almnps_8857/manual/ood/politics/newest.pt'.
Saved model with best loss 1.6567 to 'data/predictions/almnps_8857/manual/ood/politics/best.pt'.
[Epoch 2/50] Train completed with Micro-f1: 0.6912, Macro-f1: 0.5420, Weighted-f1: 0.6569, Loss: 1.1594
[Epoch 2/50] Evaluation completed with Micro-f1: 0.5565, Macro-f1: 0.3672, Weighted-f1: 0.5122, Loss: 1.4165
Saved models from epoch 2 to 'data/predictions/almnps_8857/manual/ood/politics/newest.pt'.
Saved model with best loss 1.4165 to 'data/predictions/almnps_8857/manual/ood/politics/best.pt'.
[Epoch 3/50] Train completed with Micro-f1: 0.8251, Macro-f1: 0.7219, Weighted-f1: 0.8078, Loss: 0.7413
[Epoch 3/50] Evaluation completed with Micro-f1: 0.5732, Macro-f1: 0.3918, Weighted-f1: 0.5335, Loss: 1.3475
Saved models from epoch 3 to 'data/predictions/almnps_8857/manual/ood/politics/newest.pt'.
Saved model with best loss 1.3475 to 'data/predictions/almnps_8857/manual/ood/politics/best.pt'.
[Epoch 4/50] Train completed with Micro-f1: 0.8823, Macro-f1: 0.8013, Weighted-f1: 0.8757, Loss: 0.4973
[Epoch 4/50] Evaluation completed with Micro-f1: 0.5819, Macro-f1: 0.4052, Weighted-f1: 0.5462, Loss: 1.3517
Saved models from epoch 4 to 'data/predictions/almnps_8857/manual/ood/politics/newest.pt'.
[Epoch 5/50] Train completed with Micro-f1: 0.9239, Macro-f1: 0.8682, Weighted-f1: 0.9207, Loss: 0.3325
[Epoch 5/50] Evaluation completed with Micro-f1: 0.5889, Macro-f1: 0.4137, Weighted-f1: 0.5549, Loss: 1.3547
Saved models from epoch 5 to 'data/predictions/almnps_8857/manual/ood/politics/newest.pt'.
[Epoch 6/50] Train completed with Micro-f1: 0.9604, Macro-f1: 0.9265, Weighted-f1: 0.9567, Loss: 0.2212
[Epoch 6/50] Evaluation completed with Micro-f1: 0.5950, Macro-f1: 0.4213, Weighted-f1: 0.5635, Loss: 1.3217
Saved models from epoch 6 to 'data/predictions/almnps_8857/manual/ood/politics/newest.pt'.
Saved model with best loss 1.3217 to 'data/predictions/almnps_8857/manual/ood/politics/best.pt'.
[Epoch 7/50] Train completed with Micro-f1: 0.9827, Macro-f1: 0.9678, Weighted-f1: 0.9810, Loss: 0.1404
[Epoch 7/50] Evaluation completed with Micro-f1: 0.5989, Macro-f1: 0.4277, Weighted-f1: 0.5691, Loss: 1.4066
Saved models from epoch 7 to 'data/predictions/almnps_8857/manual/ood/politics/newest.pt'.
[Epoch 8/50] Train completed with Micro-f1: 0.9877, Macro-f1: 0.9800, Weighted-f1: 0.9865, Loss: 0.1004
[Epoch 8/50] Evaluation completed with Micro-f1: 0.6026, Macro-f1: 0.4323, Weighted-f1: 0.5738, Loss: 1.3978
Saved models from epoch 8 to 'data/predictions/almnps_8857/manual/ood/politics/newest.pt'.
[Epoch 9/50] Train completed with Micro-f1: 0.9916, Macro-f1: 0.9875, Weighted-f1: 0.9911, Loss: 0.0721
[Epoch 9/50] Evaluation completed with Micro-f1: 0.6067, Macro-f1: 0.4382, Weighted-f1: 0.5790, Loss: 1.4139
Saved models from epoch 9 to 'data/predictions/almnps_8857/manual/ood/politics/newest.pt'.
No improvement since 3 epochs (1.3217 loss). Early stop.
OOD training completed for test topic politics after 9 epochs.
Loaded <torch.utils.data.dataloader.DataLoader object at 0x7f443571e310> (train).
Loaded <torch.utils.data.dataloader.DataLoader object at 0x7f444f7010d0> (dev).
Starting training on ['ai', 'literature', 'music', 'news', 'politics'] data.
Read data from folder data/crossre_data/
Loaded <TransformerEmbeddings: dim=768>.
Using classifier: <LinearClassifier: emb_model = <TransformerEmbeddings: dim=768>>
Using criterion: <LabelLoss: loss=XEnt>.
Optimizing using: AdamW with learning rate 2e-05.
[Epoch 1/50] Train completed with Micro-f1: 0.3830, Macro-f1: 0.2097, Weighted-f1: 0.2984, Loss: 2.0938
[Epoch 1/50] Evaluation completed with Micro-f1: 0.5254, Macro-f1: 0.3401, Weighted-f1: 0.4731, Loss: 1.6369
Saved models from epoch 1 to 'data/predictions/almnps_8857/manual/ood/science/newest.pt'.
Saved model with best loss 1.6369 to 'data/predictions/almnps_8857/manual/ood/science/best.pt'.
[Epoch 2/50] Train completed with Micro-f1: 0.7051, Macro-f1: 0.5555, Weighted-f1: 0.6704, Loss: 1.0954
[Epoch 2/50] Evaluation completed with Micro-f1: 0.5560, Macro-f1: 0.3785, Weighted-f1: 0.5099, Loss: 1.3861
Saved models from epoch 2 to 'data/predictions/almnps_8857/manual/ood/science/newest.pt'.
Saved model with best loss 1.3861 to 'data/predictions/almnps_8857/manual/ood/science/best.pt'.
[Epoch 3/50] Train completed with Micro-f1: 0.8307, Macro-f1: 0.7279, Weighted-f1: 0.8161, Loss: 0.6741
[Epoch 3/50] Evaluation completed with Micro-f1: 0.5708, Macro-f1: 0.3950, Weighted-f1: 0.5292, Loss: 1.3407
Saved models from epoch 3 to 'data/predictions/almnps_8857/manual/ood/science/newest.pt'.
Saved model with best loss 1.3407 to 'data/predictions/almnps_8857/manual/ood/science/best.pt'.
[Epoch 4/50] Train completed with Micro-f1: 0.9015, Macro-f1: 0.8378, Weighted-f1: 0.8948, Loss: 0.4431
[Epoch 4/50] Evaluation completed with Micro-f1: 0.5806, Macro-f1: 0.4082, Weighted-f1: 0.5420, Loss: 1.3218
Saved models from epoch 4 to 'data/predictions/almnps_8857/manual/ood/science/newest.pt'.
Saved model with best loss 1.3218 to 'data/predictions/almnps_8857/manual/ood/science/best.pt'.
[Epoch 5/50] Train completed with Micro-f1: 0.9432, Macro-f1: 0.8871, Weighted-f1: 0.9374, Loss: 0.2826
[Epoch 5/50] Evaluation completed with Micro-f1: 0.5876, Macro-f1: 0.4172, Weighted-f1: 0.5532, Loss: 1.3655
Saved models from epoch 5 to 'data/predictions/almnps_8857/manual/ood/science/newest.pt'.
[Epoch 6/50] Train completed with Micro-f1: 0.9719, Macro-f1: 0.9597, Weighted-f1: 0.9715, Loss: 0.1848
[Epoch 6/50] Evaluation completed with Micro-f1: 0.5944, Macro-f1: 0.4256, Weighted-f1: 0.5613, Loss: 1.3315
Saved models from epoch 6 to 'data/predictions/almnps_8857/manual/ood/science/newest.pt'.
[Epoch 7/50] Train completed with Micro-f1: 0.9854, Macro-f1: 0.9809, Weighted-f1: 0.9848, Loss: 0.1220
[Epoch 7/50] Evaluation completed with Micro-f1: 0.5986, Macro-f1: 0.4306, Weighted-f1: 0.5664, Loss: 1.3886
Saved models from epoch 7 to 'data/predictions/almnps_8857/manual/ood/science/newest.pt'.
No improvement since 3 epochs (1.3218 loss). Early stop.
OOD training completed for test topic science after 7 epochs.
TRAINING COMPLETED with:
	Domains:		['ai', 'literature', 'music', 'news', 'politics', 'science']
	OOD validaation:	True
	Mapping type:		manual
