Saved arguments to data/predictions/single_domain/m_4012/thesaurus_affinity/all/args.json.
loading projection weights from /home/davidsule/gensim-data/word2vec-google-news-300/word2vec-google-news-300.gz
KeyedVectors lifecycle event {'msg': 'loaded (3000000, 300) matrix of type float32 from /home/davidsule/gensim-data/word2vec-google-news-300/word2vec-google-news-300.gz', 'binary': True, 'encoding': 'utf8', 'datetime': '2023-05-16T18:28:04.852043', 'gensim': '4.3.0', 'python': '3.9.16 | packaged by conda-forge | (main, Feb  1 2023, 21:39:03) \n[GCC 11.3.0]', 'platform': 'Linux-5.15.90.1-microsoft-standard-WSL2-x86_64-with-glibc2.31', 'event': 'load_word2vec_format'}
Saved category mapping to data/predictions/single_domain/m_4012/thesaurus_affinity/all/entity2category_mapping.json.
Loaded category mapping: thesaurus_affinity.
Loaded <torch.utils.data.dataloader.DataLoader object at 0x7f2b1fa174f0> (train).
Loaded <torch.utils.data.dataloader.DataLoader object at 0x7f2b1fa17cd0> (dev).
Starting training on ['music'] data.
Read data from folder data/crossre_data/
Loaded <TransformerEmbeddings: dim=768>.
Using classifier: <LinearClassifier: emb_model = <TransformerEmbeddings: dim=768>>
Using criterion: <LabelLoss: loss=XEnt>.
Optimizing using: AdamW with learning rate 2e-05.
[Epoch 1/50] Train completed with Micro-f1: 0.3132, Macro-f1: 0.1337, Weighted-f1: 0.2242, Loss: 2.2291
[Epoch 1/50] Evaluation completed with Micro-f1: 0.4559, Macro-f1: 0.2019, Weighted-f1: 0.3544, Loss: 1.8850
Saved models from epoch 1 to 'data/predictions/single_domain/m_4012/thesaurus_affinity/all/newest.pt'.
Saved model with best loss 1.8850 to 'data/predictions/single_domain/m_4012/thesaurus_affinity/all/best.pt'.
[Epoch 2/50] Train completed with Micro-f1: 0.6630, Macro-f1: 0.4136, Weighted-f1: 0.5894, Loss: 1.3303
[Epoch 2/50] Evaluation completed with Micro-f1: 0.5278, Macro-f1: 0.2777, Weighted-f1: 0.4375, Loss: 1.4901
Saved models from epoch 2 to 'data/predictions/single_domain/m_4012/thesaurus_affinity/all/newest.pt'.
Saved model with best loss 1.4901 to 'data/predictions/single_domain/m_4012/thesaurus_affinity/all/best.pt'.
[Epoch 3/50] Train completed with Micro-f1: 0.8220, Macro-f1: 0.6548, Weighted-f1: 0.7847, Loss: 0.7767
[Epoch 3/50] Evaluation completed with Micro-f1: 0.5634, Macro-f1: 0.3152, Weighted-f1: 0.4812, Loss: 1.2801
Saved models from epoch 3 to 'data/predictions/single_domain/m_4012/thesaurus_affinity/all/newest.pt'.
Saved model with best loss 1.2801 to 'data/predictions/single_domain/m_4012/thesaurus_affinity/all/best.pt'.
[Epoch 4/50] Train completed with Micro-f1: 0.9040, Macro-f1: 0.8058, Weighted-f1: 0.8912, Loss: 0.4820
[Epoch 4/50] Evaluation completed with Micro-f1: 0.5854, Macro-f1: 0.3375, Weighted-f1: 0.5096, Loss: 1.2129
Saved models from epoch 4 to 'data/predictions/single_domain/m_4012/thesaurus_affinity/all/newest.pt'.
Saved model with best loss 1.2129 to 'data/predictions/single_domain/m_4012/thesaurus_affinity/all/best.pt'.
[Epoch 5/50] Train completed with Micro-f1: 0.9297, Macro-f1: 0.8805, Weighted-f1: 0.9180, Loss: 0.3232
[Epoch 5/50] Evaluation completed with Micro-f1: 0.5994, Macro-f1: 0.3519, Weighted-f1: 0.5297, Loss: 1.2113
Saved models from epoch 5 to 'data/predictions/single_domain/m_4012/thesaurus_affinity/all/newest.pt'.
Saved model with best loss 1.2113 to 'data/predictions/single_domain/m_4012/thesaurus_affinity/all/best.pt'.
[Epoch 6/50] Train completed with Micro-f1: 0.9626, Macro-f1: 0.9182, Weighted-f1: 0.9573, Loss: 0.2298
[Epoch 6/50] Evaluation completed with Micro-f1: 0.6158, Macro-f1: 0.3693, Weighted-f1: 0.5506, Loss: 1.1614
Saved models from epoch 6 to 'data/predictions/single_domain/m_4012/thesaurus_affinity/all/newest.pt'.
Saved model with best loss 1.1614 to 'data/predictions/single_domain/m_4012/thesaurus_affinity/all/best.pt'.
[Epoch 7/50] Train completed with Micro-f1: 0.9727, Macro-f1: 0.9461, Weighted-f1: 0.9705, Loss: 0.1604
[Epoch 7/50] Evaluation completed with Micro-f1: 0.6272, Macro-f1: 0.3821, Weighted-f1: 0.5656, Loss: 1.1424
Saved models from epoch 7 to 'data/predictions/single_domain/m_4012/thesaurus_affinity/all/newest.pt'.
Saved model with best loss 1.1424 to 'data/predictions/single_domain/m_4012/thesaurus_affinity/all/best.pt'.
[Epoch 8/50] Train completed with Micro-f1: 0.9805, Macro-f1: 0.9695, Weighted-f1: 0.9806, Loss: 0.1227
[Epoch 8/50] Evaluation completed with Micro-f1: 0.6351, Macro-f1: 0.3932, Weighted-f1: 0.5759, Loss: 1.1753
Saved models from epoch 8 to 'data/predictions/single_domain/m_4012/thesaurus_affinity/all/newest.pt'.
[Epoch 9/50] Train completed with Micro-f1: 0.9802, Macro-f1: 0.9685, Weighted-f1: 0.9825, Loss: 0.1051
[Epoch 9/50] Evaluation completed with Micro-f1: 0.6412, Macro-f1: 0.3993, Weighted-f1: 0.5841, Loss: 1.1965
Saved models from epoch 9 to 'data/predictions/single_domain/m_4012/thesaurus_affinity/all/newest.pt'.
[Epoch 10/50] Train completed with Micro-f1: 0.9883, Macro-f1: 0.9837, Weighted-f1: 0.9881, Loss: 0.0856
[Epoch 10/50] Evaluation completed with Micro-f1: 0.6479, Macro-f1: 0.4081, Weighted-f1: 0.5928, Loss: 1.1850
Saved models from epoch 10 to 'data/predictions/single_domain/m_4012/thesaurus_affinity/all/newest.pt'.
No improvement since 3 epochs (1.1424 loss). Early stop.
Training completed after 10 epochs.
TRAINING COMPLETED with:
	Domains:		['music']
	OOD validaation:	False
	Mapping type:		thesaurus_affinity
