Saved arguments to data/predictions/single_domain/l_5096/topological/all/args.json.
Saved category mapping to data/predictions/single_domain/l_5096/topological/all/entity2category_mapping.json.
Loaded category mapping: topological.
Loaded <torch.utils.data.dataloader.DataLoader object at 0x7f2cf7b257c0> (train).
Loaded <torch.utils.data.dataloader.DataLoader object at 0x7f2cf7b25370> (dev).
Starting training on ['literature'] data.
Read data from folder data/crossre_data/
Loaded <TransformerEmbeddings: dim=768>.
Using classifier: <LinearClassifier: emb_model = <TransformerEmbeddings: dim=768>>
Using criterion: <LabelLoss: loss=XEnt>.
Optimizing using: AdamW with learning rate 2e-05.
[Epoch 1/50] Train completed with Micro-f1: 0.2378, Macro-f1: 0.0779, Weighted-f1: 0.1470, Loss: 2.5647
[Epoch 1/50] Evaluation completed with Micro-f1: 0.2296, Macro-f1: 0.0696, Weighted-f1: 0.1330, Loss: 2.3823
Saved models from epoch 1 to 'data/predictions/single_domain/l_5096/topological/all/newest.pt'.
Saved model with best loss 2.3823 to 'data/predictions/single_domain/l_5096/topological/all/best.pt'.
[Epoch 2/50] Train completed with Micro-f1: 0.4055, Macro-f1: 0.1751, Weighted-f1: 0.3000, Loss: 1.9710
[Epoch 2/50] Evaluation completed with Micro-f1: 0.3068, Macro-f1: 0.1291, Weighted-f1: 0.2223, Loss: 2.0882
Saved models from epoch 2 to 'data/predictions/single_domain/l_5096/topological/all/newest.pt'.
Saved model with best loss 2.0882 to 'data/predictions/single_domain/l_5096/topological/all/best.pt'.
[Epoch 3/50] Train completed with Micro-f1: 0.6400, Macro-f1: 0.4417, Weighted-f1: 0.5785, Loss: 1.4744
[Epoch 3/50] Evaluation completed with Micro-f1: 0.3561, Macro-f1: 0.1685, Weighted-f1: 0.2754, Loss: 1.8675
Saved models from epoch 3 to 'data/predictions/single_domain/l_5096/topological/all/newest.pt'.
Saved model with best loss 1.8675 to 'data/predictions/single_domain/l_5096/topological/all/best.pt'.
[Epoch 4/50] Train completed with Micro-f1: 0.7659, Macro-f1: 0.6097, Weighted-f1: 0.7318, Loss: 1.0689
[Epoch 4/50] Evaluation completed with Micro-f1: 0.3948, Macro-f1: 0.2051, Weighted-f1: 0.3224, Loss: 1.7200
Saved models from epoch 4 to 'data/predictions/single_domain/l_5096/topological/all/newest.pt'.
Saved model with best loss 1.7200 to 'data/predictions/single_domain/l_5096/topological/all/best.pt'.
[Epoch 5/50] Train completed with Micro-f1: 0.8499, Macro-f1: 0.7210, Weighted-f1: 0.8180, Loss: 0.7910
[Epoch 5/50] Evaluation completed with Micro-f1: 0.4194, Macro-f1: 0.2285, Weighted-f1: 0.3513, Loss: 1.6567
Saved models from epoch 5 to 'data/predictions/single_domain/l_5096/topological/all/newest.pt'.
Saved model with best loss 1.6567 to 'data/predictions/single_domain/l_5096/topological/all/best.pt'.
[Epoch 6/50] Train completed with Micro-f1: 0.8979, Macro-f1: 0.8196, Weighted-f1: 0.8798, Loss: 0.5894
[Epoch 6/50] Evaluation completed with Micro-f1: 0.4385, Macro-f1: 0.2471, Weighted-f1: 0.3742, Loss: 1.6158
Saved models from epoch 6 to 'data/predictions/single_domain/l_5096/topological/all/newest.pt'.
Saved model with best loss 1.6158 to 'data/predictions/single_domain/l_5096/topological/all/best.pt'.
[Epoch 7/50] Train completed with Micro-f1: 0.9209, Macro-f1: 0.8494, Weighted-f1: 0.9121, Loss: 0.4459
[Epoch 7/50] Evaluation completed with Micro-f1: 0.4525, Macro-f1: 0.2608, Weighted-f1: 0.3909, Loss: 1.5817
Saved models from epoch 7 to 'data/predictions/single_domain/l_5096/topological/all/newest.pt'.
Saved model with best loss 1.5817 to 'data/predictions/single_domain/l_5096/topological/all/best.pt'.
[Epoch 8/50] Train completed with Micro-f1: 0.9484, Macro-f1: 0.8828, Weighted-f1: 0.9361, Loss: 0.3397
[Epoch 8/50] Evaluation completed with Micro-f1: 0.4660, Macro-f1: 0.2735, Weighted-f1: 0.4073, Loss: 1.5151
Saved models from epoch 8 to 'data/predictions/single_domain/l_5096/topological/all/newest.pt'.
Saved model with best loss 1.5151 to 'data/predictions/single_domain/l_5096/topological/all/best.pt'.
[Epoch 9/50] Train completed with Micro-f1: 0.9832, Macro-f1: 0.9665, Weighted-f1: 0.9805, Loss: 0.2576
[Epoch 9/50] Evaluation completed with Micro-f1: 0.4752, Macro-f1: 0.2825, Weighted-f1: 0.4185, Loss: 1.5642
Saved models from epoch 9 to 'data/predictions/single_domain/l_5096/topological/all/newest.pt'.
[Epoch 10/50] Train completed with Micro-f1: 0.9904, Macro-f1: 0.9673, Weighted-f1: 0.9882, Loss: 0.2012
[Epoch 10/50] Evaluation completed with Micro-f1: 0.4845, Macro-f1: 0.2914, Weighted-f1: 0.4288, Loss: 1.5057
Saved models from epoch 10 to 'data/predictions/single_domain/l_5096/topological/all/newest.pt'.
Saved model with best loss 1.5057 to 'data/predictions/single_domain/l_5096/topological/all/best.pt'.
[Epoch 11/50] Train completed with Micro-f1: 1.0000, Macro-f1: 1.0000, Weighted-f1: 1.0000, Loss: 0.1528
[Epoch 11/50] Evaluation completed with Micro-f1: 0.4915, Macro-f1: 0.2973, Weighted-f1: 0.4374, Loss: 1.5368
Saved models from epoch 11 to 'data/predictions/single_domain/l_5096/topological/all/newest.pt'.
[Epoch 12/50] Train completed with Micro-f1: 1.0000, Macro-f1: 1.0000, Weighted-f1: 1.0000, Loss: 0.1232
[Epoch 12/50] Evaluation completed with Micro-f1: 0.4973, Macro-f1: 0.3038, Weighted-f1: 0.4448, Loss: 1.5092
Saved models from epoch 12 to 'data/predictions/single_domain/l_5096/topological/all/newest.pt'.
[Epoch 13/50] Train completed with Micro-f1: 1.0000, Macro-f1: 1.0000, Weighted-f1: 1.0000, Loss: 0.1018
[Epoch 13/50] Evaluation completed with Micro-f1: 0.5022, Macro-f1: 0.3082, Weighted-f1: 0.4509, Loss: 1.5220
Saved models from epoch 13 to 'data/predictions/single_domain/l_5096/topological/all/newest.pt'.
No improvement since 3 epochs (1.5057 loss). Early stop.
Training completed after 13 epochs.
TRAINING COMPLETED with:
	Domains:		['literature']
	OOD validaation:	False
	Mapping type:		topological
