Saved arguments to data/predictions/single_domain/l_9908/manual/all/args.json.
Saved category mapping to data/predictions/single_domain/l_9908/manual/all/entity2category_mapping.json.
Loaded category mapping: manual.
Loaded <torch.utils.data.dataloader.DataLoader object at 0x7fc9c90f6fd0> (train).
Loaded <torch.utils.data.dataloader.DataLoader object at 0x7fc9c90ff6d0> (dev).
Starting training on ['literature'] data.
Read data from folder data/crossre_data/
Loaded <TransformerEmbeddings: dim=768>.
Using classifier: <LinearClassifier: emb_model = <TransformerEmbeddings: dim=768>>
Using criterion: <LabelLoss: loss=XEnt>.
Optimizing using: AdamW with learning rate 2e-05.
[Epoch 1/50] Train completed with Micro-f1: 0.1823, Macro-f1: 0.0746, Weighted-f1: 0.1364, Loss: 2.6191
[Epoch 1/50] Evaluation completed with Micro-f1: 0.2034, Macro-f1: 0.0616, Weighted-f1: 0.1150, Loss: 2.3663
Saved models from epoch 1 to 'data/predictions/single_domain/l_9908/manual/all/newest.pt'.
Saved model with best loss 2.3663 to 'data/predictions/single_domain/l_9908/manual/all/best.pt'.
[Epoch 2/50] Train completed with Micro-f1: 0.3863, Macro-f1: 0.1791, Weighted-f1: 0.2708, Loss: 1.9366
[Epoch 2/50] Evaluation completed with Micro-f1: 0.3080, Macro-f1: 0.1386, Weighted-f1: 0.2244, Loss: 2.0648
Saved models from epoch 2 to 'data/predictions/single_domain/l_9908/manual/all/newest.pt'.
Saved model with best loss 2.0648 to 'data/predictions/single_domain/l_9908/manual/all/best.pt'.
[Epoch 3/50] Train completed with Micro-f1: 0.6734, Macro-f1: 0.4747, Weighted-f1: 0.6238, Loss: 1.4027
[Epoch 3/50] Evaluation completed with Micro-f1: 0.3801, Macro-f1: 0.1943, Weighted-f1: 0.3056, Loss: 1.7999
Saved models from epoch 3 to 'data/predictions/single_domain/l_9908/manual/all/newest.pt'.
Saved model with best loss 1.7999 to 'data/predictions/single_domain/l_9908/manual/all/best.pt'.
[Epoch 4/50] Train completed with Micro-f1: 0.7541, Macro-f1: 0.5826, Weighted-f1: 0.7051, Loss: 1.0324
[Epoch 4/50] Evaluation completed with Micro-f1: 0.4195, Macro-f1: 0.2240, Weighted-f1: 0.3485, Loss: 1.6655
Saved models from epoch 4 to 'data/predictions/single_domain/l_9908/manual/all/newest.pt'.
Saved model with best loss 1.6655 to 'data/predictions/single_domain/l_9908/manual/all/best.pt'.
[Epoch 5/50] Train completed with Micro-f1: 0.8365, Macro-f1: 0.6946, Weighted-f1: 0.8039, Loss: 0.7358
[Epoch 5/50] Evaluation completed with Micro-f1: 0.4440, Macro-f1: 0.2460, Weighted-f1: 0.3782, Loss: 1.5922
Saved models from epoch 5 to 'data/predictions/single_domain/l_9908/manual/all/newest.pt'.
Saved model with best loss 1.5922 to 'data/predictions/single_domain/l_9908/manual/all/best.pt'.
[Epoch 6/50] Train completed with Micro-f1: 0.9183, Macro-f1: 0.8208, Weighted-f1: 0.9008, Loss: 0.5456
[Epoch 6/50] Evaluation completed with Micro-f1: 0.4618, Macro-f1: 0.2632, Weighted-f1: 0.3969, Loss: 1.5385
Saved models from epoch 6 to 'data/predictions/single_domain/l_9908/manual/all/newest.pt'.
Saved model with best loss 1.5385 to 'data/predictions/single_domain/l_9908/manual/all/best.pt'.
[Epoch 7/50] Train completed with Micro-f1: 0.9591, Macro-f1: 0.9015, Weighted-f1: 0.9488, Loss: 0.4047
[Epoch 7/50] Evaluation completed with Micro-f1: 0.4787, Macro-f1: 0.2796, Weighted-f1: 0.4157, Loss: 1.4643
Saved models from epoch 7 to 'data/predictions/single_domain/l_9908/manual/all/newest.pt'.
Saved model with best loss 1.4643 to 'data/predictions/single_domain/l_9908/manual/all/best.pt'.
[Epoch 8/50] Train completed with Micro-f1: 0.9591, Macro-f1: 0.9028, Weighted-f1: 0.9491, Loss: 0.3053
[Epoch 8/50] Evaluation completed with Micro-f1: 0.4910, Macro-f1: 0.2904, Weighted-f1: 0.4293, Loss: 1.4772
Saved models from epoch 8 to 'data/predictions/single_domain/l_9908/manual/all/newest.pt'.
[Epoch 9/50] Train completed with Micro-f1: 0.9904, Macro-f1: 0.9680, Weighted-f1: 0.9866, Loss: 0.2389
[Epoch 9/50] Evaluation completed with Micro-f1: 0.4990, Macro-f1: 0.2984, Weighted-f1: 0.4382, Loss: 1.4868
Saved models from epoch 9 to 'data/predictions/single_domain/l_9908/manual/all/newest.pt'.
[Epoch 10/50] Train completed with Micro-f1: 0.9917, Macro-f1: 0.9819, Weighted-f1: 0.9885, Loss: 0.1832
[Epoch 10/50] Evaluation completed with Micro-f1: 0.5070, Macro-f1: 0.3063, Weighted-f1: 0.4469, Loss: 1.4561
Saved models from epoch 10 to 'data/predictions/single_domain/l_9908/manual/all/newest.pt'.
Saved model with best loss 1.4561 to 'data/predictions/single_domain/l_9908/manual/all/best.pt'.
[Epoch 11/50] Train completed with Micro-f1: 0.9976, Macro-f1: 0.9931, Weighted-f1: 0.9965, Loss: 0.1419
[Epoch 11/50] Evaluation completed with Micro-f1: 0.5125, Macro-f1: 0.3120, Weighted-f1: 0.4534, Loss: 1.4762
Saved models from epoch 11 to 'data/predictions/single_domain/l_9908/manual/all/newest.pt'.
[Epoch 12/50] Train completed with Micro-f1: 1.0000, Macro-f1: 1.0000, Weighted-f1: 1.0000, Loss: 0.1168
[Epoch 12/50] Evaluation completed with Micro-f1: 0.5190, Macro-f1: 0.3186, Weighted-f1: 0.4602, Loss: 1.4182
Saved models from epoch 12 to 'data/predictions/single_domain/l_9908/manual/all/newest.pt'.
Saved model with best loss 1.4182 to 'data/predictions/single_domain/l_9908/manual/all/best.pt'.
[Epoch 13/50] Train completed with Micro-f1: 1.0000, Macro-f1: 1.0000, Weighted-f1: 1.0000, Loss: 0.0962
[Epoch 13/50] Evaluation completed with Micro-f1: 0.5245, Macro-f1: 0.3241, Weighted-f1: 0.4663, Loss: 1.4142
Saved models from epoch 13 to 'data/predictions/single_domain/l_9908/manual/all/newest.pt'.
Saved model with best loss 1.4142 to 'data/predictions/single_domain/l_9908/manual/all/best.pt'.
[Epoch 14/50] Train completed with Micro-f1: 1.0000, Macro-f1: 1.0000, Weighted-f1: 1.0000, Loss: 0.0770
[Epoch 14/50] Evaluation completed with Micro-f1: 0.5288, Macro-f1: 0.3288, Weighted-f1: 0.4708, Loss: 1.4747
Saved models from epoch 14 to 'data/predictions/single_domain/l_9908/manual/all/newest.pt'.
[Epoch 15/50] Train completed with Micro-f1: 1.0000, Macro-f1: 1.0000, Weighted-f1: 1.0000, Loss: 0.0628
[Epoch 15/50] Evaluation completed with Micro-f1: 0.5327, Macro-f1: 0.3326, Weighted-f1: 0.4749, Loss: 1.4445
Saved models from epoch 15 to 'data/predictions/single_domain/l_9908/manual/all/newest.pt'.
[Epoch 16/50] Train completed with Micro-f1: 1.0000, Macro-f1: 1.0000, Weighted-f1: 1.0000, Loss: 0.0550
[Epoch 16/50] Evaluation completed with Micro-f1: 0.5359, Macro-f1: 0.3356, Weighted-f1: 0.4785, Loss: 1.4895
Saved models from epoch 16 to 'data/predictions/single_domain/l_9908/manual/all/newest.pt'.
No improvement since 3 epochs (1.4142 loss). Early stop.
Training completed after 16 epochs.
TRAINING COMPLETED with:
	Domains:		['literature']
	OOD validaation:	False
	Mapping type:		manual
