Saved arguments to data/predictions/single_domain/s_8878/thesaurus_affinity/all/args.json.
loading projection weights from /home/davidsule/gensim-data/word2vec-google-news-300/word2vec-google-news-300.gz
KeyedVectors lifecycle event {'msg': 'loaded (3000000, 300) matrix of type float32 from /home/davidsule/gensim-data/word2vec-google-news-300/word2vec-google-news-300.gz', 'binary': True, 'encoding': 'utf8', 'datetime': '2023-05-17T01:18:36.572965', 'gensim': '4.3.0', 'python': '3.9.16 | packaged by conda-forge | (main, Feb  1 2023, 21:39:03) \n[GCC 11.3.0]', 'platform': 'Linux-5.15.90.1-microsoft-standard-WSL2-x86_64-with-glibc2.31', 'event': 'load_word2vec_format'}
Saved category mapping to data/predictions/single_domain/s_8878/thesaurus_affinity/all/entity2category_mapping.json.
Loaded category mapping: thesaurus_affinity.
Loaded <torch.utils.data.dataloader.DataLoader object at 0x7f8afb7d3460> (train).
Loaded <torch.utils.data.dataloader.DataLoader object at 0x7f8afb7d3e50> (dev).
Starting training on ['science'] data.
Read data from folder data/crossre_data/
Loaded <TransformerEmbeddings: dim=768>.
Using classifier: <LinearClassifier: emb_model = <TransformerEmbeddings: dim=768>>
Using criterion: <LabelLoss: loss=XEnt>.
Optimizing using: AdamW with learning rate 2e-05.
[Epoch 1/50] Train completed with Micro-f1: 0.3064, Macro-f1: 0.1538, Weighted-f1: 0.2445, Loss: 2.5550
[Epoch 1/50] Evaluation completed with Micro-f1: 0.1688, Macro-f1: 0.0575, Weighted-f1: 0.0893, Loss: 2.5652
Saved models from epoch 1 to 'data/predictions/single_domain/s_8878/thesaurus_affinity/all/newest.pt'.
Saved model with best loss 2.5652 to 'data/predictions/single_domain/s_8878/thesaurus_affinity/all/best.pt'.
[Epoch 2/50] Train completed with Micro-f1: 0.4036, Macro-f1: 0.2567, Weighted-f1: 0.3348, Loss: 1.9797
[Epoch 2/50] Evaluation completed with Micro-f1: 0.2008, Macro-f1: 0.0846, Weighted-f1: 0.1333, Loss: 2.4652
Saved models from epoch 2 to 'data/predictions/single_domain/s_8878/thesaurus_affinity/all/newest.pt'.
Saved model with best loss 2.4652 to 'data/predictions/single_domain/s_8878/thesaurus_affinity/all/best.pt'.
[Epoch 3/50] Train completed with Micro-f1: 0.7135, Macro-f1: 0.5565, Weighted-f1: 0.6681, Loss: 1.3558
[Epoch 3/50] Evaluation completed with Micro-f1: 0.2191, Macro-f1: 0.1042, Weighted-f1: 0.1572, Loss: 2.3331
Saved models from epoch 3 to 'data/predictions/single_domain/s_8878/thesaurus_affinity/all/newest.pt'.
Saved model with best loss 2.3331 to 'data/predictions/single_domain/s_8878/thesaurus_affinity/all/best.pt'.
[Epoch 4/50] Train completed with Micro-f1: 0.7101, Macro-f1: 0.5427, Weighted-f1: 0.6654, Loss: 1.0261
[Epoch 4/50] Evaluation completed with Micro-f1: 0.2437, Macro-f1: 0.1242, Weighted-f1: 0.1857, Loss: 2.2315
Saved models from epoch 4 to 'data/predictions/single_domain/s_8878/thesaurus_affinity/all/newest.pt'.
Saved model with best loss 2.2315 to 'data/predictions/single_domain/s_8878/thesaurus_affinity/all/best.pt'.
[Epoch 5/50] Train completed with Micro-f1: 0.8542, Macro-f1: 0.7593, Weighted-f1: 0.8312, Loss: 0.7242
[Epoch 5/50] Evaluation completed with Micro-f1: 0.2662, Macro-f1: 0.1471, Weighted-f1: 0.2126, Loss: 2.1568
Saved models from epoch 5 to 'data/predictions/single_domain/s_8878/thesaurus_affinity/all/newest.pt'.
Saved model with best loss 2.1568 to 'data/predictions/single_domain/s_8878/thesaurus_affinity/all/best.pt'.
[Epoch 6/50] Train completed with Micro-f1: 0.9010, Macro-f1: 0.8393, Weighted-f1: 0.8825, Loss: 0.5281
[Epoch 6/50] Evaluation completed with Micro-f1: 0.2828, Macro-f1: 0.1637, Weighted-f1: 0.2321, Loss: 2.1294
Saved models from epoch 6 to 'data/predictions/single_domain/s_8878/thesaurus_affinity/all/newest.pt'.
Saved model with best loss 2.1294 to 'data/predictions/single_domain/s_8878/thesaurus_affinity/all/best.pt'.
[Epoch 7/50] Train completed with Micro-f1: 0.9427, Macro-f1: 0.8864, Weighted-f1: 0.9305, Loss: 0.4234
[Epoch 7/50] Evaluation completed with Micro-f1: 0.2945, Macro-f1: 0.1750, Weighted-f1: 0.2464, Loss: 2.1236
Saved models from epoch 7 to 'data/predictions/single_domain/s_8878/thesaurus_affinity/all/newest.pt'.
Saved model with best loss 2.1236 to 'data/predictions/single_domain/s_8878/thesaurus_affinity/all/best.pt'.
[Epoch 8/50] Train completed with Micro-f1: 0.9609, Macro-f1: 0.9348, Weighted-f1: 0.9576, Loss: 0.3286
[Epoch 8/50] Evaluation completed with Micro-f1: 0.3046, Macro-f1: 0.1849, Weighted-f1: 0.2592, Loss: 2.0983
Saved models from epoch 8 to 'data/predictions/single_domain/s_8878/thesaurus_affinity/all/newest.pt'.
Saved model with best loss 2.0983 to 'data/predictions/single_domain/s_8878/thesaurus_affinity/all/best.pt'.
[Epoch 9/50] Train completed with Micro-f1: 0.9792, Macro-f1: 0.9541, Weighted-f1: 0.9760, Loss: 0.2412
[Epoch 9/50] Evaluation completed with Micro-f1: 0.3137, Macro-f1: 0.1928, Weighted-f1: 0.2705, Loss: 2.0680
Saved models from epoch 9 to 'data/predictions/single_domain/s_8878/thesaurus_affinity/all/newest.pt'.
Saved model with best loss 2.0680 to 'data/predictions/single_domain/s_8878/thesaurus_affinity/all/best.pt'.
[Epoch 10/50] Train completed with Micro-f1: 0.9818, Macro-f1: 0.9645, Weighted-f1: 0.9778, Loss: 0.2103
[Epoch 10/50] Evaluation completed with Micro-f1: 0.3211, Macro-f1: 0.1991, Weighted-f1: 0.2798, Loss: 2.0816
Saved models from epoch 10 to 'data/predictions/single_domain/s_8878/thesaurus_affinity/all/newest.pt'.
[Epoch 11/50] Train completed with Micro-f1: 0.9974, Macro-f1: 0.9833, Weighted-f1: 0.9974, Loss: 0.1583
[Epoch 11/50] Evaluation completed with Micro-f1: 0.3271, Macro-f1: 0.2048, Weighted-f1: 0.2877, Loss: 2.1005
Saved models from epoch 11 to 'data/predictions/single_domain/s_8878/thesaurus_affinity/all/newest.pt'.
[Epoch 12/50] Train completed with Micro-f1: 0.9974, Macro-f1: 0.9872, Weighted-f1: 0.9974, Loss: 0.1282
[Epoch 12/50] Evaluation completed with Micro-f1: 0.3325, Macro-f1: 0.2095, Weighted-f1: 0.2949, Loss: 2.1041
Saved models from epoch 12 to 'data/predictions/single_domain/s_8878/thesaurus_affinity/all/newest.pt'.
No improvement since 3 epochs (2.0680 loss). Early stop.
Training completed after 12 epochs.
TRAINING COMPLETED with:
	Domains:		['science']
	OOD validaation:	False
	Mapping type:		thesaurus_affinity
