Saved arguments to data/predictions/single_domain/n_9908/thesaurus_affinity/all/args.json.
loading projection weights from /home/davidsule/gensim-data/word2vec-google-news-300/word2vec-google-news-300.gz
KeyedVectors lifecycle event {'msg': 'loaded (3000000, 300) matrix of type float32 from /home/davidsule/gensim-data/word2vec-google-news-300/word2vec-google-news-300.gz', 'binary': True, 'encoding': 'utf8', 'datetime': '2023-05-17T14:17:23.545300', 'gensim': '4.3.0', 'python': '3.9.16 | packaged by conda-forge | (main, Feb  1 2023, 21:39:03) \n[GCC 11.3.0]', 'platform': 'Linux-5.15.90.1-microsoft-standard-WSL2-x86_64-with-glibc2.31', 'event': 'load_word2vec_format'}
Saved category mapping to data/predictions/single_domain/n_9908/thesaurus_affinity/all/entity2category_mapping.json.
Loaded category mapping: thesaurus_affinity.
Loaded <torch.utils.data.dataloader.DataLoader object at 0x7f8b165ae610> (train).
Loaded <torch.utils.data.dataloader.DataLoader object at 0x7f8b165ae520> (dev).
Starting training on ['news'] data.
Read data from folder data/crossre_data/
Loaded <TransformerEmbeddings: dim=768>.
Using classifier: <LinearClassifier: emb_model = <TransformerEmbeddings: dim=768>>
Using criterion: <LabelLoss: loss=XEnt>.
Optimizing using: AdamW with learning rate 2e-05.
[Epoch 1/50] Train completed with Micro-f1: 0.2007, Macro-f1: 0.0941, Weighted-f1: 0.1767, Loss: 2.6375
[Epoch 1/50] Evaluation completed with Micro-f1: 0.1656, Macro-f1: 0.0673, Weighted-f1: 0.1320, Loss: 2.5718
Saved models from epoch 1 to 'data/predictions/single_domain/n_9908/thesaurus_affinity/all/newest.pt'.
Saved model with best loss 2.5718 to 'data/predictions/single_domain/n_9908/thesaurus_affinity/all/best.pt'.
[Epoch 2/50] Train completed with Micro-f1: 0.3844, Macro-f1: 0.1366, Weighted-f1: 0.2792, Loss: 2.0350
[Epoch 2/50] Evaluation completed with Micro-f1: 0.1885, Macro-f1: 0.0737, Weighted-f1: 0.1239, Loss: 2.3251
Saved models from epoch 2 to 'data/predictions/single_domain/n_9908/thesaurus_affinity/all/newest.pt'.
Saved model with best loss 2.3251 to 'data/predictions/single_domain/n_9908/thesaurus_affinity/all/best.pt'.
[Epoch 3/50] Train completed with Micro-f1: 0.4743, Macro-f1: 0.2150, Weighted-f1: 0.3750, Loss: 1.6943
[Epoch 3/50] Evaluation completed with Micro-f1: 0.1990, Macro-f1: 0.0820, Weighted-f1: 0.1340, Loss: 2.3262
Saved models from epoch 3 to 'data/predictions/single_domain/n_9908/thesaurus_affinity/all/newest.pt'.
[Epoch 4/50] Train completed with Micro-f1: 0.5778, Macro-f1: 0.3061, Weighted-f1: 0.4994, Loss: 1.4450
[Epoch 4/50] Evaluation completed with Micro-f1: 0.2104, Macro-f1: 0.1000, Weighted-f1: 0.1529, Loss: 2.3393
Saved models from epoch 4 to 'data/predictions/single_domain/n_9908/thesaurus_affinity/all/newest.pt'.
[Epoch 5/50] Train completed with Micro-f1: 0.7250, Macro-f1: 0.4653, Weighted-f1: 0.6851, Loss: 1.1986
[Epoch 5/50] Evaluation completed with Micro-f1: 0.2196, Macro-f1: 0.1089, Weighted-f1: 0.1627, Loss: 2.3786
Saved models from epoch 5 to 'data/predictions/single_domain/n_9908/thesaurus_affinity/all/newest.pt'.
No improvement since 3 epochs (2.3251 loss). Early stop.
Training completed after 5 epochs.
TRAINING COMPLETED with:
	Domains:		['news']
	OOD validaation:	False
	Mapping type:		thesaurus_affinity
