Saved arguments to data/predictions/single_domain/n_5096/no_mapping/all/args.json.
Saved category mapping to data/predictions/single_domain/n_5096/no_mapping/all/entity2category_mapping.json.
Loaded category mapping: no_mapping.
Loaded <torch.utils.data.dataloader.DataLoader object at 0x7f26288801c0> (train).
Loaded <torch.utils.data.dataloader.DataLoader object at 0x7f2628880700> (dev).
Starting training on ['news'] data.
Read data from folder data/crossre_data/
Loaded <TransformerEmbeddings: dim=768>.
Using classifier: <LinearClassifier: emb_model = <TransformerEmbeddings: dim=768>>
Using criterion: <LabelLoss: loss=XEnt>.
Optimizing using: AdamW with learning rate 2e-05.
[Epoch 1/50] Train completed with Micro-f1: 0.3128, Macro-f1: 0.1795, Weighted-f1: 0.2859, Loss: 2.5730
[Epoch 1/50] Evaluation completed with Micro-f1: 0.2865, Macro-f1: 0.1537, Weighted-f1: 0.2495, Loss: 2.5089
Saved models from epoch 1 to 'data/predictions/single_domain/n_5096/no_mapping/all/newest.pt'.
Saved model with best loss 2.5089 to 'data/predictions/single_domain/n_5096/no_mapping/all/best.pt'.
[Epoch 2/50] Train completed with Micro-f1: 0.3785, Macro-f1: 0.1714, Weighted-f1: 0.2962, Loss: 1.9874
[Epoch 2/50] Evaluation completed with Micro-f1: 0.2714, Macro-f1: 0.1299, Weighted-f1: 0.2193, Loss: 2.2285
Saved models from epoch 2 to 'data/predictions/single_domain/n_5096/no_mapping/all/newest.pt'.
Saved model with best loss 2.2285 to 'data/predictions/single_domain/n_5096/no_mapping/all/best.pt'.
[Epoch 3/50] Train completed with Micro-f1: 0.4854, Macro-f1: 0.2050, Weighted-f1: 0.3686, Loss: 1.6348
[Epoch 3/50] Evaluation completed with Micro-f1: 0.3069, Macro-f1: 0.1617, Weighted-f1: 0.2529, Loss: 2.1960
Saved models from epoch 3 to 'data/predictions/single_domain/n_5096/no_mapping/all/newest.pt'.
Saved model with best loss 2.1960 to 'data/predictions/single_domain/n_5096/no_mapping/all/best.pt'.
[Epoch 4/50] Train completed with Micro-f1: 0.6344, Macro-f1: 0.3846, Weighted-f1: 0.5622, Loss: 1.4292
[Epoch 4/50] Evaluation completed with Micro-f1: 0.3018, Macro-f1: 0.1651, Weighted-f1: 0.2485, Loss: 2.2875
Saved models from epoch 4 to 'data/predictions/single_domain/n_5096/no_mapping/all/newest.pt'.
[Epoch 5/50] Train completed with Micro-f1: 0.7056, Macro-f1: 0.4347, Weighted-f1: 0.6523, Loss: 1.1803
[Epoch 5/50] Evaluation completed with Micro-f1: 0.3046, Macro-f1: 0.1706, Weighted-f1: 0.2550, Loss: 2.3255
Saved models from epoch 5 to 'data/predictions/single_domain/n_5096/no_mapping/all/newest.pt'.
[Epoch 6/50] Train completed with Micro-f1: 0.7635, Macro-f1: 0.5217, Weighted-f1: 0.7110, Loss: 0.9565
[Epoch 6/50] Evaluation completed with Micro-f1: 0.2993, Macro-f1: 0.1697, Weighted-f1: 0.2507, Loss: 2.3528
Saved models from epoch 6 to 'data/predictions/single_domain/n_5096/no_mapping/all/newest.pt'.
No improvement since 3 epochs (2.1960 loss). Early stop.
Training completed after 6 epochs.
TRAINING COMPLETED with:
	Domains:		['news']
	OOD validaation:	False
	Mapping type:		None
