Saved arguments to data/predictions\almnps_8878\topological\all\args.json.
Saved category mapping to data/predictions\almnps_8878\topological\all\entity2category_mapping.json.
Loaded category mapping: topological.
Loaded <torch.utils.data.dataloader.DataLoader object at 0x000002571261C460> (train).
Loaded <torch.utils.data.dataloader.DataLoader object at 0x000002571151A130> (dev).
Starting training on ['ai', 'literature', 'music', 'news', 'politics', 'science'] data.
Read data from folder data/crossre_data/
Loaded <TransformerEmbeddings: dim=768>.
Using classifier: <LinearClassifier: emb_model = <TransformerEmbeddings: dim=768>>
Using criterion: <LabelLoss: loss=XEnt>.
Optimizing using: AdamW with learning rate 2e-05.
[Epoch 1/50] Train completed with Micro-f1: 0.3893, Macro-f1: 0.2396, Weighted-f1: 0.3344, Loss: 2.0915
[Epoch 1/50] Evaluation completed with Micro-f1: 0.5100, Macro-f1: 0.3414, Weighted-f1: 0.4597, Loss: 1.6585
Saved models from epoch 1 to 'data/predictions\almnps_8878\topological\all\newest.pt'.
Saved model with best loss 1.6585 to 'data/predictions\almnps_8878\topological\all\best.pt'.
[Epoch 2/50] Train completed with Micro-f1: 0.7140, Macro-f1: 0.5709, Weighted-f1: 0.6864, Loss: 1.0860
[Epoch 2/50] Evaluation completed with Micro-f1: 0.5407, Macro-f1: 0.3752, Weighted-f1: 0.4960, Loss: 1.4509
Saved models from epoch 2 to 'data/predictions\almnps_8878\topological\all\newest.pt'.
Saved model with best loss 1.4509 to 'data/predictions\almnps_8878\topological\all\best.pt'.
[Epoch 3/50] Train completed with Micro-f1: 0.8286, Macro-f1: 0.7284, Weighted-f1: 0.8149, Loss: 0.6829
[Epoch 3/50] Evaluation completed with Micro-f1: 0.5546, Macro-f1: 0.3930, Weighted-f1: 0.5136, Loss: 1.3795
Saved models from epoch 3 to 'data/predictions\almnps_8878\topological\all\newest.pt'.
Saved model with best loss 1.3795 to 'data/predictions\almnps_8878\topological\all\best.pt'.
[Epoch 4/50] Train completed with Micro-f1: 0.8989, Macro-f1: 0.8335, Weighted-f1: 0.8897, Loss: 0.4391
[Epoch 4/50] Evaluation completed with Micro-f1: 0.5670, Macro-f1: 0.4065, Weighted-f1: 0.5291, Loss: 1.3648
Saved models from epoch 4 to 'data/predictions\almnps_8878\topological\all\newest.pt'.
Saved model with best loss 1.3648 to 'data/predictions\almnps_8878\topological\all\best.pt'.
[Epoch 5/50] Train completed with Micro-f1: 0.9327, Macro-f1: 0.8807, Weighted-f1: 0.9267, Loss: 0.2948
[Epoch 5/50] Evaluation completed with Micro-f1: 0.5739, Macro-f1: 0.4160, Weighted-f1: 0.5387, Loss: 1.3738
Saved models from epoch 5 to 'data/predictions\almnps_8878\topological\all\newest.pt'.
[Epoch 6/50] Train completed with Micro-f1: 0.9627, Macro-f1: 0.9301, Weighted-f1: 0.9599, Loss: 0.2175
[Epoch 6/50] Evaluation completed with Micro-f1: 0.5792, Macro-f1: 0.4228, Weighted-f1: 0.5464, Loss: 1.3677
Saved models from epoch 6 to 'data/predictions\almnps_8878\topological\all\newest.pt'.
[Epoch 7/50] Train completed with Micro-f1: 0.9766, Macro-f1: 0.9587, Weighted-f1: 0.9756, Loss: 0.1452
[Epoch 7/50] Evaluation completed with Micro-f1: 0.5843, Macro-f1: 0.4294, Weighted-f1: 0.5529, Loss: 1.4135
Saved models from epoch 7 to 'data/predictions\almnps_8878\topological\all\newest.pt'.
No improvement since 3 epochs (1.3648 loss). Early stop.
Training completed after 7 epochs.
TRAINING COMPLETED with:
	Domains:		['ai', 'literature', 'music', 'news', 'politics', 'science']
	OOD validaation:	False
	Mapping type:		topological
