Saved arguments to data/predictions/single_domain/s_9908/thesaurus_affinity/all/args.json.
loading projection weights from /home/davidsule/gensim-data/word2vec-google-news-300/word2vec-google-news-300.gz
KeyedVectors lifecycle event {'msg': 'loaded (3000000, 300) matrix of type float32 from /home/davidsule/gensim-data/word2vec-google-news-300/word2vec-google-news-300.gz', 'binary': True, 'encoding': 'utf8', 'datetime': '2023-05-17T15:06:05.629428', 'gensim': '4.3.0', 'python': '3.9.16 | packaged by conda-forge | (main, Feb  1 2023, 21:39:03) \n[GCC 11.3.0]', 'platform': 'Linux-5.15.90.1-microsoft-standard-WSL2-x86_64-with-glibc2.31', 'event': 'load_word2vec_format'}
Saved category mapping to data/predictions/single_domain/s_9908/thesaurus_affinity/all/entity2category_mapping.json.
Loaded category mapping: thesaurus_affinity.
Loaded <torch.utils.data.dataloader.DataLoader object at 0x7f8cb0f41dc0> (train).
Loaded <torch.utils.data.dataloader.DataLoader object at 0x7f8cb0f41a60> (dev).
Starting training on ['science'] data.
Read data from folder data/crossre_data/
Loaded <TransformerEmbeddings: dim=768>.
Using classifier: <LinearClassifier: emb_model = <TransformerEmbeddings: dim=768>>
Using criterion: <LabelLoss: loss=XEnt>.
Optimizing using: AdamW with learning rate 2e-05.
[Epoch 1/50] Train completed with Micro-f1: 0.1997, Macro-f1: 0.0607, Weighted-f1: 0.1017, Loss: 2.6200
[Epoch 1/50] Evaluation completed with Micro-f1: 0.1566, Macro-f1: 0.0444, Weighted-f1: 0.0654, Loss: 2.5841
Saved models from epoch 1 to 'data/predictions/single_domain/s_9908/thesaurus_affinity/all/newest.pt'.
Saved model with best loss 2.5841 to 'data/predictions/single_domain/s_9908/thesaurus_affinity/all/best.pt'.
[Epoch 2/50] Train completed with Micro-f1: 0.3984, Macro-f1: 0.2399, Weighted-f1: 0.3299, Loss: 2.0030
[Epoch 2/50] Evaluation completed with Micro-f1: 0.2105, Macro-f1: 0.0809, Weighted-f1: 0.1286, Loss: 2.4044
Saved models from epoch 2 to 'data/predictions/single_domain/s_9908/thesaurus_affinity/all/newest.pt'.
Saved model with best loss 2.4044 to 'data/predictions/single_domain/s_9908/thesaurus_affinity/all/best.pt'.
[Epoch 3/50] Train completed with Micro-f1: 0.6849, Macro-f1: 0.5214, Weighted-f1: 0.6386, Loss: 1.3996
[Epoch 3/50] Evaluation completed with Micro-f1: 0.2430, Macro-f1: 0.1083, Weighted-f1: 0.1687, Loss: 2.3058
Saved models from epoch 3 to 'data/predictions/single_domain/s_9908/thesaurus_affinity/all/newest.pt'.
Saved model with best loss 2.3058 to 'data/predictions/single_domain/s_9908/thesaurus_affinity/all/best.pt'.
[Epoch 4/50] Train completed with Micro-f1: 0.7717, Macro-f1: 0.6252, Weighted-f1: 0.7275, Loss: 1.0574
[Epoch 4/50] Evaluation completed with Micro-f1: 0.2706, Macro-f1: 0.1325, Weighted-f1: 0.2029, Loss: 2.2195
Saved models from epoch 4 to 'data/predictions/single_domain/s_9908/thesaurus_affinity/all/newest.pt'.
Saved model with best loss 2.2195 to 'data/predictions/single_domain/s_9908/thesaurus_affinity/all/best.pt'.
[Epoch 5/50] Train completed with Micro-f1: 0.8090, Macro-f1: 0.6696, Weighted-f1: 0.7956, Loss: 0.8090
[Epoch 5/50] Evaluation completed with Micro-f1: 0.2876, Macro-f1: 0.1477, Weighted-f1: 0.2236, Loss: 2.1719
Saved models from epoch 5 to 'data/predictions/single_domain/s_9908/thesaurus_affinity/all/newest.pt'.
Saved model with best loss 2.1719 to 'data/predictions/single_domain/s_9908/thesaurus_affinity/all/best.pt'.
[Epoch 6/50] Train completed with Micro-f1: 0.9089, Macro-f1: 0.8186, Weighted-f1: 0.8878, Loss: 0.5539
[Epoch 6/50] Evaluation completed with Micro-f1: 0.3026, Macro-f1: 0.1630, Weighted-f1: 0.2415, Loss: 2.1390
Saved models from epoch 6 to 'data/predictions/single_domain/s_9908/thesaurus_affinity/all/newest.pt'.
Saved model with best loss 2.1390 to 'data/predictions/single_domain/s_9908/thesaurus_affinity/all/best.pt'.
[Epoch 7/50] Train completed with Micro-f1: 0.9349, Macro-f1: 0.8687, Weighted-f1: 0.9202, Loss: 0.4228
[Epoch 7/50] Evaluation completed with Micro-f1: 0.3173, Macro-f1: 0.1772, Weighted-f1: 0.2584, Loss: 2.1052
Saved models from epoch 7 to 'data/predictions/single_domain/s_9908/thesaurus_affinity/all/newest.pt'.
Saved model with best loss 2.1052 to 'data/predictions/single_domain/s_9908/thesaurus_affinity/all/best.pt'.
[Epoch 8/50] Train completed with Micro-f1: 0.9714, Macro-f1: 0.9342, Weighted-f1: 0.9649, Loss: 0.3258
[Epoch 8/50] Evaluation completed with Micro-f1: 0.3296, Macro-f1: 0.1887, Weighted-f1: 0.2731, Loss: 2.0823
Saved models from epoch 8 to 'data/predictions/single_domain/s_9908/thesaurus_affinity/all/newest.pt'.
Saved model with best loss 2.0823 to 'data/predictions/single_domain/s_9908/thesaurus_affinity/all/best.pt'.
[Epoch 9/50] Train completed with Micro-f1: 0.9661, Macro-f1: 0.9103, Weighted-f1: 0.9567, Loss: 0.2977
[Epoch 9/50] Evaluation completed with Micro-f1: 0.3385, Macro-f1: 0.1969, Weighted-f1: 0.2843, Loss: 2.0905
Saved models from epoch 9 to 'data/predictions/single_domain/s_9908/thesaurus_affinity/all/newest.pt'.
[Epoch 10/50] Train completed with Micro-f1: 0.9870, Macro-f1: 0.9670, Weighted-f1: 0.9856, Loss: 0.1995
[Epoch 10/50] Evaluation completed with Micro-f1: 0.3471, Macro-f1: 0.2053, Weighted-f1: 0.2948, Loss: 2.0562
Saved models from epoch 10 to 'data/predictions/single_domain/s_9908/thesaurus_affinity/all/newest.pt'.
Saved model with best loss 2.0562 to 'data/predictions/single_domain/s_9908/thesaurus_affinity/all/best.pt'.
[Epoch 11/50] Train completed with Micro-f1: 0.9896, Macro-f1: 0.9813, Weighted-f1: 0.9894, Loss: 0.1617
[Epoch 11/50] Evaluation completed with Micro-f1: 0.3532, Macro-f1: 0.2109, Weighted-f1: 0.3021, Loss: 2.0623
Saved models from epoch 11 to 'data/predictions/single_domain/s_9908/thesaurus_affinity/all/newest.pt'.
[Epoch 12/50] Train completed with Micro-f1: 1.0000, Macro-f1: 1.0000, Weighted-f1: 1.0000, Loss: 0.1286
[Epoch 12/50] Evaluation completed with Micro-f1: 0.3581, Macro-f1: 0.2140, Weighted-f1: 0.3081, Loss: 2.0790
Saved models from epoch 12 to 'data/predictions/single_domain/s_9908/thesaurus_affinity/all/newest.pt'.
[Epoch 13/50] Train completed with Micro-f1: 1.0000, Macro-f1: 1.0000, Weighted-f1: 1.0000, Loss: 0.1079
[Epoch 13/50] Evaluation completed with Micro-f1: 0.3632, Macro-f1: 0.2181, Weighted-f1: 0.3140, Loss: 2.0764
Saved models from epoch 13 to 'data/predictions/single_domain/s_9908/thesaurus_affinity/all/newest.pt'.
No improvement since 3 epochs (2.0562 loss). Early stop.
Training completed after 13 epochs.
TRAINING COMPLETED with:
	Domains:		['science']
	OOD validaation:	False
	Mapping type:		thesaurus_affinity
