Saved arguments to data/predictions/single_domain/p_5096/no_mapping/all/args.json.
Saved category mapping to data/predictions/single_domain/p_5096/no_mapping/all/entity2category_mapping.json.
Loaded category mapping: no_mapping.
Loaded <torch.utils.data.dataloader.DataLoader object at 0x7f95950ff280> (train).
Loaded <torch.utils.data.dataloader.DataLoader object at 0x7f95950ff880> (dev).
Starting training on ['politics'] data.
Read data from folder data/crossre_data/
Loaded <TransformerEmbeddings: dim=768>.
Using classifier: <LinearClassifier: emb_model = <TransformerEmbeddings: dim=768>>
Using criterion: <LabelLoss: loss=XEnt>.
Optimizing using: AdamW with learning rate 2e-05.
[Epoch 1/50] Train completed with Micro-f1: 0.2915, Macro-f1: 0.0743, Weighted-f1: 0.1760, Loss: 2.3337
[Epoch 1/50] Evaluation completed with Micro-f1: 0.3922, Macro-f1: 0.1113, Weighted-f1: 0.2711, Loss: 1.9678
Saved models from epoch 1 to 'data/predictions/single_domain/p_5096/no_mapping/all/newest.pt'.
Saved model with best loss 1.9678 to 'data/predictions/single_domain/p_5096/no_mapping/all/best.pt'.
[Epoch 2/50] Train completed with Micro-f1: 0.5819, Macro-f1: 0.3347, Weighted-f1: 0.4872, Loss: 1.5115
[Epoch 2/50] Evaluation completed with Micro-f1: 0.4243, Macro-f1: 0.1616, Weighted-f1: 0.3212, Loss: 1.8147
Saved models from epoch 2 to 'data/predictions/single_domain/p_5096/no_mapping/all/newest.pt'.
Saved model with best loss 1.8147 to 'data/predictions/single_domain/p_5096/no_mapping/all/best.pt'.
[Epoch 3/50] Train completed with Micro-f1: 0.7006, Macro-f1: 0.4732, Weighted-f1: 0.6403, Loss: 1.0316
[Epoch 3/50] Evaluation completed with Micro-f1: 0.4436, Macro-f1: 0.1965, Weighted-f1: 0.3542, Loss: 1.7602
Saved models from epoch 3 to 'data/predictions/single_domain/p_5096/no_mapping/all/newest.pt'.
Saved model with best loss 1.7602 to 'data/predictions/single_domain/p_5096/no_mapping/all/best.pt'.
[Epoch 4/50] Train completed with Micro-f1: 0.8246, Macro-f1: 0.6971, Weighted-f1: 0.7924, Loss: 0.7214
[Epoch 4/50] Evaluation completed with Micro-f1: 0.4582, Macro-f1: 0.2172, Weighted-f1: 0.3779, Loss: 1.7216
Saved models from epoch 4 to 'data/predictions/single_domain/p_5096/no_mapping/all/newest.pt'.
Saved model with best loss 1.7216 to 'data/predictions/single_domain/p_5096/no_mapping/all/best.pt'.
[Epoch 5/50] Train completed with Micro-f1: 0.9190, Macro-f1: 0.8289, Weighted-f1: 0.8982, Loss: 0.4998
[Epoch 5/50] Evaluation completed with Micro-f1: 0.4678, Macro-f1: 0.2315, Weighted-f1: 0.3932, Loss: 1.6991
Saved models from epoch 5 to 'data/predictions/single_domain/p_5096/no_mapping/all/newest.pt'.
Saved model with best loss 1.6991 to 'data/predictions/single_domain/p_5096/no_mapping/all/best.pt'.
[Epoch 6/50] Train completed with Micro-f1: 0.9414, Macro-f1: 0.8969, Weighted-f1: 0.9307, Loss: 0.3493
[Epoch 6/50] Evaluation completed with Micro-f1: 0.4762, Macro-f1: 0.2445, Weighted-f1: 0.4068, Loss: 1.7270
Saved models from epoch 6 to 'data/predictions/single_domain/p_5096/no_mapping/all/newest.pt'.
[Epoch 7/50] Train completed with Micro-f1: 0.9815, Macro-f1: 0.9585, Weighted-f1: 0.9779, Loss: 0.2478
[Epoch 7/50] Evaluation completed with Micro-f1: 0.4824, Macro-f1: 0.2536, Weighted-f1: 0.4166, Loss: 1.7402
Saved models from epoch 7 to 'data/predictions/single_domain/p_5096/no_mapping/all/newest.pt'.
[Epoch 8/50] Train completed with Micro-f1: 0.9902, Macro-f1: 0.9737, Weighted-f1: 0.9878, Loss: 0.1795
[Epoch 8/50] Evaluation completed with Micro-f1: 0.4874, Macro-f1: 0.2613, Weighted-f1: 0.4250, Loss: 1.7587
Saved models from epoch 8 to 'data/predictions/single_domain/p_5096/no_mapping/all/newest.pt'.
No improvement since 3 epochs (1.6991 loss). Early stop.
Training completed after 8 epochs.
TRAINING COMPLETED with:
	Domains:		['politics']
	OOD validaation:	False
	Mapping type:		None
