Saved arguments to data/predictions/single_domain/p_9908/embedding/all/args.json.
loading projection weights from /home/davidsule/gensim-data/word2vec-google-news-300/word2vec-google-news-300.gz
KeyedVectors lifecycle event {'msg': 'loaded (3000000, 300) matrix of type float32 from /home/davidsule/gensim-data/word2vec-google-news-300/word2vec-google-news-300.gz', 'binary': True, 'encoding': 'utf8', 'datetime': '2023-05-17T14:28:21.230115', 'gensim': '4.3.0', 'python': '3.9.16 | packaged by conda-forge | (main, Feb  1 2023, 21:39:03) \n[GCC 11.3.0]', 'platform': 'Linux-5.15.90.1-microsoft-standard-WSL2-x86_64-with-glibc2.31', 'event': 'load_word2vec_format'}
Saved category mapping to data/predictions/single_domain/p_9908/embedding/all/entity2category_mapping.json.
Loaded category mapping: embedding.
Loaded <torch.utils.data.dataloader.DataLoader object at 0x7f39eacd5a30> (train).
Loaded <torch.utils.data.dataloader.DataLoader object at 0x7f39eacd5f70> (dev).
Starting training on ['politics'] data.
Read data from folder data/crossre_data/
Loaded <TransformerEmbeddings: dim=768>.
Using classifier: <LinearClassifier: emb_model = <TransformerEmbeddings: dim=768>>
Using criterion: <LabelLoss: loss=XEnt>.
Optimizing using: AdamW with learning rate 2e-05.
[Epoch 1/50] Train completed with Micro-f1: 0.2797, Macro-f1: 0.0535, Weighted-f1: 0.1501, Loss: 2.3485
[Epoch 1/50] Evaluation completed with Micro-f1: 0.3946, Macro-f1: 0.0930, Weighted-f1: 0.2602, Loss: 2.0115
Saved models from epoch 1 to 'data/predictions/single_domain/p_9908/embedding/all/newest.pt'.
Saved model with best loss 2.0115 to 'data/predictions/single_domain/p_9908/embedding/all/best.pt'.
[Epoch 2/50] Train completed with Micro-f1: 0.5355, Macro-f1: 0.2868, Weighted-f1: 0.4410, Loss: 1.5797
[Epoch 2/50] Evaluation completed with Micro-f1: 0.4206, Macro-f1: 0.1452, Weighted-f1: 0.3098, Loss: 1.8588
Saved models from epoch 2 to 'data/predictions/single_domain/p_9908/embedding/all/newest.pt'.
Saved model with best loss 1.8588 to 'data/predictions/single_domain/p_9908/embedding/all/best.pt'.
[Epoch 3/50] Train completed with Micro-f1: 0.6852, Macro-f1: 0.4798, Weighted-f1: 0.6238, Loss: 1.1064
[Epoch 3/50] Evaluation completed with Micro-f1: 0.4444, Macro-f1: 0.1825, Weighted-f1: 0.3491, Loss: 1.7863
Saved models from epoch 3 to 'data/predictions/single_domain/p_9908/embedding/all/newest.pt'.
Saved model with best loss 1.7863 to 'data/predictions/single_domain/p_9908/embedding/all/best.pt'.
[Epoch 4/50] Train completed with Micro-f1: 0.8118, Macro-f1: 0.6449, Weighted-f1: 0.7773, Loss: 0.7607
[Epoch 4/50] Evaluation completed with Micro-f1: 0.4550, Macro-f1: 0.2010, Weighted-f1: 0.3680, Loss: 1.7984
Saved models from epoch 4 to 'data/predictions/single_domain/p_9908/embedding/all/newest.pt'.
[Epoch 5/50] Train completed with Micro-f1: 0.8917, Macro-f1: 0.7962, Weighted-f1: 0.8741, Loss: 0.5361
[Epoch 5/50] Evaluation completed with Micro-f1: 0.4657, Macro-f1: 0.2200, Weighted-f1: 0.3877, Loss: 1.7810
Saved models from epoch 5 to 'data/predictions/single_domain/p_9908/embedding/all/newest.pt'.
Saved model with best loss 1.7810 to 'data/predictions/single_domain/p_9908/embedding/all/best.pt'.
[Epoch 6/50] Train completed with Micro-f1: 0.9318, Macro-f1: 0.8756, Weighted-f1: 0.9210, Loss: 0.3939
[Epoch 6/50] Evaluation completed with Micro-f1: 0.4727, Macro-f1: 0.2319, Weighted-f1: 0.4005, Loss: 1.8224
Saved models from epoch 6 to 'data/predictions/single_domain/p_9908/embedding/all/newest.pt'.
[Epoch 7/50] Train completed with Micro-f1: 0.9668, Macro-f1: 0.9201, Weighted-f1: 0.9601, Loss: 0.2752
[Epoch 7/50] Evaluation completed with Micro-f1: 0.4804, Macro-f1: 0.2453, Weighted-f1: 0.4127, Loss: 1.8291
Saved models from epoch 7 to 'data/predictions/single_domain/p_9908/embedding/all/newest.pt'.
[Epoch 8/50] Train completed with Micro-f1: 0.9835, Macro-f1: 0.9647, Weighted-f1: 0.9821, Loss: 0.2008
[Epoch 8/50] Evaluation completed with Micro-f1: 0.4853, Macro-f1: 0.2526, Weighted-f1: 0.4203, Loss: 1.8511
Saved models from epoch 8 to 'data/predictions/single_domain/p_9908/embedding/all/newest.pt'.
No improvement since 3 epochs (1.7810 loss). Early stop.
Training completed after 8 epochs.
TRAINING COMPLETED with:
	Domains:		['politics']
	OOD validaation:	False
	Mapping type:		embedding
