Saved arguments to data/predictions/single_domain/s_5096/embedding/all/args.json.
loading projection weights from /home/davidsule/gensim-data/word2vec-google-news-300/word2vec-google-news-300.gz
KeyedVectors lifecycle event {'msg': 'loaded (3000000, 300) matrix of type float32 from /home/davidsule/gensim-data/word2vec-google-news-300/word2vec-google-news-300.gz', 'binary': True, 'encoding': 'utf8', 'datetime': '2023-05-16T22:41:54.779254', 'gensim': '4.3.0', 'python': '3.9.16 | packaged by conda-forge | (main, Feb  1 2023, 21:39:03) \n[GCC 11.3.0]', 'platform': 'Linux-5.15.90.1-microsoft-standard-WSL2-x86_64-with-glibc2.31', 'event': 'load_word2vec_format'}
Saved category mapping to data/predictions/single_domain/s_5096/embedding/all/entity2category_mapping.json.
Loaded category mapping: embedding.
Loaded <torch.utils.data.dataloader.DataLoader object at 0x7fb8275b1e50> (train).
Loaded <torch.utils.data.dataloader.DataLoader object at 0x7fb8275b1eb0> (dev).
Starting training on ['science'] data.
Read data from folder data/crossre_data/
Loaded <TransformerEmbeddings: dim=768>.
Using classifier: <LinearClassifier: emb_model = <TransformerEmbeddings: dim=768>>
Using criterion: <LabelLoss: loss=XEnt>.
Optimizing using: AdamW with learning rate 2e-05.
[Epoch 1/50] Train completed with Micro-f1: 0.2899, Macro-f1: 0.1490, Weighted-f1: 0.2362, Loss: 2.5049
[Epoch 1/50] Evaluation completed with Micro-f1: 0.1822, Macro-f1: 0.0725, Weighted-f1: 0.1092, Loss: 2.5480
Saved models from epoch 1 to 'data/predictions/single_domain/s_5096/embedding/all/newest.pt'.
Saved model with best loss 2.5480 to 'data/predictions/single_domain/s_5096/embedding/all/best.pt'.
[Epoch 2/50] Train completed with Micro-f1: 0.4158, Macro-f1: 0.2494, Weighted-f1: 0.3367, Loss: 1.9190
[Epoch 2/50] Evaluation completed with Micro-f1: 0.2121, Macro-f1: 0.0934, Weighted-f1: 0.1433, Loss: 2.4350
Saved models from epoch 2 to 'data/predictions/single_domain/s_5096/embedding/all/newest.pt'.
Saved model with best loss 2.4350 to 'data/predictions/single_domain/s_5096/embedding/all/best.pt'.
[Epoch 3/50] Train completed with Micro-f1: 0.6259, Macro-f1: 0.4586, Weighted-f1: 0.5762, Loss: 1.4152
[Epoch 3/50] Evaluation completed with Micro-f1: 0.2301, Macro-f1: 0.1107, Weighted-f1: 0.1702, Loss: 2.3194
Saved models from epoch 3 to 'data/predictions/single_domain/s_5096/embedding/all/newest.pt'.
Saved model with best loss 2.3194 to 'data/predictions/single_domain/s_5096/embedding/all/best.pt'.
[Epoch 4/50] Train completed with Micro-f1: 0.7335, Macro-f1: 0.6100, Weighted-f1: 0.6912, Loss: 1.0580
[Epoch 4/50] Evaluation completed with Micro-f1: 0.2432, Macro-f1: 0.1237, Weighted-f1: 0.1890, Loss: 2.3280
Saved models from epoch 4 to 'data/predictions/single_domain/s_5096/embedding/all/newest.pt'.
[Epoch 5/50] Train completed with Micro-f1: 0.8333, Macro-f1: 0.7200, Weighted-f1: 0.8043, Loss: 0.7681
[Epoch 5/50] Evaluation completed with Micro-f1: 0.2584, Macro-f1: 0.1385, Weighted-f1: 0.2089, Loss: 2.2525
Saved models from epoch 5 to 'data/predictions/single_domain/s_5096/embedding/all/newest.pt'.
Saved model with best loss 2.2525 to 'data/predictions/single_domain/s_5096/embedding/all/best.pt'.
[Epoch 6/50] Train completed with Micro-f1: 0.8958, Macro-f1: 0.8118, Weighted-f1: 0.8778, Loss: 0.5949
[Epoch 6/50] Evaluation completed with Micro-f1: 0.2728, Macro-f1: 0.1547, Weighted-f1: 0.2273, Loss: 2.2161
Saved models from epoch 6 to 'data/predictions/single_domain/s_5096/embedding/all/newest.pt'.
Saved model with best loss 2.2161 to 'data/predictions/single_domain/s_5096/embedding/all/best.pt'.
[Epoch 7/50] Train completed with Micro-f1: 0.9141, Macro-f1: 0.8441, Weighted-f1: 0.8982, Loss: 0.4629
[Epoch 7/50] Evaluation completed with Micro-f1: 0.2827, Macro-f1: 0.1639, Weighted-f1: 0.2402, Loss: 2.2349
Saved models from epoch 7 to 'data/predictions/single_domain/s_5096/embedding/all/newest.pt'.
[Epoch 8/50] Train completed with Micro-f1: 0.9427, Macro-f1: 0.9003, Weighted-f1: 0.9340, Loss: 0.3603
[Epoch 8/50] Evaluation completed with Micro-f1: 0.2933, Macro-f1: 0.1728, Weighted-f1: 0.2524, Loss: 2.1673
Saved models from epoch 8 to 'data/predictions/single_domain/s_5096/embedding/all/newest.pt'.
Saved model with best loss 2.1673 to 'data/predictions/single_domain/s_5096/embedding/all/best.pt'.
[Epoch 9/50] Train completed with Micro-f1: 0.9818, Macro-f1: 0.9563, Weighted-f1: 0.9773, Loss: 0.2847
[Epoch 9/50] Evaluation completed with Micro-f1: 0.3015, Macro-f1: 0.1802, Weighted-f1: 0.2622, Loss: 2.1778
Saved models from epoch 9 to 'data/predictions/single_domain/s_5096/embedding/all/newest.pt'.
[Epoch 10/50] Train completed with Micro-f1: 0.9870, Macro-f1: 0.9568, Weighted-f1: 0.9823, Loss: 0.2344
[Epoch 10/50] Evaluation completed with Micro-f1: 0.3090, Macro-f1: 0.1867, Weighted-f1: 0.2714, Loss: 2.1916
Saved models from epoch 10 to 'data/predictions/single_domain/s_5096/embedding/all/newest.pt'.
[Epoch 11/50] Train completed with Micro-f1: 0.9922, Macro-f1: 0.9776, Weighted-f1: 0.9901, Loss: 0.1757
[Epoch 11/50] Evaluation completed with Micro-f1: 0.3171, Macro-f1: 0.1930, Weighted-f1: 0.2802, Loss: 2.1811
Saved models from epoch 11 to 'data/predictions/single_domain/s_5096/embedding/all/newest.pt'.
No improvement since 3 epochs (2.1673 loss). Early stop.
Training completed after 11 epochs.
TRAINING COMPLETED with:
	Domains:		['science']
	OOD validaation:	False
	Mapping type:		embedding
