Saved arguments to data/predictions/single_domain/a_4012/embedding/all/args.json.
loading projection weights from /home/davidsule/gensim-data/word2vec-google-news-300/word2vec-google-news-300.gz
KeyedVectors lifecycle event {'msg': 'loaded (3000000, 300) matrix of type float32 from /home/davidsule/gensim-data/word2vec-google-news-300/word2vec-google-news-300.gz', 'binary': True, 'encoding': 'utf8', 'datetime': '2023-05-16T17:16:24.646682', 'gensim': '4.3.0', 'python': '3.9.16 | packaged by conda-forge | (main, Feb  1 2023, 21:39:03) \n[GCC 11.3.0]', 'platform': 'Linux-5.15.90.1-microsoft-standard-WSL2-x86_64-with-glibc2.31', 'event': 'load_word2vec_format'}
Saved category mapping to data/predictions/single_domain/a_4012/embedding/all/entity2category_mapping.json.
Loaded category mapping: embedding.
Loaded <torch.utils.data.dataloader.DataLoader object at 0x7f114e172850> (train).
Loaded <torch.utils.data.dataloader.DataLoader object at 0x7f114e1724c0> (dev).
Starting training on ['ai'] data.
Read data from folder data/crossre_data/
Loaded <TransformerEmbeddings: dim=768>.
Using classifier: <LinearClassifier: emb_model = <TransformerEmbeddings: dim=768>>
Using criterion: <LabelLoss: loss=XEnt>.
Optimizing using: AdamW with learning rate 2e-05.
[Epoch 1/50] Train completed with Micro-f1: 0.2572, Macro-f1: 0.0956, Weighted-f1: 0.1830, Loss: 2.5565
[Epoch 1/50] Evaluation completed with Micro-f1: 0.2284, Macro-f1: 0.0817, Weighted-f1: 0.1583, Loss: 2.3681
Saved models from epoch 1 to 'data/predictions/single_domain/a_4012/embedding/all/newest.pt'.
Saved model with best loss 2.3681 to 'data/predictions/single_domain/a_4012/embedding/all/best.pt'.
[Epoch 2/50] Train completed with Micro-f1: 0.3580, Macro-f1: 0.1590, Weighted-f1: 0.2714, Loss: 1.9960
[Epoch 2/50] Evaluation completed with Micro-f1: 0.2912, Macro-f1: 0.1417, Weighted-f1: 0.2422, Loss: 2.0813
Saved models from epoch 2 to 'data/predictions/single_domain/a_4012/embedding/all/newest.pt'.
Saved model with best loss 2.0813 to 'data/predictions/single_domain/a_4012/embedding/all/best.pt'.
[Epoch 3/50] Train completed with Micro-f1: 0.6485, Macro-f1: 0.4624, Weighted-f1: 0.6020, Loss: 1.5102
[Epoch 3/50] Evaluation completed with Micro-f1: 0.3467, Macro-f1: 0.1824, Weighted-f1: 0.2942, Loss: 1.8713
Saved models from epoch 3 to 'data/predictions/single_domain/a_4012/embedding/all/newest.pt'.
Saved model with best loss 1.8713 to 'data/predictions/single_domain/a_4012/embedding/all/best.pt'.
[Epoch 4/50] Train completed with Micro-f1: 0.7460, Macro-f1: 0.5908, Weighted-f1: 0.7054, Loss: 1.1343
[Epoch 4/50] Evaluation completed with Micro-f1: 0.3702, Macro-f1: 0.2071, Weighted-f1: 0.3232, Loss: 1.7817
Saved models from epoch 4 to 'data/predictions/single_domain/a_4012/embedding/all/newest.pt'.
Saved model with best loss 1.7817 to 'data/predictions/single_domain/a_4012/embedding/all/best.pt'.
[Epoch 5/50] Train completed with Micro-f1: 0.8286, Macro-f1: 0.6906, Weighted-f1: 0.7920, Loss: 0.8620
[Epoch 5/50] Evaluation completed with Micro-f1: 0.3922, Macro-f1: 0.2267, Weighted-f1: 0.3462, Loss: 1.6761
Saved models from epoch 5 to 'data/predictions/single_domain/a_4012/embedding/all/newest.pt'.
Saved model with best loss 1.6761 to 'data/predictions/single_domain/a_4012/embedding/all/best.pt'.
[Epoch 6/50] Train completed with Micro-f1: 0.8741, Macro-f1: 0.7791, Weighted-f1: 0.8520, Loss: 0.6400
[Epoch 6/50] Evaluation completed with Micro-f1: 0.4083, Macro-f1: 0.2438, Weighted-f1: 0.3645, Loss: 1.6413
Saved models from epoch 6 to 'data/predictions/single_domain/a_4012/embedding/all/newest.pt'.
Saved model with best loss 1.6413 to 'data/predictions/single_domain/a_4012/embedding/all/best.pt'.
[Epoch 7/50] Train completed with Micro-f1: 0.9231, Macro-f1: 0.8947, Weighted-f1: 0.9153, Loss: 0.5032
[Epoch 7/50] Evaluation completed with Micro-f1: 0.4206, Macro-f1: 0.2552, Weighted-f1: 0.3783, Loss: 1.6084
Saved models from epoch 7 to 'data/predictions/single_domain/a_4012/embedding/all/newest.pt'.
Saved model with best loss 1.6084 to 'data/predictions/single_domain/a_4012/embedding/all/best.pt'.
[Epoch 8/50] Train completed with Micro-f1: 0.9716, Macro-f1: 0.9595, Weighted-f1: 0.9669, Loss: 0.3676
[Epoch 8/50] Evaluation completed with Micro-f1: 0.4308, Macro-f1: 0.2643, Weighted-f1: 0.3901, Loss: 1.6019
Saved models from epoch 8 to 'data/predictions/single_domain/a_4012/embedding/all/newest.pt'.
Saved model with best loss 1.6019 to 'data/predictions/single_domain/a_4012/embedding/all/best.pt'.
[Epoch 9/50] Train completed with Micro-f1: 0.9801, Macro-f1: 0.9700, Weighted-f1: 0.9799, Loss: 0.3018
[Epoch 9/50] Evaluation completed with Micro-f1: 0.4380, Macro-f1: 0.2701, Weighted-f1: 0.3984, Loss: 1.6046
Saved models from epoch 9 to 'data/predictions/single_domain/a_4012/embedding/all/newest.pt'.
[Epoch 10/50] Train completed with Micro-f1: 0.9943, Macro-f1: 0.9944, Weighted-f1: 0.9938, Loss: 0.2317
[Epoch 10/50] Evaluation completed with Micro-f1: 0.4446, Macro-f1: 0.2778, Weighted-f1: 0.4068, Loss: 1.6136
Saved models from epoch 10 to 'data/predictions/single_domain/a_4012/embedding/all/newest.pt'.
[Epoch 11/50] Train completed with Micro-f1: 0.9943, Macro-f1: 0.9843, Weighted-f1: 0.9917, Loss: 0.1874
[Epoch 11/50] Evaluation completed with Micro-f1: 0.4502, Macro-f1: 0.2839, Weighted-f1: 0.4130, Loss: 1.5921
Saved models from epoch 11 to 'data/predictions/single_domain/a_4012/embedding/all/newest.pt'.
Saved model with best loss 1.5921 to 'data/predictions/single_domain/a_4012/embedding/all/best.pt'.
[Epoch 12/50] Train completed with Micro-f1: 0.9970, Macro-f1: 0.9963, Weighted-f1: 0.9966, Loss: 0.1432
[Epoch 12/50] Evaluation completed with Micro-f1: 0.4547, Macro-f1: 0.2900, Weighted-f1: 0.4183, Loss: 1.6097
Saved models from epoch 12 to 'data/predictions/single_domain/a_4012/embedding/all/newest.pt'.
[Epoch 13/50] Train completed with Micro-f1: 1.0000, Macro-f1: 1.0000, Weighted-f1: 1.0000, Loss: 0.1140
[Epoch 13/50] Evaluation completed with Micro-f1: 0.4590, Macro-f1: 0.2950, Weighted-f1: 0.4229, Loss: 1.6120
Saved models from epoch 13 to 'data/predictions/single_domain/a_4012/embedding/all/newest.pt'.
[Epoch 14/50] Train completed with Micro-f1: 0.9972, Macro-f1: 0.9911, Weighted-f1: 0.9958, Loss: 0.1022
[Epoch 14/50] Evaluation completed with Micro-f1: 0.4628, Macro-f1: 0.2996, Weighted-f1: 0.4269, Loss: 1.6285
Saved models from epoch 14 to 'data/predictions/single_domain/a_4012/embedding/all/newest.pt'.
No improvement since 3 epochs (1.5921 loss). Early stop.
Training completed after 14 epochs.
TRAINING COMPLETED with:
	Domains:		['ai']
	OOD validaation:	False
	Mapping type:		embedding
