Saved arguments to data/predictions/single_domain/m_8878/embedding/all/args.json.
loading projection weights from /home/davidsule/gensim-data/word2vec-google-news-300/word2vec-google-news-300.gz
KeyedVectors lifecycle event {'msg': 'loaded (3000000, 300) matrix of type float32 from /home/davidsule/gensim-data/word2vec-google-news-300/word2vec-google-news-300.gz', 'binary': True, 'encoding': 'utf8', 'datetime': '2023-05-17T00:09:21.217623', 'gensim': '4.3.0', 'python': '3.9.16 | packaged by conda-forge | (main, Feb  1 2023, 21:39:03) \n[GCC 11.3.0]', 'platform': 'Linux-5.15.90.1-microsoft-standard-WSL2-x86_64-with-glibc2.31', 'event': 'load_word2vec_format'}
Saved category mapping to data/predictions/single_domain/m_8878/embedding/all/entity2category_mapping.json.
Loaded category mapping: embedding.
Loaded <torch.utils.data.dataloader.DataLoader object at 0x7ff0c1b15b80> (train).
Loaded <torch.utils.data.dataloader.DataLoader object at 0x7ff0c175d0d0> (dev).
Starting training on ['music'] data.
Read data from folder data/crossre_data/
Loaded <TransformerEmbeddings: dim=768>.
Using classifier: <LinearClassifier: emb_model = <TransformerEmbeddings: dim=768>>
Using criterion: <LabelLoss: loss=XEnt>.
Optimizing using: AdamW with learning rate 2e-05.
[Epoch 1/50] Train completed with Micro-f1: 0.2867, Macro-f1: 0.0922, Weighted-f1: 0.1809, Loss: 2.2343
[Epoch 1/50] Evaluation completed with Micro-f1: 0.4602, Macro-f1: 0.2206, Weighted-f1: 0.3621, Loss: 1.9207
Saved models from epoch 1 to 'data/predictions/single_domain/m_8878/embedding/all/newest.pt'.
Saved model with best loss 1.9207 to 'data/predictions/single_domain/m_8878/embedding/all/best.pt'.
[Epoch 2/50] Train completed with Micro-f1: 0.6452, Macro-f1: 0.3895, Weighted-f1: 0.5713, Loss: 1.3322
[Epoch 2/50] Evaluation completed with Micro-f1: 0.5134, Macro-f1: 0.2771, Weighted-f1: 0.4270, Loss: 1.5669
Saved models from epoch 2 to 'data/predictions/single_domain/m_8878/embedding/all/newest.pt'.
Saved model with best loss 1.5669 to 'data/predictions/single_domain/m_8878/embedding/all/best.pt'.
[Epoch 3/50] Train completed with Micro-f1: 0.8003, Macro-f1: 0.6340, Weighted-f1: 0.7644, Loss: 0.8070
[Epoch 3/50] Evaluation completed with Micro-f1: 0.5413, Macro-f1: 0.3073, Weighted-f1: 0.4629, Loss: 1.4232
Saved models from epoch 3 to 'data/predictions/single_domain/m_8878/embedding/all/newest.pt'.
Saved model with best loss 1.4232 to 'data/predictions/single_domain/m_8878/embedding/all/best.pt'.
[Epoch 4/50] Train completed with Micro-f1: 0.8737, Macro-f1: 0.7644, Weighted-f1: 0.8547, Loss: 0.5384
[Epoch 4/50] Evaluation completed with Micro-f1: 0.5608, Macro-f1: 0.3326, Weighted-f1: 0.4878, Loss: 1.3746
Saved models from epoch 4 to 'data/predictions/single_domain/m_8878/embedding/all/newest.pt'.
Saved model with best loss 1.3746 to 'data/predictions/single_domain/m_8878/embedding/all/best.pt'.
[Epoch 5/50] Train completed with Micro-f1: 0.9309, Macro-f1: 0.8751, Weighted-f1: 0.9203, Loss: 0.3756
[Epoch 5/50] Evaluation completed with Micro-f1: 0.5743, Macro-f1: 0.3453, Weighted-f1: 0.5059, Loss: 1.3432
Saved models from epoch 5 to 'data/predictions/single_domain/m_8878/embedding/all/newest.pt'.
Saved model with best loss 1.3432 to 'data/predictions/single_domain/m_8878/embedding/all/best.pt'.
[Epoch 6/50] Train completed with Micro-f1: 0.9668, Macro-f1: 0.9316, Weighted-f1: 0.9620, Loss: 0.2524
[Epoch 6/50] Evaluation completed with Micro-f1: 0.5848, Macro-f1: 0.3581, Weighted-f1: 0.5191, Loss: 1.3306
Saved models from epoch 6 to 'data/predictions/single_domain/m_8878/embedding/all/newest.pt'.
Saved model with best loss 1.3306 to 'data/predictions/single_domain/m_8878/embedding/all/best.pt'.
[Epoch 7/50] Train completed with Micro-f1: 0.9824, Macro-f1: 0.9598, Weighted-f1: 0.9801, Loss: 0.1785
[Epoch 7/50] Evaluation completed with Micro-f1: 0.5933, Macro-f1: 0.3676, Weighted-f1: 0.5302, Loss: 1.3219
Saved models from epoch 7 to 'data/predictions/single_domain/m_8878/embedding/all/newest.pt'.
Saved model with best loss 1.3219 to 'data/predictions/single_domain/m_8878/embedding/all/best.pt'.
[Epoch 8/50] Train completed with Micro-f1: 0.9902, Macro-f1: 0.9885, Weighted-f1: 0.9895, Loss: 0.1333
[Epoch 8/50] Evaluation completed with Micro-f1: 0.5983, Macro-f1: 0.3724, Weighted-f1: 0.5365, Loss: 1.3477
Saved models from epoch 8 to 'data/predictions/single_domain/m_8878/embedding/all/newest.pt'.
[Epoch 9/50] Train completed with Micro-f1: 0.9980, Macro-f1: 0.9972, Weighted-f1: 0.9983, Loss: 0.0956
[Epoch 9/50] Evaluation completed with Micro-f1: 0.6040, Macro-f1: 0.3787, Weighted-f1: 0.5436, Loss: 1.3399
Saved models from epoch 9 to 'data/predictions/single_domain/m_8878/embedding/all/newest.pt'.
[Epoch 10/50] Train completed with Micro-f1: 1.0000, Macro-f1: 1.0000, Weighted-f1: 1.0000, Loss: 0.0731
[Epoch 10/50] Evaluation completed with Micro-f1: 0.6081, Macro-f1: 0.3826, Weighted-f1: 0.5490, Loss: 1.4268
Saved models from epoch 10 to 'data/predictions/single_domain/m_8878/embedding/all/newest.pt'.
No improvement since 3 epochs (1.3219 loss). Early stop.
Training completed after 10 epochs.
TRAINING COMPLETED with:
	Domains:		['music']
	OOD validaation:	False
	Mapping type:		embedding
