Saved arguments to data/predictions/single_domain/a_8878/embedding/all/args.json.
loading projection weights from /home/davidsule/gensim-data/word2vec-google-news-300/word2vec-google-news-300.gz
KeyedVectors lifecycle event {'msg': 'loaded (3000000, 300) matrix of type float32 from /home/davidsule/gensim-data/word2vec-google-news-300/word2vec-google-news-300.gz', 'binary': True, 'encoding': 'utf8', 'datetime': '2023-05-16T23:10:46.980491', 'gensim': '4.3.0', 'python': '3.9.16 | packaged by conda-forge | (main, Feb  1 2023, 21:39:03) \n[GCC 11.3.0]', 'platform': 'Linux-5.15.90.1-microsoft-standard-WSL2-x86_64-with-glibc2.31', 'event': 'load_word2vec_format'}
Saved category mapping to data/predictions/single_domain/a_8878/embedding/all/entity2category_mapping.json.
Loaded category mapping: embedding.
Loaded <torch.utils.data.dataloader.DataLoader object at 0x7ff4c868c400> (train).
Loaded <torch.utils.data.dataloader.DataLoader object at 0x7ff4c868c1c0> (dev).
Starting training on ['ai'] data.
Read data from folder data/crossre_data/
Loaded <TransformerEmbeddings: dim=768>.
Using classifier: <LinearClassifier: emb_model = <TransformerEmbeddings: dim=768>>
Using criterion: <LabelLoss: loss=XEnt>.
Optimizing using: AdamW with learning rate 2e-05.
[Epoch 1/50] Train completed with Micro-f1: 0.1979, Macro-f1: 0.0640, Weighted-f1: 0.1114, Loss: 2.5956
[Epoch 1/50] Evaluation completed with Micro-f1: 0.2446, Macro-f1: 0.0731, Weighted-f1: 0.1544, Loss: 2.4057
Saved models from epoch 1 to 'data/predictions/single_domain/a_8878/embedding/all/newest.pt'.
Saved model with best loss 2.4057 to 'data/predictions/single_domain/a_8878/embedding/all/best.pt'.
[Epoch 2/50] Train completed with Micro-f1: 0.3492, Macro-f1: 0.1275, Weighted-f1: 0.2409, Loss: 2.0869
[Epoch 2/50] Evaluation completed with Micro-f1: 0.2747, Macro-f1: 0.0925, Weighted-f1: 0.1809, Loss: 2.1719
Saved models from epoch 2 to 'data/predictions/single_domain/a_8878/embedding/all/newest.pt'.
Saved model with best loss 2.1719 to 'data/predictions/single_domain/a_8878/embedding/all/best.pt'.
[Epoch 3/50] Train completed with Micro-f1: 0.6091, Macro-f1: 0.4373, Weighted-f1: 0.5399, Loss: 1.5739
[Epoch 3/50] Evaluation completed with Micro-f1: 0.3288, Macro-f1: 0.1411, Weighted-f1: 0.2467, Loss: 1.8865
Saved models from epoch 3 to 'data/predictions/single_domain/a_8878/embedding/all/newest.pt'.
Saved model with best loss 1.8865 to 'data/predictions/single_domain/a_8878/embedding/all/best.pt'.
[Epoch 4/50] Train completed with Micro-f1: 0.7795, Macro-f1: 0.6360, Weighted-f1: 0.7435, Loss: 1.1474
[Epoch 4/50] Evaluation completed with Micro-f1: 0.3639, Macro-f1: 0.1757, Weighted-f1: 0.2910, Loss: 1.7365
Saved models from epoch 4 to 'data/predictions/single_domain/a_8878/embedding/all/newest.pt'.
Saved model with best loss 1.7365 to 'data/predictions/single_domain/a_8878/embedding/all/best.pt'.
[Epoch 5/50] Train completed with Micro-f1: 0.8479, Macro-f1: 0.7321, Weighted-f1: 0.8193, Loss: 0.8399
[Epoch 5/50] Evaluation completed with Micro-f1: 0.3902, Macro-f1: 0.2012, Weighted-f1: 0.3202, Loss: 1.6337
Saved models from epoch 5 to 'data/predictions/single_domain/a_8878/embedding/all/newest.pt'.
Saved model with best loss 1.6337 to 'data/predictions/single_domain/a_8878/embedding/all/best.pt'.
[Epoch 6/50] Train completed with Micro-f1: 0.8973, Macro-f1: 0.8357, Weighted-f1: 0.8854, Loss: 0.6247
[Epoch 6/50] Evaluation completed with Micro-f1: 0.4086, Macro-f1: 0.2203, Weighted-f1: 0.3426, Loss: 1.5948
Saved models from epoch 6 to 'data/predictions/single_domain/a_8878/embedding/all/newest.pt'.
Saved model with best loss 1.5948 to 'data/predictions/single_domain/a_8878/embedding/all/best.pt'.
[Epoch 7/50] Train completed with Micro-f1: 0.9489, Macro-f1: 0.9171, Weighted-f1: 0.9391, Loss: 0.4528
[Epoch 7/50] Evaluation completed with Micro-f1: 0.4240, Macro-f1: 0.2384, Weighted-f1: 0.3617, Loss: 1.5666
Saved models from epoch 7 to 'data/predictions/single_domain/a_8878/embedding/all/newest.pt'.
Saved model with best loss 1.5666 to 'data/predictions/single_domain/a_8878/embedding/all/best.pt'.
[Epoch 8/50] Train completed with Micro-f1: 0.9884, Macro-f1: 0.9781, Weighted-f1: 0.9884, Loss: 0.3385
[Epoch 8/50] Evaluation completed with Micro-f1: 0.4358, Macro-f1: 0.2512, Weighted-f1: 0.3769, Loss: 1.5430
Saved models from epoch 8 to 'data/predictions/single_domain/a_8878/embedding/all/newest.pt'.
Saved model with best loss 1.5430 to 'data/predictions/single_domain/a_8878/embedding/all/best.pt'.
[Epoch 9/50] Train completed with Micro-f1: 0.9915, Macro-f1: 0.9865, Weighted-f1: 0.9899, Loss: 0.2671
[Epoch 9/50] Evaluation completed with Micro-f1: 0.4462, Macro-f1: 0.2624, Weighted-f1: 0.3895, Loss: 1.5255
Saved models from epoch 9 to 'data/predictions/single_domain/a_8878/embedding/all/newest.pt'.
Saved model with best loss 1.5255 to 'data/predictions/single_domain/a_8878/embedding/all/best.pt'.
[Epoch 10/50] Train completed with Micro-f1: 0.9972, Macro-f1: 0.9910, Weighted-f1: 0.9959, Loss: 0.1963
[Epoch 10/50] Evaluation completed with Micro-f1: 0.4542, Macro-f1: 0.2710, Weighted-f1: 0.3998, Loss: 1.5188
Saved models from epoch 10 to 'data/predictions/single_domain/a_8878/embedding/all/newest.pt'.
Saved model with best loss 1.5188 to 'data/predictions/single_domain/a_8878/embedding/all/best.pt'.
[Epoch 11/50] Train completed with Micro-f1: 1.0000, Macro-f1: 1.0000, Weighted-f1: 1.0000, Loss: 0.1618
[Epoch 11/50] Evaluation completed with Micro-f1: 0.4613, Macro-f1: 0.2779, Weighted-f1: 0.4085, Loss: 1.5166
Saved models from epoch 11 to 'data/predictions/single_domain/a_8878/embedding/all/newest.pt'.
Saved model with best loss 1.5166 to 'data/predictions/single_domain/a_8878/embedding/all/best.pt'.
[Epoch 12/50] Train completed with Micro-f1: 1.0000, Macro-f1: 1.0000, Weighted-f1: 1.0000, Loss: 0.1227
[Epoch 12/50] Evaluation completed with Micro-f1: 0.4670, Macro-f1: 0.2841, Weighted-f1: 0.4152, Loss: 1.5324
Saved models from epoch 12 to 'data/predictions/single_domain/a_8878/embedding/all/newest.pt'.
[Epoch 13/50] Train completed with Micro-f1: 1.0000, Macro-f1: 1.0000, Weighted-f1: 1.0000, Loss: 0.1044
[Epoch 13/50] Evaluation completed with Micro-f1: 0.4719, Macro-f1: 0.2895, Weighted-f1: 0.4213, Loss: 1.5253
Saved models from epoch 13 to 'data/predictions/single_domain/a_8878/embedding/all/newest.pt'.
[Epoch 14/50] Train completed with Micro-f1: 1.0000, Macro-f1: 1.0000, Weighted-f1: 1.0000, Loss: 0.0831
[Epoch 14/50] Evaluation completed with Micro-f1: 0.4760, Macro-f1: 0.2943, Weighted-f1: 0.4261, Loss: 1.5512
Saved models from epoch 14 to 'data/predictions/single_domain/a_8878/embedding/all/newest.pt'.
No improvement since 3 epochs (1.5166 loss). Early stop.
Training completed after 14 epochs.
TRAINING COMPLETED with:
	Domains:		['ai']
	OOD validaation:	False
	Mapping type:		embedding
