Saved arguments to data/predictions/almnps_8878/elisa/all/args.json.
Saved category mapping to data/predictions/almnps_8878/elisa/all/mapping.json.
Loaded category mapping: elisa.
Loaded <torch.utils.data.dataloader.DataLoader object at 0x7fd2f99719d0> (train).
Loaded <torch.utils.data.dataloader.DataLoader object at 0x7fd2f9971f10> (dev).
Starting training on ['ai', 'literature', 'music', 'news', 'politics', 'science'] data.
Loaded <TransformerEmbeddings: dim=768>.
Using classifier: <LinearClassifier: emb_model = <TransformerEmbeddings: dim=768>>
Using criterion: <LabelLoss: loss=XEnt>.
Optimizing using: AdamW with learning rate 2e-05.
[Epoch 1/50] Train completed with Micro-f1: 0.4197, Macro-f1: 0.2633, Weighted-f1: 0.3680, Loss: 1.9786
[Epoch 1/50] Evaluation completed with Micro-f1: 0.5420, Macro-f1: 0.3632, Weighted-f1: 0.4932, Loss: 1.5852
Saved models from epoch 1 to 'data/predictions/almnps_8878/elisa/all/newest.pt'.
Saved model with best loss 1.5852 to 'data/predictions/almnps_8878/elisa/all/best.pt'.
[Epoch 2/50] Train completed with Micro-f1: 0.7092, Macro-f1: 0.5725, Weighted-f1: 0.6771, Loss: 1.0585
[Epoch 2/50] Evaluation completed with Micro-f1: 0.5592, Macro-f1: 0.3905, Weighted-f1: 0.5197, Loss: 1.4110
Saved models from epoch 2 to 'data/predictions/almnps_8878/elisa/all/newest.pt'.
Saved model with best loss 1.4110 to 'data/predictions/almnps_8878/elisa/all/best.pt'.
[Epoch 3/50] Train completed with Micro-f1: 0.8346, Macro-f1: 0.7431, Weighted-f1: 0.8234, Loss: 0.6465
[Epoch 3/50] Evaluation completed with Micro-f1: 0.5707, Macro-f1: 0.4051, Weighted-f1: 0.5363, Loss: 1.3679
Saved models from epoch 3 to 'data/predictions/almnps_8878/elisa/all/newest.pt'.
Saved model with best loss 1.3679 to 'data/predictions/almnps_8878/elisa/all/best.pt'.
[Epoch 4/50] Train completed with Micro-f1: 0.9006, Macro-f1: 0.8425, Weighted-f1: 0.8935, Loss: 0.4204
[Epoch 4/50] Evaluation completed with Micro-f1: 0.5762, Macro-f1: 0.4128, Weighted-f1: 0.5439, Loss: 1.4320
Saved models from epoch 4 to 'data/predictions/almnps_8878/elisa/all/newest.pt'.
[Epoch 5/50] Train completed with Micro-f1: 0.9501, Macro-f1: 0.9076, Weighted-f1: 0.9454, Loss: 0.2599
[Epoch 5/50] Evaluation completed with Micro-f1: 0.5842, Macro-f1: 0.4228, Weighted-f1: 0.5544, Loss: 1.3697
Saved models from epoch 5 to 'data/predictions/almnps_8878/elisa/all/newest.pt'.
[Epoch 6/50] Train completed with Micro-f1: 0.9722, Macro-f1: 0.9493, Weighted-f1: 0.9706, Loss: 0.1707
[Epoch 6/50] Evaluation completed with Micro-f1: 0.5884, Macro-f1: 0.4300, Weighted-f1: 0.5612, Loss: 1.4602
Saved models from epoch 6 to 'data/predictions/almnps_8878/elisa/all/newest.pt'.
No improvement since 3 epochs (1.3679 loss). Early stop.
Training completed after 6 epochs.
TRAINING COMPLETED with:
	Domains:		['ai', 'literature', 'music', 'news', 'politics', 'science']
	OOD validaation:	False
	Mapping type:	elisa
