Saved arguments to data/predictions/almnps_9908/elisa/all/args.json.
Saved category mapping to data/predictions/almnps_9908/elisa/all/entity2category_mapping.json.
Loaded category mapping: elisa.
Loaded <torch.utils.data.dataloader.DataLoader object at 0x7f7f20ea2df0> (train).
Loaded <torch.utils.data.dataloader.DataLoader object at 0x7f7f20eab4f0> (dev).
Starting training on ['ai', 'literature', 'music', 'news', 'politics', 'science'] data.
Read data from folder data/crossre_data/
Loaded <TransformerEmbeddings: dim=768>.
Using classifier: <LinearClassifier: emb_model = <TransformerEmbeddings: dim=768>>
Using criterion: <LabelLoss: loss=XEnt>.
Optimizing using: AdamW with learning rate 2e-05.
[Epoch 1/50] Train completed with Micro-f1: 0.3941, Macro-f1: 0.2305, Weighted-f1: 0.3303, Loss: 2.0410
[Epoch 1/50] Evaluation completed with Micro-f1: 0.5420, Macro-f1: 0.3742, Weighted-f1: 0.4987, Loss: 1.6345
Saved models from epoch 1 to 'data/predictions/almnps_9908/elisa/all/newest.pt'.
Saved model with best loss 1.6345 to 'data/predictions/almnps_9908/elisa/all/best.pt'.
[Epoch 2/50] Train completed with Micro-f1: 0.7101, Macro-f1: 0.5695, Weighted-f1: 0.6775, Loss: 1.0837
[Epoch 2/50] Evaluation completed with Micro-f1: 0.5568, Macro-f1: 0.3910, Weighted-f1: 0.5148, Loss: 1.4376
Saved models from epoch 2 to 'data/predictions/almnps_9908/elisa/all/newest.pt'.
Saved model with best loss 1.4376 to 'data/predictions/almnps_9908/elisa/all/best.pt'.
[Epoch 3/50] Train completed with Micro-f1: 0.8251, Macro-f1: 0.7290, Weighted-f1: 0.8117, Loss: 0.6864
[Epoch 3/50] Evaluation completed with Micro-f1: 0.5699, Macro-f1: 0.4082, Weighted-f1: 0.5315, Loss: 1.3611
Saved models from epoch 3 to 'data/predictions/almnps_9908/elisa/all/newest.pt'.
Saved model with best loss 1.3611 to 'data/predictions/almnps_9908/elisa/all/best.pt'.
[Epoch 4/50] Train completed with Micro-f1: 0.8893, Macro-f1: 0.8176, Weighted-f1: 0.8822, Loss: 0.4453
[Epoch 4/50] Evaluation completed with Micro-f1: 0.5777, Macro-f1: 0.4171, Weighted-f1: 0.5426, Loss: 1.3480
Saved models from epoch 4 to 'data/predictions/almnps_9908/elisa/all/newest.pt'.
Saved model with best loss 1.3480 to 'data/predictions/almnps_9908/elisa/all/best.pt'.
[Epoch 5/50] Train completed with Micro-f1: 0.9444, Macro-f1: 0.8985, Weighted-f1: 0.9389, Loss: 0.2806
[Epoch 5/50] Evaluation completed with Micro-f1: 0.5852, Macro-f1: 0.4258, Weighted-f1: 0.5532, Loss: 1.3781
Saved models from epoch 5 to 'data/predictions/almnps_9908/elisa/all/newest.pt'.
[Epoch 6/50] Train completed with Micro-f1: 0.9705, Macro-f1: 0.9405, Weighted-f1: 0.9685, Loss: 0.1780
[Epoch 6/50] Evaluation completed with Micro-f1: 0.5871, Macro-f1: 0.4309, Weighted-f1: 0.5579, Loss: 1.5562
Saved models from epoch 6 to 'data/predictions/almnps_9908/elisa/all/newest.pt'.
[Epoch 7/50] Train completed with Micro-f1: 0.9809, Macro-f1: 0.9688, Weighted-f1: 0.9790, Loss: 0.1250
[Epoch 7/50] Evaluation completed with Micro-f1: 0.5913, Macro-f1: 0.4366, Weighted-f1: 0.5643, Loss: 1.4902
Saved models from epoch 7 to 'data/predictions/almnps_9908/elisa/all/newest.pt'.
No improvement since 3 epochs (1.3480 loss). Early stop.
Training completed after 7 epochs.
TRAINING COMPLETED with:
	Domains:		['ai', 'literature', 'music', 'news', 'politics', 'science']
	OOD validaation:	False
	Mapping type:		elisa
