Saved arguments to data/predictions/single_domain/n_5096/topological/all/args.json.
Saved category mapping to data/predictions/single_domain/n_5096/topological/all/entity2category_mapping.json.
Loaded category mapping: topological.
Loaded <torch.utils.data.dataloader.DataLoader object at 0x7fa3df8dda00> (train).
Loaded <torch.utils.data.dataloader.DataLoader object at 0x7fa3df8ddb20> (dev).
Starting training on ['news'] data.
Read data from folder data/crossre_data/
Loaded <TransformerEmbeddings: dim=768>.
Using classifier: <LinearClassifier: emb_model = <TransformerEmbeddings: dim=768>>
Using criterion: <LabelLoss: loss=XEnt>.
Optimizing using: AdamW with learning rate 2e-05.
[Epoch 1/50] Train completed with Micro-f1: 0.2066, Macro-f1: 0.0600, Weighted-f1: 0.1117, Loss: 2.5678
[Epoch 1/50] Evaluation completed with Micro-f1: 0.2604, Macro-f1: 0.0962, Weighted-f1: 0.1585, Loss: 2.3587
Saved models from epoch 1 to 'data/predictions/single_domain/n_5096/topological/all/newest.pt'.
Saved model with best loss 2.3587 to 'data/predictions/single_domain/n_5096/topological/all/best.pt'.
[Epoch 2/50] Train completed with Micro-f1: 0.3844, Macro-f1: 0.1578, Weighted-f1: 0.2917, Loss: 1.9388
[Epoch 2/50] Evaluation completed with Micro-f1: 0.3073, Macro-f1: 0.1313, Weighted-f1: 0.2268, Loss: 2.0785
Saved models from epoch 2 to 'data/predictions/single_domain/n_5096/topological/all/newest.pt'.
Saved model with best loss 2.0785 to 'data/predictions/single_domain/n_5096/topological/all/best.pt'.
[Epoch 3/50] Train completed with Micro-f1: 0.4951, Macro-f1: 0.2233, Weighted-f1: 0.3896, Loss: 1.6793
[Epoch 3/50] Evaluation completed with Micro-f1: 0.3087, Macro-f1: 0.1379, Weighted-f1: 0.2368, Loss: 2.1850
Saved models from epoch 3 to 'data/predictions/single_domain/n_5096/topological/all/newest.pt'.
[Epoch 4/50] Train completed with Micro-f1: 0.5806, Macro-f1: 0.3624, Weighted-f1: 0.5054, Loss: 1.4023
[Epoch 4/50] Evaluation completed with Micro-f1: 0.3055, Macro-f1: 0.1361, Weighted-f1: 0.2304, Loss: 2.2225
Saved models from epoch 4 to 'data/predictions/single_domain/n_5096/topological/all/newest.pt'.
[Epoch 5/50] Train completed with Micro-f1: 0.6514, Macro-f1: 0.3574, Weighted-f1: 0.5920, Loss: 1.2318
[Epoch 5/50] Evaluation completed with Micro-f1: 0.2975, Macro-f1: 0.1319, Weighted-f1: 0.2224, Loss: 2.3524
Saved models from epoch 5 to 'data/predictions/single_domain/n_5096/topological/all/newest.pt'.
No improvement since 3 epochs (2.0785 loss). Early stop.
Training completed after 5 epochs.
TRAINING COMPLETED with:
	Domains:		['news']
	OOD validaation:	False
	Mapping type:		topological
