Saved arguments to data/predictions/almnps_8857/topological/ood/args.json.
Saved category mapping to data/predictions/almnps_8857/topological/ood/mapping.json.
Loaded category mapping: topological.
Loaded <torch.utils.data.dataloader.DataLoader object at 0x7f9000686670> (train).
Loaded <torch.utils.data.dataloader.DataLoader object at 0x7f9000686ac0> (dev).
Starting training on ['literature', 'music', 'news', 'politics', 'science'] data.
Loaded <TransformerEmbeddings: dim=768>.
Using classifier: <LinearClassifier: emb_model = <TransformerEmbeddings: dim=768>>
Using criterion: <LabelLoss: loss=XEnt>.
Optimizing using: AdamW with learning rate 2e-05.
[Epoch 1/50] Train completed with Micro-f1: 0.3945, Macro-f1: 0.2052, Weighted-f1: 0.3151, Loss: 2.0305
[Epoch 1/50] Evaluation completed with Micro-f1: 0.5091, Macro-f1: 0.3266, Weighted-f1: 0.4473, Loss: 1.7346
Saved models from epoch 1 to 'data/predictions/almnps_8857/topological/ood/ai/newest.pt'.
Saved model with best loss 1.7346 to 'data/predictions/almnps_8857/topological/ood/ai/best.pt'.
[Epoch 2/50] Train completed with Micro-f1: 0.7095, Macro-f1: 0.5552, Weighted-f1: 0.6746, Loss: 1.0885
[Epoch 2/50] Evaluation completed with Micro-f1: 0.5340, Macro-f1: 0.3484, Weighted-f1: 0.4747, Loss: 1.5323
Saved models from epoch 2 to 'data/predictions/almnps_8857/topological/ood/ai/newest.pt'.
Saved model with best loss 1.5323 to 'data/predictions/almnps_8857/topological/ood/ai/best.pt'.
[Epoch 3/50] Train completed with Micro-f1: 0.8330, Macro-f1: 0.7180, Weighted-f1: 0.8123, Loss: 0.6534
[Epoch 3/50] Evaluation completed with Micro-f1: 0.5492, Macro-f1: 0.3672, Weighted-f1: 0.4952, Loss: 1.3937
Saved models from epoch 3 to 'data/predictions/almnps_8857/topological/ood/ai/newest.pt'.
Saved model with best loss 1.3937 to 'data/predictions/almnps_8857/topological/ood/ai/best.pt'.
[Epoch 4/50] Train completed with Micro-f1: 0.8986, Macro-f1: 0.8153, Weighted-f1: 0.8881, Loss: 0.4268
[Epoch 4/50] Evaluation completed with Micro-f1: 0.5599, Macro-f1: 0.3811, Weighted-f1: 0.5102, Loss: 1.3854
Saved models from epoch 4 to 'data/predictions/almnps_8857/topological/ood/ai/newest.pt'.
Saved model with best loss 1.3854 to 'data/predictions/almnps_8857/topological/ood/ai/best.pt'.
[Epoch 5/50] Train completed with Micro-f1: 0.9406, Macro-f1: 0.8821, Weighted-f1: 0.9367, Loss: 0.2742
[Epoch 5/50] Evaluation completed with Micro-f1: 0.5686, Macro-f1: 0.3917, Weighted-f1: 0.5219, Loss: 1.3946
Saved models from epoch 5 to 'data/predictions/almnps_8857/topological/ood/ai/newest.pt'.
[Epoch 6/50] Train completed with Micro-f1: 0.9713, Macro-f1: 0.9415, Weighted-f1: 0.9679, Loss: 0.1792
[Epoch 6/50] Evaluation completed with Micro-f1: 0.5759, Macro-f1: 0.4022, Weighted-f1: 0.5330, Loss: 1.4905
Saved models from epoch 6 to 'data/predictions/almnps_8857/topological/ood/ai/newest.pt'.
[Epoch 7/50] Train completed with Micro-f1: 0.9800, Macro-f1: 0.9633, Weighted-f1: 0.9789, Loss: 0.1274
[Epoch 7/50] Evaluation completed with Micro-f1: 0.5814, Macro-f1: 0.4089, Weighted-f1: 0.5402, Loss: 1.4680
Saved models from epoch 7 to 'data/predictions/almnps_8857/topological/ood/ai/newest.pt'.
No improvement since 3 epochs (1.3854 loss). Early stop.
OOD training completed for test topic ai after 7 epochs.
Loaded <torch.utils.data.dataloader.DataLoader object at 0x7f8fddcdddf0> (train).
Loaded <torch.utils.data.dataloader.DataLoader object at 0x7f90006869d0> (dev).
Starting training on ['ai', 'music', 'news', 'politics', 'science'] data.
Loaded <TransformerEmbeddings: dim=768>.
Using classifier: <LinearClassifier: emb_model = <TransformerEmbeddings: dim=768>>
Using criterion: <LabelLoss: loss=XEnt>.
Optimizing using: AdamW with learning rate 2e-05.
[Epoch 1/50] Train completed with Micro-f1: 0.3821, Macro-f1: 0.2266, Weighted-f1: 0.3249, Loss: 2.1003
[Epoch 1/50] Evaluation completed with Micro-f1: 0.4793, Macro-f1: 0.3195, Weighted-f1: 0.4361, Loss: 1.7803
Saved models from epoch 1 to 'data/predictions/almnps_8857/topological/ood/literature/newest.pt'.
Saved model with best loss 1.7803 to 'data/predictions/almnps_8857/topological/ood/literature/best.pt'.
[Epoch 2/50] Train completed with Micro-f1: 0.7110, Macro-f1: 0.5814, Weighted-f1: 0.6807, Loss: 1.1368
[Epoch 2/50] Evaluation completed with Micro-f1: 0.5040, Macro-f1: 0.3421, Weighted-f1: 0.4645, Loss: 1.5401
Saved models from epoch 2 to 'data/predictions/almnps_8857/topological/ood/literature/newest.pt'.
Saved model with best loss 1.5401 to 'data/predictions/almnps_8857/topological/ood/literature/best.pt'.
[Epoch 3/50] Train completed with Micro-f1: 0.8342, Macro-f1: 0.7384, Weighted-f1: 0.8185, Loss: 0.6881
[Epoch 3/50] Evaluation completed with Micro-f1: 0.5211, Macro-f1: 0.3606, Weighted-f1: 0.4841, Loss: 1.4870
Saved models from epoch 3 to 'data/predictions/almnps_8857/topological/ood/literature/newest.pt'.
Saved model with best loss 1.4870 to 'data/predictions/almnps_8857/topological/ood/literature/best.pt'.
[Epoch 4/50] Train completed with Micro-f1: 0.9065, Macro-f1: 0.8478, Weighted-f1: 0.8983, Loss: 0.4320
[Epoch 4/50] Evaluation completed with Micro-f1: 0.5346, Macro-f1: 0.3778, Weighted-f1: 0.5005, Loss: 1.4387
Saved models from epoch 4 to 'data/predictions/almnps_8857/topological/ood/literature/newest.pt'.
Saved model with best loss 1.4387 to 'data/predictions/almnps_8857/topological/ood/literature/best.pt'.
[Epoch 5/50] Train completed with Micro-f1: 0.9441, Macro-f1: 0.9096, Weighted-f1: 0.9399, Loss: 0.2795
[Epoch 5/50] Evaluation completed with Micro-f1: 0.5415, Macro-f1: 0.3864, Weighted-f1: 0.5093, Loss: 1.4854
Saved models from epoch 5 to 'data/predictions/almnps_8857/topological/ood/literature/newest.pt'.
[Epoch 6/50] Train completed with Micro-f1: 0.9751, Macro-f1: 0.9571, Weighted-f1: 0.9747, Loss: 0.1805
[Epoch 6/50] Evaluation completed with Micro-f1: 0.5490, Macro-f1: 0.3959, Weighted-f1: 0.5192, Loss: 1.4373
Saved models from epoch 6 to 'data/predictions/almnps_8857/topological/ood/literature/newest.pt'.
Saved model with best loss 1.4373 to 'data/predictions/almnps_8857/topological/ood/literature/best.pt'.
[Epoch 7/50] Train completed with Micro-f1: 0.9883, Macro-f1: 0.9813, Weighted-f1: 0.9875, Loss: 0.1184
[Epoch 7/50] Evaluation completed with Micro-f1: 0.5546, Macro-f1: 0.4022, Weighted-f1: 0.5266, Loss: 1.4730
Saved models from epoch 7 to 'data/predictions/almnps_8857/topological/ood/literature/newest.pt'.
[Epoch 8/50] Train completed with Micro-f1: 0.9897, Macro-f1: 0.9872, Weighted-f1: 0.9895, Loss: 0.0855
[Epoch 8/50] Evaluation completed with Micro-f1: 0.5594, Macro-f1: 0.4069, Weighted-f1: 0.5318, Loss: 1.4982
Saved models from epoch 8 to 'data/predictions/almnps_8857/topological/ood/literature/newest.pt'.
[Epoch 9/50] Train completed with Micro-f1: 0.9952, Macro-f1: 0.9914, Weighted-f1: 0.9947, Loss: 0.0634
[Epoch 9/50] Evaluation completed with Micro-f1: 0.5636, Macro-f1: 0.4127, Weighted-f1: 0.5375, Loss: 1.5317
Saved models from epoch 9 to 'data/predictions/almnps_8857/topological/ood/literature/newest.pt'.
No improvement since 3 epochs (1.4373 loss). Early stop.
OOD training completed for test topic literature after 9 epochs.
Loaded <torch.utils.data.dataloader.DataLoader object at 0x7f8fe7f49e80> (train).
Loaded <torch.utils.data.dataloader.DataLoader object at 0x7f8fddbd9e50> (dev).
Starting training on ['ai', 'literature', 'news', 'politics', 'science'] data.
Loaded <TransformerEmbeddings: dim=768>.
Using classifier: <LinearClassifier: emb_model = <TransformerEmbeddings: dim=768>>
Using criterion: <LabelLoss: loss=XEnt>.
Optimizing using: AdamW with learning rate 2e-05.
[Epoch 1/50] Train completed with Micro-f1: 0.3307, Macro-f1: 0.1785, Weighted-f1: 0.2600, Loss: 2.2268
[Epoch 1/50] Evaluation completed with Micro-f1: 0.4385, Macro-f1: 0.2777, Weighted-f1: 0.3897, Loss: 1.9232
Saved models from epoch 1 to 'data/predictions/almnps_8857/topological/ood/music/newest.pt'.
Saved model with best loss 1.9232 to 'data/predictions/almnps_8857/topological/ood/music/best.pt'.
[Epoch 2/50] Train completed with Micro-f1: 0.6627, Macro-f1: 0.5102, Weighted-f1: 0.6277, Loss: 1.2715
[Epoch 2/50] Evaluation completed with Micro-f1: 0.4716, Macro-f1: 0.3180, Weighted-f1: 0.4307, Loss: 1.6545
Saved models from epoch 2 to 'data/predictions/almnps_8857/topological/ood/music/newest.pt'.
Saved model with best loss 1.6545 to 'data/predictions/almnps_8857/topological/ood/music/best.pt'.
[Epoch 3/50] Train completed with Micro-f1: 0.8037, Macro-f1: 0.7086, Weighted-f1: 0.7825, Loss: 0.7996
[Epoch 3/50] Evaluation completed with Micro-f1: 0.4875, Macro-f1: 0.3348, Weighted-f1: 0.4506, Loss: 1.6114
Saved models from epoch 3 to 'data/predictions/almnps_8857/topological/ood/music/newest.pt'.
Saved model with best loss 1.6114 to 'data/predictions/almnps_8857/topological/ood/music/best.pt'.
[Epoch 4/50] Train completed with Micro-f1: 0.8886, Macro-f1: 0.8059, Weighted-f1: 0.8785, Loss: 0.5159
[Epoch 4/50] Evaluation completed with Micro-f1: 0.5018, Macro-f1: 0.3524, Weighted-f1: 0.4686, Loss: 1.5730
Saved models from epoch 4 to 'data/predictions/almnps_8857/topological/ood/music/newest.pt'.
Saved model with best loss 1.5730 to 'data/predictions/almnps_8857/topological/ood/music/best.pt'.
[Epoch 5/50] Train completed with Micro-f1: 0.9410, Macro-f1: 0.8973, Weighted-f1: 0.9341, Loss: 0.3342
[Epoch 5/50] Evaluation completed with Micro-f1: 0.5103, Macro-f1: 0.3644, Weighted-f1: 0.4790, Loss: 1.5455
Saved models from epoch 5 to 'data/predictions/almnps_8857/topological/ood/music/newest.pt'.
Saved model with best loss 1.5455 to 'data/predictions/almnps_8857/topological/ood/music/best.pt'.
[Epoch 6/50] Train completed with Micro-f1: 0.9706, Macro-f1: 0.9433, Weighted-f1: 0.9674, Loss: 0.2133
[Epoch 6/50] Evaluation completed with Micro-f1: 0.5165, Macro-f1: 0.3724, Weighted-f1: 0.4885, Loss: 1.5858
Saved models from epoch 6 to 'data/predictions/almnps_8857/topological/ood/music/newest.pt'.
[Epoch 7/50] Train completed with Micro-f1: 0.9823, Macro-f1: 0.9620, Weighted-f1: 0.9803, Loss: 0.1458
[Epoch 7/50] Evaluation completed with Micro-f1: 0.5215, Macro-f1: 0.3791, Weighted-f1: 0.4953, Loss: 1.6237
Saved models from epoch 7 to 'data/predictions/almnps_8857/topological/ood/music/newest.pt'.
[Epoch 8/50] Train completed with Micro-f1: 0.9933, Macro-f1: 0.9882, Weighted-f1: 0.9928, Loss: 0.0992
[Epoch 8/50] Evaluation completed with Micro-f1: 0.5265, Macro-f1: 0.3848, Weighted-f1: 0.5016, Loss: 1.6789
Saved models from epoch 8 to 'data/predictions/almnps_8857/topological/ood/music/newest.pt'.
No improvement since 3 epochs (1.5455 loss). Early stop.
OOD training completed for test topic music after 8 epochs.
Loaded <torch.utils.data.dataloader.DataLoader object at 0x7f8ff9e4d790> (train).
Loaded <torch.utils.data.dataloader.DataLoader object at 0x7f8ff9f5d580> (dev).
Starting training on ['ai', 'literature', 'music', 'politics', 'science'] data.
Loaded <TransformerEmbeddings: dim=768>.
Using classifier: <LinearClassifier: emb_model = <TransformerEmbeddings: dim=768>>
Using criterion: <LabelLoss: loss=XEnt>.
Optimizing using: AdamW with learning rate 2e-05.
[Epoch 1/50] Train completed with Micro-f1: 0.3912, Macro-f1: 0.2324, Weighted-f1: 0.3309, Loss: 2.0775
[Epoch 1/50] Evaluation completed with Micro-f1: 0.5166, Macro-f1: 0.3441, Weighted-f1: 0.4635, Loss: 1.7109
Saved models from epoch 1 to 'data/predictions/almnps_8857/topological/ood/news/newest.pt'.
Saved model with best loss 1.7109 to 'data/predictions/almnps_8857/topological/ood/news/best.pt'.
[Epoch 2/50] Train completed with Micro-f1: 0.7181, Macro-f1: 0.5701, Weighted-f1: 0.6858, Loss: 1.0693
[Epoch 2/50] Evaluation completed with Micro-f1: 0.5489, Macro-f1: 0.3814, Weighted-f1: 0.5047, Loss: 1.4076
Saved models from epoch 2 to 'data/predictions/almnps_8857/topological/ood/news/newest.pt'.
Saved model with best loss 1.4076 to 'data/predictions/almnps_8857/topological/ood/news/best.pt'.
[Epoch 3/50] Train completed with Micro-f1: 0.8467, Macro-f1: 0.7672, Weighted-f1: 0.8349, Loss: 0.6257
[Epoch 3/50] Evaluation completed with Micro-f1: 0.5645, Macro-f1: 0.3986, Weighted-f1: 0.5244, Loss: 1.3512
Saved models from epoch 3 to 'data/predictions/almnps_8857/topological/ood/news/newest.pt'.
Saved model with best loss 1.3512 to 'data/predictions/almnps_8857/topological/ood/news/best.pt'.
[Epoch 4/50] Train completed with Micro-f1: 0.9118, Macro-f1: 0.8410, Weighted-f1: 0.9024, Loss: 0.3972
[Epoch 4/50] Evaluation completed with Micro-f1: 0.5733, Macro-f1: 0.4104, Weighted-f1: 0.5369, Loss: 1.3788
Saved models from epoch 4 to 'data/predictions/almnps_8857/topological/ood/news/newest.pt'.
[Epoch 5/50] Train completed with Micro-f1: 0.9479, Macro-f1: 0.9080, Weighted-f1: 0.9436, Loss: 0.2560
[Epoch 5/50] Evaluation completed with Micro-f1: 0.5806, Macro-f1: 0.4197, Weighted-f1: 0.5472, Loss: 1.3772
Saved models from epoch 5 to 'data/predictions/almnps_8857/topological/ood/news/newest.pt'.
[Epoch 6/50] Train completed with Micro-f1: 0.9662, Macro-f1: 0.9408, Weighted-f1: 0.9629, Loss: 0.1793
[Epoch 6/50] Evaluation completed with Micro-f1: 0.5850, Macro-f1: 0.4258, Weighted-f1: 0.5543, Loss: 1.4880
Saved models from epoch 6 to 'data/predictions/almnps_8857/topological/ood/news/newest.pt'.
No improvement since 3 epochs (1.3512 loss). Early stop.
OOD training completed for test topic news after 6 epochs.
Loaded <torch.utils.data.dataloader.DataLoader object at 0x7f8ffa03c3a0> (train).
Loaded <torch.utils.data.dataloader.DataLoader object at 0x7f8ff9e4adc0> (dev).
Starting training on ['ai', 'literature', 'music', 'news', 'science'] data.
Loaded <TransformerEmbeddings: dim=768>.
Using classifier: <LinearClassifier: emb_model = <TransformerEmbeddings: dim=768>>
Using criterion: <LabelLoss: loss=XEnt>.
Optimizing using: AdamW with learning rate 2e-05.
[Epoch 1/50] Train completed with Micro-f1: 0.3778, Macro-f1: 0.2267, Weighted-f1: 0.3163, Loss: 2.1576
[Epoch 1/50] Evaluation completed with Micro-f1: 0.5045, Macro-f1: 0.3251, Weighted-f1: 0.4551, Loss: 1.7604
Saved models from epoch 1 to 'data/predictions/almnps_8857/topological/ood/politics/newest.pt'.
Saved model with best loss 1.7604 to 'data/predictions/almnps_8857/topological/ood/politics/best.pt'.
[Epoch 2/50] Train completed with Micro-f1: 0.6901, Macro-f1: 0.5389, Weighted-f1: 0.6543, Loss: 1.1568
[Epoch 2/50] Evaluation completed with Micro-f1: 0.5385, Macro-f1: 0.3597, Weighted-f1: 0.4908, Loss: 1.4714
Saved models from epoch 2 to 'data/predictions/almnps_8857/topological/ood/politics/newest.pt'.
Saved model with best loss 1.4714 to 'data/predictions/almnps_8857/topological/ood/politics/best.pt'.
[Epoch 3/50] Train completed with Micro-f1: 0.8251, Macro-f1: 0.7207, Weighted-f1: 0.8066, Loss: 0.7284
[Epoch 3/50] Evaluation completed with Micro-f1: 0.5566, Macro-f1: 0.3799, Weighted-f1: 0.5152, Loss: 1.3572
Saved models from epoch 3 to 'data/predictions/almnps_8857/topological/ood/politics/newest.pt'.
Saved model with best loss 1.3572 to 'data/predictions/almnps_8857/topological/ood/politics/best.pt'.
[Epoch 4/50] Train completed with Micro-f1: 0.8917, Macro-f1: 0.8252, Weighted-f1: 0.8822, Loss: 0.4709
[Epoch 4/50] Evaluation completed with Micro-f1: 0.5685, Macro-f1: 0.3942, Weighted-f1: 0.5310, Loss: 1.3325
Saved models from epoch 4 to 'data/predictions/almnps_8857/topological/ood/politics/newest.pt'.
Saved model with best loss 1.3325 to 'data/predictions/almnps_8857/topological/ood/politics/best.pt'.
[Epoch 5/50] Train completed with Micro-f1: 0.9427, Macro-f1: 0.8942, Weighted-f1: 0.9368, Loss: 0.3020
[Epoch 5/50] Evaluation completed with Micro-f1: 0.5766, Macro-f1: 0.4038, Weighted-f1: 0.5409, Loss: 1.3432
Saved models from epoch 5 to 'data/predictions/almnps_8857/topological/ood/politics/newest.pt'.
[Epoch 6/50] Train completed with Micro-f1: 0.9682, Macro-f1: 0.9388, Weighted-f1: 0.9664, Loss: 0.2040
[Epoch 6/50] Evaluation completed with Micro-f1: 0.5831, Macro-f1: 0.4120, Weighted-f1: 0.5496, Loss: 1.3277
Saved models from epoch 6 to 'data/predictions/almnps_8857/topological/ood/politics/newest.pt'.
Saved model with best loss 1.3277 to 'data/predictions/almnps_8857/topological/ood/politics/best.pt'.
[Epoch 7/50] Train completed with Micro-f1: 0.9833, Macro-f1: 0.9737, Weighted-f1: 0.9827, Loss: 0.1332
[Epoch 7/50] Evaluation completed with Micro-f1: 0.5890, Macro-f1: 0.4191, Weighted-f1: 0.5571, Loss: 1.3625
Saved models from epoch 7 to 'data/predictions/almnps_8857/topological/ood/politics/newest.pt'.
[Epoch 8/50] Train completed with Micro-f1: 0.9894, Macro-f1: 0.9820, Weighted-f1: 0.9891, Loss: 0.0960
[Epoch 8/50] Evaluation completed with Micro-f1: 0.5935, Macro-f1: 0.4250, Weighted-f1: 0.5628, Loss: 1.3558
Saved models from epoch 8 to 'data/predictions/almnps_8857/topological/ood/politics/newest.pt'.
[Epoch 9/50] Train completed with Micro-f1: 0.9922, Macro-f1: 0.9864, Weighted-f1: 0.9917, Loss: 0.0688
[Epoch 9/50] Evaluation completed with Micro-f1: 0.5964, Macro-f1: 0.4291, Weighted-f1: 0.5665, Loss: 1.4410
Saved models from epoch 9 to 'data/predictions/almnps_8857/topological/ood/politics/newest.pt'.
No improvement since 3 epochs (1.3277 loss). Early stop.
OOD training completed for test topic politics after 9 epochs.
Loaded <torch.utils.data.dataloader.DataLoader object at 0x7f8fdcfa1fd0> (train).
Loaded <torch.utils.data.dataloader.DataLoader object at 0x7f8fdd94e1c0> (dev).
Starting training on ['ai', 'literature', 'music', 'news', 'politics'] data.
Loaded <TransformerEmbeddings: dim=768>.
Using classifier: <LinearClassifier: emb_model = <TransformerEmbeddings: dim=768>>
Using criterion: <LabelLoss: loss=XEnt>.
Optimizing using: AdamW with learning rate 2e-05.
[Epoch 1/50] Train completed with Micro-f1: 0.3826, Macro-f1: 0.2244, Weighted-f1: 0.3121, Loss: 2.1115
[Epoch 1/50] Evaluation completed with Micro-f1: 0.5306, Macro-f1: 0.3570, Weighted-f1: 0.4856, Loss: 1.6513
Saved models from epoch 1 to 'data/predictions/almnps_8857/topological/ood/science/newest.pt'.
Saved model with best loss 1.6513 to 'data/predictions/almnps_8857/topological/ood/science/best.pt'.
[Epoch 2/50] Train completed with Micro-f1: 0.6890, Macro-f1: 0.5208, Weighted-f1: 0.6501, Loss: 1.1316
[Epoch 2/50] Evaluation completed with Micro-f1: 0.5472, Macro-f1: 0.3775, Weighted-f1: 0.5085, Loss: 1.4248
Saved models from epoch 2 to 'data/predictions/almnps_8857/topological/ood/science/newest.pt'.
Saved model with best loss 1.4248 to 'data/predictions/almnps_8857/topological/ood/science/best.pt'.
[Epoch 3/50] Train completed with Micro-f1: 0.8186, Macro-f1: 0.7144, Weighted-f1: 0.8010, Loss: 0.7066
[Epoch 3/50] Evaluation completed with Micro-f1: 0.5632, Macro-f1: 0.3967, Weighted-f1: 0.5262, Loss: 1.3430
Saved models from epoch 3 to 'data/predictions/almnps_8857/topological/ood/science/newest.pt'.
Saved model with best loss 1.3430 to 'data/predictions/almnps_8857/topological/ood/science/best.pt'.
[Epoch 4/50] Train completed with Micro-f1: 0.8963, Macro-f1: 0.8252, Weighted-f1: 0.8886, Loss: 0.4497
[Epoch 4/50] Evaluation completed with Micro-f1: 0.5732, Macro-f1: 0.4095, Weighted-f1: 0.5387, Loss: 1.3285
Saved models from epoch 4 to 'data/predictions/almnps_8857/topological/ood/science/newest.pt'.
Saved model with best loss 1.3285 to 'data/predictions/almnps_8857/topological/ood/science/best.pt'.
[Epoch 5/50] Train completed with Micro-f1: 0.9448, Macro-f1: 0.9030, Weighted-f1: 0.9397, Loss: 0.2810
[Epoch 5/50] Evaluation completed with Micro-f1: 0.5812, Macro-f1: 0.4175, Weighted-f1: 0.5483, Loss: 1.3901
Saved models from epoch 5 to 'data/predictions/almnps_8857/topological/ood/science/newest.pt'.
[Epoch 6/50] Train completed with Micro-f1: 0.9594, Macro-f1: 0.9256, Weighted-f1: 0.9574, Loss: 0.2001
[Epoch 6/50] Evaluation completed with Micro-f1: 0.5862, Macro-f1: 0.4225, Weighted-f1: 0.5546, Loss: 1.4442
Saved models from epoch 6 to 'data/predictions/almnps_8857/topological/ood/science/newest.pt'.
[Epoch 7/50] Train completed with Micro-f1: 0.9838, Macro-f1: 0.9757, Weighted-f1: 0.9827, Loss: 0.1246
[Epoch 7/50] Evaluation completed with Micro-f1: 0.5899, Macro-f1: 0.4275, Weighted-f1: 0.5599, Loss: 1.4855
Saved models from epoch 7 to 'data/predictions/almnps_8857/topological/ood/science/newest.pt'.
No improvement since 3 epochs (1.3285 loss). Early stop.
OOD training completed for test topic science after 7 epochs.
TRAINING COMPLETED with:
	Domains:		['ai', 'literature', 'music', 'news', 'politics', 'science']
	OOD validaation:	True
	Mapping type:		topological
