Saved arguments to data/predictions/single_domain/n_8878/embedding/all/args.json.
loading projection weights from /home/davidsule/gensim-data/word2vec-google-news-300/word2vec-google-news-300.gz
KeyedVectors lifecycle event {'msg': 'loaded (3000000, 300) matrix of type float32 from /home/davidsule/gensim-data/word2vec-google-news-300/word2vec-google-news-300.gz', 'binary': True, 'encoding': 'utf8', 'datetime': '2023-05-17T00:30:04.692358', 'gensim': '4.3.0', 'python': '3.9.16 | packaged by conda-forge | (main, Feb  1 2023, 21:39:03) \n[GCC 11.3.0]', 'platform': 'Linux-5.15.90.1-microsoft-standard-WSL2-x86_64-with-glibc2.31', 'event': 'load_word2vec_format'}
Saved category mapping to data/predictions/single_domain/n_8878/embedding/all/entity2category_mapping.json.
Loaded category mapping: embedding.
Loaded <torch.utils.data.dataloader.DataLoader object at 0x7fdefd2a55e0> (train).
Loaded <torch.utils.data.dataloader.DataLoader object at 0x7fdefd2a56d0> (dev).
Starting training on ['news'] data.
Read data from folder data/crossre_data/
Loaded <TransformerEmbeddings: dim=768>.
Using classifier: <LinearClassifier: emb_model = <TransformerEmbeddings: dim=768>>
Using criterion: <LabelLoss: loss=XEnt>.
Optimizing using: AdamW with learning rate 2e-05.
[Epoch 1/50] Train completed with Micro-f1: 0.1382, Macro-f1: 0.0736, Weighted-f1: 0.1139, Loss: 2.6767
[Epoch 1/50] Evaluation completed with Micro-f1: 0.2958, Macro-f1: 0.1282, Weighted-f1: 0.1995, Loss: 2.4353
Saved models from epoch 1 to 'data/predictions/single_domain/n_8878/embedding/all/newest.pt'.
Saved model with best loss 2.4353 to 'data/predictions/single_domain/n_8878/embedding/all/best.pt'.
[Epoch 2/50] Train completed with Micro-f1: 0.4118, Macro-f1: 0.1616, Weighted-f1: 0.3103, Loss: 2.0130
[Epoch 2/50] Evaluation completed with Micro-f1: 0.2911, Macro-f1: 0.1223, Weighted-f1: 0.1983, Loss: 2.1522
Saved models from epoch 2 to 'data/predictions/single_domain/n_8878/embedding/all/newest.pt'.
Saved model with best loss 2.1522 to 'data/predictions/single_domain/n_8878/embedding/all/best.pt'.
[Epoch 3/50] Train completed with Micro-f1: 0.4847, Macro-f1: 0.2165, Weighted-f1: 0.3828, Loss: 1.6586
[Epoch 3/50] Evaluation completed with Micro-f1: 0.3017, Macro-f1: 0.1290, Weighted-f1: 0.2108, Loss: 2.1098
Saved models from epoch 3 to 'data/predictions/single_domain/n_8878/embedding/all/newest.pt'.
Saved model with best loss 2.1098 to 'data/predictions/single_domain/n_8878/embedding/all/best.pt'.
[Epoch 4/50] Train completed with Micro-f1: 0.5576, Macro-f1: 0.3168, Weighted-f1: 0.4836, Loss: 1.4101
[Epoch 4/50] Evaluation completed with Micro-f1: 0.3052, Macro-f1: 0.1430, Weighted-f1: 0.2197, Loss: 2.1652
Saved models from epoch 4 to 'data/predictions/single_domain/n_8878/embedding/all/newest.pt'.
[Epoch 5/50] Train completed with Micro-f1: 0.7017, Macro-f1: 0.4686, Weighted-f1: 0.6556, Loss: 1.1618
[Epoch 5/50] Evaluation completed with Micro-f1: 0.3040, Macro-f1: 0.1532, Weighted-f1: 0.2201, Loss: 2.1605
Saved models from epoch 5 to 'data/predictions/single_domain/n_8878/embedding/all/newest.pt'.
[Epoch 6/50] Train completed with Micro-f1: 0.7347, Macro-f1: 0.5166, Weighted-f1: 0.6885, Loss: 1.0079
[Epoch 6/50] Evaluation completed with Micro-f1: 0.3031, Macro-f1: 0.1577, Weighted-f1: 0.2195, Loss: 2.2255
Saved models from epoch 6 to 'data/predictions/single_domain/n_8878/embedding/all/newest.pt'.
No improvement since 3 epochs (2.1098 loss). Early stop.
Training completed after 6 epochs.
TRAINING COMPLETED with:
	Domains:		['news']
	OOD validaation:	False
	Mapping type:		embedding
