Saved arguments to data/predictions\almnps_8878\no_mapping\all\args.json.
Saved category mapping to data/predictions\almnps_8878\no_mapping\all\entity2category_mapping.json.
Loaded category mapping: no_mapping.
Loaded <torch.utils.data.dataloader.DataLoader object at 0x00000201658B7580> (train).
Loaded <torch.utils.data.dataloader.DataLoader object at 0x0000020165C79A60> (dev).
Starting training on ['ai', 'literature', 'music', 'news', 'politics', 'science'] data.
Read data from folder data/crossre_data/
Loaded <TransformerEmbeddings: dim=768>.
Using classifier: <LinearClassifier: emb_model = <TransformerEmbeddings: dim=768>>
Using criterion: <LabelLoss: loss=XEnt>.
Optimizing using: AdamW with learning rate 2e-05.
[Epoch 1/50] Train completed with Micro-f1: 0.4036, Macro-f1: 0.2328, Weighted-f1: 0.3352, Loss: 2.0674
[Epoch 1/50] Evaluation completed with Micro-f1: 0.5023, Macro-f1: 0.3311, Weighted-f1: 0.4551, Loss: 1.7549
Saved models from epoch 1 to 'data/predictions\almnps_8878\no_mapping\all\newest.pt'.
Saved model with best loss 1.7549 to 'data/predictions\almnps_8878\no_mapping\all\best.pt'.
[Epoch 2/50] Train completed with Micro-f1: 0.6910, Macro-f1: 0.5393, Weighted-f1: 0.6593, Loss: 1.1209
[Epoch 2/50] Evaluation completed with Micro-f1: 0.5253, Macro-f1: 0.3592, Weighted-f1: 0.4841, Loss: 1.5534
Saved models from epoch 2 to 'data/predictions\almnps_8878\no_mapping\all\newest.pt'.
Saved model with best loss 1.5534 to 'data/predictions\almnps_8878\no_mapping\all\best.pt'.
[Epoch 3/50] Train completed with Micro-f1: 0.8142, Macro-f1: 0.7209, Weighted-f1: 0.8000, Loss: 0.7228
[Epoch 3/50] Evaluation completed with Micro-f1: 0.5395, Macro-f1: 0.3787, Weighted-f1: 0.5034, Loss: 1.4286
Saved models from epoch 3 to 'data/predictions\almnps_8878\no_mapping\all\newest.pt'.
Saved model with best loss 1.4286 to 'data/predictions\almnps_8878\no_mapping\all\best.pt'.
[Epoch 4/50] Train completed with Micro-f1: 0.8924, Macro-f1: 0.8105, Weighted-f1: 0.8808, Loss: 0.4609
[Epoch 4/50] Evaluation completed with Micro-f1: 0.5516, Macro-f1: 0.3916, Weighted-f1: 0.5189, Loss: 1.4263
Saved models from epoch 4 to 'data/predictions\almnps_8878\no_mapping\all\newest.pt'.
Saved model with best loss 1.4263 to 'data/predictions\almnps_8878\no_mapping\all\best.pt'.
[Epoch 5/50] Train completed with Micro-f1: 0.9410, Macro-f1: 0.8896, Weighted-f1: 0.9373, Loss: 0.2956
[Epoch 5/50] Evaluation completed with Micro-f1: 0.5598, Macro-f1: 0.4016, Weighted-f1: 0.5297, Loss: 1.4135
Saved models from epoch 5 to 'data/predictions\almnps_8878\no_mapping\all\newest.pt'.
Saved model with best loss 1.4135 to 'data/predictions\almnps_8878\no_mapping\all\best.pt'.
[Epoch 6/50] Train completed with Micro-f1: 0.9761, Macro-f1: 0.9550, Weighted-f1: 0.9747, Loss: 0.1850
[Epoch 6/50] Evaluation completed with Micro-f1: 0.5659, Macro-f1: 0.4101, Weighted-f1: 0.5376, Loss: 1.4342
Saved models from epoch 6 to 'data/predictions\almnps_8878\no_mapping\all\newest.pt'.
[Epoch 7/50] Train completed with Micro-f1: 0.9870, Macro-f1: 0.9762, Weighted-f1: 0.9861, Loss: 0.1250
[Epoch 7/50] Evaluation completed with Micro-f1: 0.5714, Macro-f1: 0.4159, Weighted-f1: 0.5441, Loss: 1.5272
Saved models from epoch 7 to 'data/predictions\almnps_8878\no_mapping\all\newest.pt'.
[Epoch 8/50] Train completed with Micro-f1: 0.9887, Macro-f1: 0.9776, Weighted-f1: 0.9882, Loss: 0.0966
[Epoch 8/50] Evaluation completed with Micro-f1: 0.5757, Macro-f1: 0.4206, Weighted-f1: 0.5495, Loss: 1.5408
Saved models from epoch 8 to 'data/predictions\almnps_8878\no_mapping\all\newest.pt'.
No improvement since 3 epochs (1.4135 loss). Early stop.
Training completed after 8 epochs.
TRAINING COMPLETED with:
	Domains:		['ai', 'literature', 'music', 'news', 'politics', 'science']
	OOD validaation:	False
	Mapping type:		None
