Saved arguments to data/predictions/almnps_5096/embedding/all/args.json.
loading projection weights from /home/davidsule/gensim-data/word2vec-google-news-300/word2vec-google-news-300.gz
KeyedVectors lifecycle event {'msg': 'loaded (3000000, 300) matrix of type float32 from /home/davidsule/gensim-data/word2vec-google-news-300/word2vec-google-news-300.gz', 'binary': True, 'encoding': 'utf8', 'datetime': '2023-05-07T09:45:55.216764', 'gensim': '4.3.0', 'python': '3.9.16 | packaged by conda-forge | (main, Feb  1 2023, 21:39:03) \n[GCC 11.3.0]', 'platform': 'Linux-5.15.90.1-microsoft-standard-WSL2-x86_64-with-glibc2.31', 'event': 'load_word2vec_format'}
Saved category mapping to data/predictions/almnps_5096/embedding/all/mapping.json.
Loaded category mapping: embedding.
Loaded <torch.utils.data.dataloader.DataLoader object at 0x7ff13e7138b0> (train).
Loaded <torch.utils.data.dataloader.DataLoader object at 0x7ff13e713d60> (dev).
Starting training on ai data.
Loaded <TransformerEmbeddings: dim=768>.
Using classifier: <LinearClassifier: emb_model = <TransformerEmbeddings: dim=768>>
Using criterion: <LabelLoss: loss=XEnt>.
Optimizing using: AdamW with learning rate 2e-05.
[Epoch 1/50] Train completed with Micro-f1: 0.3997, Macro-f1: 0.2358, Weighted-f1: 0.3367, Loss: 2.0759
[Epoch 1/50] Evaluation completed with Micro-f1: 0.4912, Macro-f1: 0.3132, Weighted-f1: 0.4410, Loss: 1.7354
Saved models from epoch 1 to 'data/predictions/almnps_5096/embedding/all/newest.pt'.
Saved model with best loss 1.7354 to 'data/predictions/almnps_5096/embedding/all/best.pt'.
[Epoch 2/50] Train completed with Micro-f1: 0.6970, Macro-f1: 0.5517, Weighted-f1: 0.6659, Loss: 1.1103
[Epoch 2/50] Evaluation completed with Micro-f1: 0.5194, Macro-f1: 0.3486, Weighted-f1: 0.4751, Loss: 1.4859
Saved models from epoch 2 to 'data/predictions/almnps_5096/embedding/all/newest.pt'.
Saved model with best loss 1.4859 to 'data/predictions/almnps_5096/embedding/all/best.pt'.
[Epoch 3/50] Train completed with Micro-f1: 0.8346, Macro-f1: 0.7321, Weighted-f1: 0.8185, Loss: 0.6790
[Epoch 3/50] Evaluation completed with Micro-f1: 0.5386, Macro-f1: 0.3718, Weighted-f1: 0.4996, Loss: 1.4392
Saved models from epoch 3 to 'data/predictions/almnps_5096/embedding/all/newest.pt'.
Saved model with best loss 1.4392 to 'data/predictions/almnps_5096/embedding/all/best.pt'.
[Epoch 4/50] Train completed with Micro-f1: 0.8967, Macro-f1: 0.8220, Weighted-f1: 0.8865, Loss: 0.4337
[Epoch 4/50] Evaluation completed with Micro-f1: 0.5517, Macro-f1: 0.3891, Weighted-f1: 0.5179, Loss: 1.3910
Saved models from epoch 4 to 'data/predictions/almnps_5096/embedding/all/newest.pt'.
Saved model with best loss 1.3910 to 'data/predictions/almnps_5096/embedding/all/best.pt'.
[Epoch 5/50] Train completed with Micro-f1: 0.9427, Macro-f1: 0.8893, Weighted-f1: 0.9363, Loss: 0.2780
[Epoch 5/50] Evaluation completed with Micro-f1: 0.5603, Macro-f1: 0.4000, Weighted-f1: 0.5284, Loss: 1.4377
Saved models from epoch 5 to 'data/predictions/almnps_5096/embedding/all/newest.pt'.
[Epoch 6/50] Train completed with Micro-f1: 0.9748, Macro-f1: 0.9479, Weighted-f1: 0.9716, Loss: 0.1684
[Epoch 6/50] Evaluation completed with Micro-f1: 0.5667, Macro-f1: 0.4065, Weighted-f1: 0.5358, Loss: 1.4866
Saved models from epoch 6 to 'data/predictions/almnps_5096/embedding/all/newest.pt'.
[Epoch 7/50] Train completed with Micro-f1: 0.9883, Macro-f1: 0.9796, Weighted-f1: 0.9876, Loss: 0.1151
[Epoch 7/50] Evaluation completed with Micro-f1: 0.5709, Macro-f1: 0.4114, Weighted-f1: 0.5409, Loss: 1.5465
Saved models from epoch 7 to 'data/predictions/almnps_5096/embedding/all/newest.pt'.
No improvement since 3 epochs (1.3910 loss). Early stop.
Training completed after 7 epochs.
