Saved arguments to data/predictions/almnps_5096/elisa/ood/args.json.
Saved category mapping to data/predictions/almnps_5096/elisa/ood/mapping.json.
Loaded category mapping: elisa.
Loaded <torch.utils.data.dataloader.DataLoader object at 0x7fdc26315790> (train).
Loaded <torch.utils.data.dataloader.DataLoader object at 0x7fdc26315e50> (dev).
Starting training on ['literature', 'music', 'news', 'politics', 'science'] data.
Loaded <TransformerEmbeddings: dim=768>.
Using classifier: <LinearClassifier: emb_model = <TransformerEmbeddings: dim=768>>
Using criterion: <LabelLoss: loss=XEnt>.
Optimizing using: AdamW with learning rate 2e-05.
[Epoch 1/50] Train completed with Micro-f1: 0.4139, Macro-f1: 0.2312, Weighted-f1: 0.3422, Loss: 2.0154
[Epoch 1/50] Evaluation completed with Micro-f1: 0.5280, Macro-f1: 0.3345, Weighted-f1: 0.4625, Loss: 1.6774
Saved models from epoch 1 to 'data/predictions/almnps_5096/elisa/ood/ai/newest.pt'.
Saved model with best loss 1.6774 to 'data/predictions/almnps_5096/elisa/ood/ai/best.pt'.
[Epoch 2/50] Train completed with Micro-f1: 0.7039, Macro-f1: 0.5420, Weighted-f1: 0.6656, Loss: 1.0822
[Epoch 2/50] Evaluation completed with Micro-f1: 0.5376, Macro-f1: 0.3514, Weighted-f1: 0.4796, Loss: 1.5266
Saved models from epoch 2 to 'data/predictions/almnps_5096/elisa/ood/ai/newest.pt'.
Saved model with best loss 1.5266 to 'data/predictions/almnps_5096/elisa/ood/ai/best.pt'.
[Epoch 3/50] Train completed with Micro-f1: 0.8263, Macro-f1: 0.7274, Weighted-f1: 0.8087, Loss: 0.6865
[Epoch 3/50] Evaluation completed with Micro-f1: 0.5534, Macro-f1: 0.3710, Weighted-f1: 0.5018, Loss: 1.4585
Saved models from epoch 3 to 'data/predictions/almnps_5096/elisa/ood/ai/newest.pt'.
Saved model with best loss 1.4585 to 'data/predictions/almnps_5096/elisa/ood/ai/best.pt'.
[Epoch 4/50] Train completed with Micro-f1: 0.8929, Macro-f1: 0.7993, Weighted-f1: 0.8839, Loss: 0.4374
[Epoch 4/50] Evaluation completed with Micro-f1: 0.5624, Macro-f1: 0.3855, Weighted-f1: 0.5161, Loss: 1.5210
Saved models from epoch 4 to 'data/predictions/almnps_5096/elisa/ood/ai/newest.pt'.
[Epoch 5/50] Train completed with Micro-f1: 0.9401, Macro-f1: 0.8781, Weighted-f1: 0.9341, Loss: 0.2872
[Epoch 5/50] Evaluation completed with Micro-f1: 0.5723, Macro-f1: 0.3986, Weighted-f1: 0.5302, Loss: 1.4158
Saved models from epoch 5 to 'data/predictions/almnps_5096/elisa/ood/ai/newest.pt'.
Saved model with best loss 1.4158 to 'data/predictions/almnps_5096/elisa/ood/ai/best.pt'.
[Epoch 6/50] Train completed with Micro-f1: 0.9708, Macro-f1: 0.9393, Weighted-f1: 0.9689, Loss: 0.1816
[Epoch 6/50] Evaluation completed with Micro-f1: 0.5794, Macro-f1: 0.4087, Weighted-f1: 0.5400, Loss: 1.4727
Saved models from epoch 6 to 'data/predictions/almnps_5096/elisa/ood/ai/newest.pt'.
[Epoch 7/50] Train completed with Micro-f1: 0.9826, Macro-f1: 0.9649, Weighted-f1: 0.9802, Loss: 0.1206
[Epoch 7/50] Evaluation completed with Micro-f1: 0.5843, Macro-f1: 0.4163, Weighted-f1: 0.5472, Loss: 1.5493
Saved models from epoch 7 to 'data/predictions/almnps_5096/elisa/ood/ai/newest.pt'.
[Epoch 8/50] Train completed with Micro-f1: 0.9898, Macro-f1: 0.9811, Weighted-f1: 0.9895, Loss: 0.0854
[Epoch 8/50] Evaluation completed with Micro-f1: 0.5882, Macro-f1: 0.4212, Weighted-f1: 0.5526, Loss: 1.5679
Saved models from epoch 8 to 'data/predictions/almnps_5096/elisa/ood/ai/newest.pt'.
No improvement since 3 epochs (1.4158 loss). Early stop.
OOD training completed for test topic ai after 8 epochs.
Loaded <torch.utils.data.dataloader.DataLoader object at 0x7fdc27df9d90> (train).
Loaded <torch.utils.data.dataloader.DataLoader object at 0x7fdc26315c10> (dev).
Starting training on ['ai', 'music', 'news', 'politics', 'science'] data.
Loaded <TransformerEmbeddings: dim=768>.
Using classifier: <LinearClassifier: emb_model = <TransformerEmbeddings: dim=768>>
Using criterion: <LabelLoss: loss=XEnt>.
Optimizing using: AdamW with learning rate 2e-05.
[Epoch 1/50] Train completed with Micro-f1: 0.3908, Macro-f1: 0.2209, Weighted-f1: 0.3205, Loss: 2.0415
[Epoch 1/50] Evaluation completed with Micro-f1: 0.4991, Macro-f1: 0.3369, Weighted-f1: 0.4620, Loss: 1.6475
Saved models from epoch 1 to 'data/predictions/almnps_5096/elisa/ood/literature/newest.pt'.
Saved model with best loss 1.6475 to 'data/predictions/almnps_5096/elisa/ood/literature/best.pt'.
[Epoch 2/50] Train completed with Micro-f1: 0.7058, Macro-f1: 0.5708, Weighted-f1: 0.6795, Loss: 1.0880
[Epoch 2/50] Evaluation completed with Micro-f1: 0.5159, Macro-f1: 0.3631, Weighted-f1: 0.4845, Loss: 1.5077
Saved models from epoch 2 to 'data/predictions/almnps_5096/elisa/ood/literature/newest.pt'.
Saved model with best loss 1.5077 to 'data/predictions/almnps_5096/elisa/ood/literature/best.pt'.
[Epoch 3/50] Train completed with Micro-f1: 0.8355, Macro-f1: 0.7464, Weighted-f1: 0.8255, Loss: 0.6725
[Epoch 3/50] Evaluation completed with Micro-f1: 0.5262, Macro-f1: 0.3721, Weighted-f1: 0.4962, Loss: 1.4535
Saved models from epoch 3 to 'data/predictions/almnps_5096/elisa/ood/literature/newest.pt'.
Saved model with best loss 1.4535 to 'data/predictions/almnps_5096/elisa/ood/literature/best.pt'.
[Epoch 4/50] Train completed with Micro-f1: 0.8996, Macro-f1: 0.8309, Weighted-f1: 0.8921, Loss: 0.4373
[Epoch 4/50] Evaluation completed with Micro-f1: 0.5370, Macro-f1: 0.3856, Weighted-f1: 0.5099, Loss: 1.4231
Saved models from epoch 4 to 'data/predictions/almnps_5096/elisa/ood/literature/newest.pt'.
Saved model with best loss 1.4231 to 'data/predictions/almnps_5096/elisa/ood/literature/best.pt'.
[Epoch 5/50] Train completed with Micro-f1: 0.9494, Macro-f1: 0.9193, Weighted-f1: 0.9462, Loss: 0.2791
[Epoch 5/50] Evaluation completed with Micro-f1: 0.5437, Macro-f1: 0.3945, Weighted-f1: 0.5185, Loss: 1.4625
Saved models from epoch 5 to 'data/predictions/almnps_5096/elisa/ood/literature/newest.pt'.
[Epoch 6/50] Train completed with Micro-f1: 0.9751, Macro-f1: 0.9578, Weighted-f1: 0.9731, Loss: 0.1800
[Epoch 6/50] Evaluation completed with Micro-f1: 0.5497, Macro-f1: 0.4020, Weighted-f1: 0.5267, Loss: 1.5009
Saved models from epoch 6 to 'data/predictions/almnps_5096/elisa/ood/literature/newest.pt'.
[Epoch 7/50] Train completed with Micro-f1: 0.9883, Macro-f1: 0.9737, Weighted-f1: 0.9881, Loss: 0.1104
[Epoch 7/50] Evaluation completed with Micro-f1: 0.5543, Macro-f1: 0.4094, Weighted-f1: 0.5328, Loss: 1.5491
Saved models from epoch 7 to 'data/predictions/almnps_5096/elisa/ood/literature/newest.pt'.
No improvement since 3 epochs (1.4231 loss). Early stop.
OOD training completed for test topic literature after 7 epochs.
Loaded <torch.utils.data.dataloader.DataLoader object at 0x7fdc26163850> (train).
Loaded <torch.utils.data.dataloader.DataLoader object at 0x7fdc070534c0> (dev).
Starting training on ['ai', 'literature', 'news', 'politics', 'science'] data.
Loaded <TransformerEmbeddings: dim=768>.
Using classifier: <LinearClassifier: emb_model = <TransformerEmbeddings: dim=768>>
Using criterion: <LabelLoss: loss=XEnt>.
Optimizing using: AdamW with learning rate 2e-05.
[Epoch 1/50] Train completed with Micro-f1: 0.3344, Macro-f1: 0.1770, Weighted-f1: 0.2544, Loss: 2.1939
[Epoch 1/50] Evaluation completed with Micro-f1: 0.4672, Macro-f1: 0.3051, Weighted-f1: 0.4230, Loss: 1.8350
Saved models from epoch 1 to 'data/predictions/almnps_5096/elisa/ood/music/newest.pt'.
Saved model with best loss 1.8350 to 'data/predictions/almnps_5096/elisa/ood/music/best.pt'.
[Epoch 2/50] Train completed with Micro-f1: 0.6767, Macro-f1: 0.5317, Weighted-f1: 0.6435, Loss: 1.2143
[Epoch 2/50] Evaluation completed with Micro-f1: 0.4906, Macro-f1: 0.3314, Weighted-f1: 0.4510, Loss: 1.6112
Saved models from epoch 2 to 'data/predictions/almnps_5096/elisa/ood/music/newest.pt'.
Saved model with best loss 1.6112 to 'data/predictions/almnps_5096/elisa/ood/music/best.pt'.
[Epoch 3/50] Train completed with Micro-f1: 0.8026, Macro-f1: 0.6918, Weighted-f1: 0.7853, Loss: 0.7753
[Epoch 3/50] Evaluation completed with Micro-f1: 0.5016, Macro-f1: 0.3485, Weighted-f1: 0.4685, Loss: 1.5654
Saved models from epoch 3 to 'data/predictions/almnps_5096/elisa/ood/music/newest.pt'.
Saved model with best loss 1.5654 to 'data/predictions/almnps_5096/elisa/ood/music/best.pt'.
[Epoch 4/50] Train completed with Micro-f1: 0.8875, Macro-f1: 0.8196, Weighted-f1: 0.8762, Loss: 0.4950
[Epoch 4/50] Evaluation completed with Micro-f1: 0.5140, Macro-f1: 0.3642, Weighted-f1: 0.4847, Loss: 1.4929
Saved models from epoch 4 to 'data/predictions/almnps_5096/elisa/ood/music/newest.pt'.
Saved model with best loss 1.4929 to 'data/predictions/almnps_5096/elisa/ood/music/best.pt'.
[Epoch 5/50] Train completed with Micro-f1: 0.9384, Macro-f1: 0.8764, Weighted-f1: 0.9333, Loss: 0.3250
[Epoch 5/50] Evaluation completed with Micro-f1: 0.5209, Macro-f1: 0.3736, Weighted-f1: 0.4946, Loss: 1.5326
Saved models from epoch 5 to 'data/predictions/almnps_5096/elisa/ood/music/newest.pt'.
[Epoch 6/50] Train completed with Micro-f1: 0.9790, Macro-f1: 0.9624, Weighted-f1: 0.9766, Loss: 0.2053
[Epoch 6/50] Evaluation completed with Micro-f1: 0.5264, Macro-f1: 0.3802, Weighted-f1: 0.5016, Loss: 1.5544
Saved models from epoch 6 to 'data/predictions/almnps_5096/elisa/ood/music/newest.pt'.
[Epoch 7/50] Train completed with Micro-f1: 0.9894, Macro-f1: 0.9806, Weighted-f1: 0.9888, Loss: 0.1348
[Epoch 7/50] Evaluation completed with Micro-f1: 0.5303, Macro-f1: 0.3864, Weighted-f1: 0.5070, Loss: 1.6024
Saved models from epoch 7 to 'data/predictions/almnps_5096/elisa/ood/music/newest.pt'.
No improvement since 3 epochs (1.4929 loss). Early stop.
OOD training completed for test topic music after 7 epochs.
Loaded <torch.utils.data.dataloader.DataLoader object at 0x7fdc2623d3d0> (train).
Loaded <torch.utils.data.dataloader.DataLoader object at 0x7fdc261271c0> (dev).
Starting training on ['ai', 'literature', 'music', 'politics', 'science'] data.
Loaded <TransformerEmbeddings: dim=768>.
Using classifier: <LinearClassifier: emb_model = <TransformerEmbeddings: dim=768>>
Using criterion: <LabelLoss: loss=XEnt>.
Optimizing using: AdamW with learning rate 2e-05.
[Epoch 1/50] Train completed with Micro-f1: 0.4082, Macro-f1: 0.2559, Weighted-f1: 0.3547, Loss: 2.0429
[Epoch 1/50] Evaluation completed with Micro-f1: 0.5244, Macro-f1: 0.3495, Weighted-f1: 0.4776, Loss: 1.6287
Saved models from epoch 1 to 'data/predictions/almnps_5096/elisa/ood/news/newest.pt'.
Saved model with best loss 1.6287 to 'data/predictions/almnps_5096/elisa/ood/news/best.pt'.
[Epoch 2/50] Train completed with Micro-f1: 0.7138, Macro-f1: 0.5612, Weighted-f1: 0.6843, Loss: 1.0529
[Epoch 2/50] Evaluation completed with Micro-f1: 0.5525, Macro-f1: 0.3852, Weighted-f1: 0.5153, Loss: 1.4569
Saved models from epoch 2 to 'data/predictions/almnps_5096/elisa/ood/news/newest.pt'.
Saved model with best loss 1.4569 to 'data/predictions/almnps_5096/elisa/ood/news/best.pt'.
[Epoch 3/50] Train completed with Micro-f1: 0.8306, Macro-f1: 0.7310, Weighted-f1: 0.8165, Loss: 0.6646
[Epoch 3/50] Evaluation completed with Micro-f1: 0.5643, Macro-f1: 0.4036, Weighted-f1: 0.5317, Loss: 1.4515
Saved models from epoch 3 to 'data/predictions/almnps_5096/elisa/ood/news/newest.pt'.
Saved model with best loss 1.4515 to 'data/predictions/almnps_5096/elisa/ood/news/best.pt'.
[Epoch 4/50] Train completed with Micro-f1: 0.8977, Macro-f1: 0.8299, Weighted-f1: 0.8914, Loss: 0.4307
[Epoch 4/50] Evaluation completed with Micro-f1: 0.5734, Macro-f1: 0.4132, Weighted-f1: 0.5424, Loss: 1.3865
Saved models from epoch 4 to 'data/predictions/almnps_5096/elisa/ood/news/newest.pt'.
Saved model with best loss 1.3865 to 'data/predictions/almnps_5096/elisa/ood/news/best.pt'.
[Epoch 5/50] Train completed with Micro-f1: 0.9399, Macro-f1: 0.8974, Weighted-f1: 0.9351, Loss: 0.2772
[Epoch 5/50] Evaluation completed with Micro-f1: 0.5792, Macro-f1: 0.4202, Weighted-f1: 0.5497, Loss: 1.4794
Saved models from epoch 5 to 'data/predictions/almnps_5096/elisa/ood/news/newest.pt'.
[Epoch 6/50] Train completed with Micro-f1: 0.9654, Macro-f1: 0.9340, Weighted-f1: 0.9616, Loss: 0.1923
[Epoch 6/50] Evaluation completed with Micro-f1: 0.5853, Macro-f1: 0.4287, Weighted-f1: 0.5567, Loss: 1.4816
Saved models from epoch 6 to 'data/predictions/almnps_5096/elisa/ood/news/newest.pt'.
[Epoch 7/50] Train completed with Micro-f1: 0.9834, Macro-f1: 0.9714, Weighted-f1: 0.9823, Loss: 0.1253
[Epoch 7/50] Evaluation completed with Micro-f1: 0.5898, Macro-f1: 0.4343, Weighted-f1: 0.5622, Loss: 1.5385
Saved models from epoch 7 to 'data/predictions/almnps_5096/elisa/ood/news/newest.pt'.
No improvement since 3 epochs (1.3865 loss). Early stop.
OOD training completed for test topic news after 7 epochs.
Loaded <torch.utils.data.dataloader.DataLoader object at 0x7fdc26279f10> (train).
Loaded <torch.utils.data.dataloader.DataLoader object at 0x7fdc2623d3a0> (dev).
Starting training on ['ai', 'literature', 'music', 'news', 'science'] data.
Loaded <TransformerEmbeddings: dim=768>.
Using classifier: <LinearClassifier: emb_model = <TransformerEmbeddings: dim=768>>
Using criterion: <LabelLoss: loss=XEnt>.
Optimizing using: AdamW with learning rate 2e-05.
[Epoch 1/50] Train completed with Micro-f1: 0.3890, Macro-f1: 0.2247, Weighted-f1: 0.3204, Loss: 2.1010
[Epoch 1/50] Evaluation completed with Micro-f1: 0.5133, Macro-f1: 0.3284, Weighted-f1: 0.4640, Loss: 1.6430
Saved models from epoch 1 to 'data/predictions/almnps_5096/elisa/ood/politics/newest.pt'.
Saved model with best loss 1.6430 to 'data/predictions/almnps_5096/elisa/ood/politics/best.pt'.
[Epoch 2/50] Train completed with Micro-f1: 0.6907, Macro-f1: 0.5220, Weighted-f1: 0.6493, Loss: 1.1553
[Epoch 2/50] Evaluation completed with Micro-f1: 0.5488, Macro-f1: 0.3704, Weighted-f1: 0.5071, Loss: 1.4022
Saved models from epoch 2 to 'data/predictions/almnps_5096/elisa/ood/politics/newest.pt'.
Saved model with best loss 1.4022 to 'data/predictions/almnps_5096/elisa/ood/politics/best.pt'.
[Epoch 3/50] Train completed with Micro-f1: 0.8065, Macro-f1: 0.6853, Weighted-f1: 0.7898, Loss: 0.7393
[Epoch 3/50] Evaluation completed with Micro-f1: 0.5664, Macro-f1: 0.3887, Weighted-f1: 0.5257, Loss: 1.3714
Saved models from epoch 3 to 'data/predictions/almnps_5096/elisa/ood/politics/newest.pt'.
Saved model with best loss 1.3714 to 'data/predictions/almnps_5096/elisa/ood/politics/best.pt'.
[Epoch 4/50] Train completed with Micro-f1: 0.8875, Macro-f1: 0.8121, Weighted-f1: 0.8815, Loss: 0.4840
[Epoch 4/50] Evaluation completed with Micro-f1: 0.5767, Macro-f1: 0.4003, Weighted-f1: 0.5382, Loss: 1.3313
Saved models from epoch 4 to 'data/predictions/almnps_5096/elisa/ood/politics/newest.pt'.
Saved model with best loss 1.3313 to 'data/predictions/almnps_5096/elisa/ood/politics/best.pt'.
[Epoch 5/50] Train completed with Micro-f1: 0.9379, Macro-f1: 0.8919, Weighted-f1: 0.9342, Loss: 0.3196
[Epoch 5/50] Evaluation completed with Micro-f1: 0.5842, Macro-f1: 0.4117, Weighted-f1: 0.5501, Loss: 1.2927
Saved models from epoch 5 to 'data/predictions/almnps_5096/elisa/ood/politics/newest.pt'.
Saved model with best loss 1.2927 to 'data/predictions/almnps_5096/elisa/ood/politics/best.pt'.
[Epoch 6/50] Train completed with Micro-f1: 0.9572, Macro-f1: 0.9255, Weighted-f1: 0.9553, Loss: 0.2263
[Epoch 6/50] Evaluation completed with Micro-f1: 0.5913, Macro-f1: 0.4200, Weighted-f1: 0.5578, Loss: 1.3382
Saved models from epoch 6 to 'data/predictions/almnps_5096/elisa/ood/politics/newest.pt'.
[Epoch 7/50] Train completed with Micro-f1: 0.9777, Macro-f1: 0.9594, Weighted-f1: 0.9767, Loss: 0.1516
[Epoch 7/50] Evaluation completed with Micro-f1: 0.5965, Macro-f1: 0.4262, Weighted-f1: 0.5651, Loss: 1.3698
Saved models from epoch 7 to 'data/predictions/almnps_5096/elisa/ood/politics/newest.pt'.
[Epoch 8/50] Train completed with Micro-f1: 0.9857, Macro-f1: 0.9739, Weighted-f1: 0.9854, Loss: 0.1059
[Epoch 8/50] Evaluation completed with Micro-f1: 0.6004, Macro-f1: 0.4303, Weighted-f1: 0.5694, Loss: 1.4012
Saved models from epoch 8 to 'data/predictions/almnps_5096/elisa/ood/politics/newest.pt'.
No improvement since 3 epochs (1.2927 loss). Early stop.
OOD training completed for test topic politics after 8 epochs.
Loaded <torch.utils.data.dataloader.DataLoader object at 0x7fdc06fd79d0> (train).
Loaded <torch.utils.data.dataloader.DataLoader object at 0x7fdc262719a0> (dev).
Starting training on ['ai', 'literature', 'music', 'news', 'politics'] data.
Loaded <TransformerEmbeddings: dim=768>.
Using classifier: <LinearClassifier: emb_model = <TransformerEmbeddings: dim=768>>
Using criterion: <LabelLoss: loss=XEnt>.
Optimizing using: AdamW with learning rate 2e-05.
[Epoch 1/50] Train completed with Micro-f1: 0.4166, Macro-f1: 0.2537, Weighted-f1: 0.3515, Loss: 1.9893
[Epoch 1/50] Evaluation completed with Micro-f1: 0.5492, Macro-f1: 0.3713, Weighted-f1: 0.5058, Loss: 1.5834
Saved models from epoch 1 to 'data/predictions/almnps_5096/elisa/ood/science/newest.pt'.
Saved model with best loss 1.5834 to 'data/predictions/almnps_5096/elisa/ood/science/best.pt'.
[Epoch 2/50] Train completed with Micro-f1: 0.7009, Macro-f1: 0.5502, Weighted-f1: 0.6682, Loss: 1.1036
[Epoch 2/50] Evaluation completed with Micro-f1: 0.5611, Macro-f1: 0.3875, Weighted-f1: 0.5243, Loss: 1.4075
Saved models from epoch 2 to 'data/predictions/almnps_5096/elisa/ood/science/newest.pt'.
Saved model with best loss 1.4075 to 'data/predictions/almnps_5096/elisa/ood/science/best.pt'.
[Epoch 3/50] Train completed with Micro-f1: 0.8212, Macro-f1: 0.7184, Weighted-f1: 0.8057, Loss: 0.7258
[Epoch 3/50] Evaluation completed with Micro-f1: 0.5723, Macro-f1: 0.4025, Weighted-f1: 0.5363, Loss: 1.3709
Saved models from epoch 3 to 'data/predictions/almnps_5096/elisa/ood/science/newest.pt'.
Saved model with best loss 1.3709 to 'data/predictions/almnps_5096/elisa/ood/science/best.pt'.
[Epoch 4/50] Train completed with Micro-f1: 0.8890, Macro-f1: 0.8126, Weighted-f1: 0.8761, Loss: 0.4812
[Epoch 4/50] Evaluation completed with Micro-f1: 0.5810, Macro-f1: 0.4126, Weighted-f1: 0.5471, Loss: 1.3530
Saved models from epoch 4 to 'data/predictions/almnps_5096/elisa/ood/science/newest.pt'.
Saved model with best loss 1.3530 to 'data/predictions/almnps_5096/elisa/ood/science/best.pt'.
[Epoch 5/50] Train completed with Micro-f1: 0.9306, Macro-f1: 0.8720, Weighted-f1: 0.9231, Loss: 0.3234
[Epoch 5/50] Evaluation completed with Micro-f1: 0.5871, Macro-f1: 0.4204, Weighted-f1: 0.5556, Loss: 1.3767
Saved models from epoch 5 to 'data/predictions/almnps_5096/elisa/ood/science/newest.pt'.
[Epoch 6/50] Train completed with Micro-f1: 0.9630, Macro-f1: 0.9366, Weighted-f1: 0.9600, Loss: 0.2178
[Epoch 6/50] Evaluation completed with Micro-f1: 0.5913, Macro-f1: 0.4266, Weighted-f1: 0.5613, Loss: 1.4630
Saved models from epoch 6 to 'data/predictions/almnps_5096/elisa/ood/science/newest.pt'.
[Epoch 7/50] Train completed with Micro-f1: 0.9823, Macro-f1: 0.9724, Weighted-f1: 0.9807, Loss: 0.1477
[Epoch 7/50] Evaluation completed with Micro-f1: 0.5951, Macro-f1: 0.4313, Weighted-f1: 0.5660, Loss: 1.5159
Saved models from epoch 7 to 'data/predictions/almnps_5096/elisa/ood/science/newest.pt'.
No improvement since 3 epochs (1.3530 loss). Early stop.
OOD training completed for test topic science after 7 epochs.
