Saved arguments to data/predictions/single_domain/s_4012/thesaurus_affinity/all/args.json.
loading projection weights from /home/davidsule/gensim-data/word2vec-google-news-300/word2vec-google-news-300.gz
KeyedVectors lifecycle event {'msg': 'loaded (3000000, 300) matrix of type float32 from /home/davidsule/gensim-data/word2vec-google-news-300/word2vec-google-news-300.gz', 'binary': True, 'encoding': 'utf8', 'datetime': '2023-05-16T20:23:12.509821', 'gensim': '4.3.0', 'python': '3.9.16 | packaged by conda-forge | (main, Feb  1 2023, 21:39:03) \n[GCC 11.3.0]', 'platform': 'Linux-5.15.90.1-microsoft-standard-WSL2-x86_64-with-glibc2.31', 'event': 'load_word2vec_format'}
Saved category mapping to data/predictions/single_domain/s_4012/thesaurus_affinity/all/entity2category_mapping.json.
Loaded category mapping: thesaurus_affinity.
Loaded <torch.utils.data.dataloader.DataLoader object at 0x7fe3ff44ae50> (train).
Loaded <torch.utils.data.dataloader.DataLoader object at 0x7fe3ff44a520> (dev).
Starting training on ['science'] data.
Read data from folder data/crossre_data/
Loaded <TransformerEmbeddings: dim=768>.
Using classifier: <LinearClassifier: emb_model = <TransformerEmbeddings: dim=768>>
Using criterion: <LabelLoss: loss=XEnt>.
Optimizing using: AdamW with learning rate 2e-05.
[Epoch 1/50] Train completed with Micro-f1: 0.2977, Macro-f1: 0.1652, Weighted-f1: 0.2332, Loss: 2.4920
[Epoch 1/50] Evaluation completed with Micro-f1: 0.2399, Macro-f1: 0.0812, Weighted-f1: 0.1648, Loss: 2.4819
Saved models from epoch 1 to 'data/predictions/single_domain/s_4012/thesaurus_affinity/all/newest.pt'.
Saved model with best loss 2.4819 to 'data/predictions/single_domain/s_4012/thesaurus_affinity/all/best.pt'.
[Epoch 2/50] Train completed with Micro-f1: 0.4809, Macro-f1: 0.2767, Weighted-f1: 0.3944, Loss: 1.8220
[Epoch 2/50] Evaluation completed with Micro-f1: 0.2625, Macro-f1: 0.1046, Weighted-f1: 0.1861, Loss: 2.3850
Saved models from epoch 2 to 'data/predictions/single_domain/s_4012/thesaurus_affinity/all/newest.pt'.
Saved model with best loss 2.3850 to 'data/predictions/single_domain/s_4012/thesaurus_affinity/all/best.pt'.
[Epoch 3/50] Train completed with Micro-f1: 0.7005, Macro-f1: 0.5425, Weighted-f1: 0.6530, Loss: 1.2668
[Epoch 3/50] Evaluation completed with Micro-f1: 0.2772, Macro-f1: 0.1246, Weighted-f1: 0.2057, Loss: 2.2631
Saved models from epoch 3 to 'data/predictions/single_domain/s_4012/thesaurus_affinity/all/newest.pt'.
Saved model with best loss 2.2631 to 'data/predictions/single_domain/s_4012/thesaurus_affinity/all/best.pt'.
[Epoch 4/50] Train completed with Micro-f1: 0.7917, Macro-f1: 0.6616, Weighted-f1: 0.7623, Loss: 0.9150
[Epoch 4/50] Evaluation completed with Micro-f1: 0.2943, Macro-f1: 0.1483, Weighted-f1: 0.2256, Loss: 2.2094
Saved models from epoch 4 to 'data/predictions/single_domain/s_4012/thesaurus_affinity/all/newest.pt'.
Saved model with best loss 2.2094 to 'data/predictions/single_domain/s_4012/thesaurus_affinity/all/best.pt'.
[Epoch 5/50] Train completed with Micro-f1: 0.8281, Macro-f1: 0.7171, Weighted-f1: 0.7969, Loss: 0.7130
[Epoch 5/50] Evaluation completed with Micro-f1: 0.3085, Macro-f1: 0.1681, Weighted-f1: 0.2442, Loss: 2.1649
Saved models from epoch 5 to 'data/predictions/single_domain/s_4012/thesaurus_affinity/all/newest.pt'.
Saved model with best loss 2.1649 to 'data/predictions/single_domain/s_4012/thesaurus_affinity/all/best.pt'.
[Epoch 6/50] Train completed with Micro-f1: 0.8828, Macro-f1: 0.7692, Weighted-f1: 0.8579, Loss: 0.5738
[Epoch 6/50] Evaluation completed with Micro-f1: 0.3184, Macro-f1: 0.1829, Weighted-f1: 0.2594, Loss: 2.0834
Saved models from epoch 6 to 'data/predictions/single_domain/s_4012/thesaurus_affinity/all/newest.pt'.
Saved model with best loss 2.0834 to 'data/predictions/single_domain/s_4012/thesaurus_affinity/all/best.pt'.
[Epoch 7/50] Train completed with Micro-f1: 0.9123, Macro-f1: 0.8381, Weighted-f1: 0.9008, Loss: 0.4838
[Epoch 7/50] Evaluation completed with Micro-f1: 0.3275, Macro-f1: 0.1955, Weighted-f1: 0.2726, Loss: 2.0663
Saved models from epoch 7 to 'data/predictions/single_domain/s_4012/thesaurus_affinity/all/newest.pt'.
Saved model with best loss 2.0663 to 'data/predictions/single_domain/s_4012/thesaurus_affinity/all/best.pt'.
[Epoch 8/50] Train completed with Micro-f1: 0.9661, Macro-f1: 0.9219, Weighted-f1: 0.9572, Loss: 0.3565
[Epoch 8/50] Evaluation completed with Micro-f1: 0.3354, Macro-f1: 0.2060, Weighted-f1: 0.2826, Loss: 2.0152
Saved models from epoch 8 to 'data/predictions/single_domain/s_4012/thesaurus_affinity/all/newest.pt'.
Saved model with best loss 2.0152 to 'data/predictions/single_domain/s_4012/thesaurus_affinity/all/best.pt'.
[Epoch 9/50] Train completed with Micro-f1: 0.9818, Macro-f1: 0.9653, Weighted-f1: 0.9783, Loss: 0.2682
[Epoch 9/50] Evaluation completed with Micro-f1: 0.3417, Macro-f1: 0.2134, Weighted-f1: 0.2913, Loss: 2.0290
Saved models from epoch 9 to 'data/predictions/single_domain/s_4012/thesaurus_affinity/all/newest.pt'.
[Epoch 10/50] Train completed with Micro-f1: 0.9870, Macro-f1: 0.9644, Weighted-f1: 0.9858, Loss: 0.2396
[Epoch 10/50] Evaluation completed with Micro-f1: 0.3471, Macro-f1: 0.2200, Weighted-f1: 0.2982, Loss: 2.0733
Saved models from epoch 10 to 'data/predictions/single_domain/s_4012/thesaurus_affinity/all/newest.pt'.
[Epoch 11/50] Train completed with Micro-f1: 0.9922, Macro-f1: 0.9764, Weighted-f1: 0.9922, Loss: 0.1773
[Epoch 11/50] Evaluation completed with Micro-f1: 0.3521, Macro-f1: 0.2260, Weighted-f1: 0.3047, Loss: 2.0668
Saved models from epoch 11 to 'data/predictions/single_domain/s_4012/thesaurus_affinity/all/newest.pt'.
No improvement since 3 epochs (2.0152 loss). Early stop.
Training completed after 11 epochs.
TRAINING COMPLETED with:
	Domains:		['science']
	OOD validaation:	False
	Mapping type:		thesaurus_affinity
