Saved arguments to data/predictions/almnps_5096/elisa/all/args.json.
Saved category mapping to data/predictions/almnps_5096/elisa/all/mapping.json.
Loaded category mapping: elisa.
Loaded <torch.utils.data.dataloader.DataLoader object at 0x7f6664b6d850> (train).
Loaded <torch.utils.data.dataloader.DataLoader object at 0x7f6664b6dd90> (dev).
Starting training on ai data.
Loaded <TransformerEmbeddings: dim=768>.
Using classifier: <LinearClassifier: emb_model = <TransformerEmbeddings: dim=768>>
Using criterion: <LabelLoss: loss=XEnt>.
Optimizing using: AdamW with learning rate 2e-05.
[Epoch 1/50] Train completed with Micro-f1: 0.4145, Macro-f1: 0.2487, Weighted-f1: 0.3571, Loss: 1.9992
[Epoch 1/50] Evaluation completed with Micro-f1: 0.5247, Macro-f1: 0.3586, Weighted-f1: 0.4824, Loss: 1.6482
Saved models from epoch 1 to 'data/predictions/almnps_5096/elisa/all/newest.pt'.
Saved model with best loss 1.6482 to 'data/predictions/almnps_5096/elisa/all/best.pt'.
[Epoch 2/50] Train completed with Micro-f1: 0.7075, Macro-f1: 0.5695, Weighted-f1: 0.6795, Loss: 1.0646
[Epoch 2/50] Evaluation completed with Micro-f1: 0.5404, Macro-f1: 0.3801, Weighted-f1: 0.5035, Loss: 1.4987
Saved models from epoch 2 to 'data/predictions/almnps_5096/elisa/all/newest.pt'.
Saved model with best loss 1.4987 to 'data/predictions/almnps_5096/elisa/all/best.pt'.
[Epoch 3/50] Train completed with Micro-f1: 0.8290, Macro-f1: 0.7363, Weighted-f1: 0.8135, Loss: 0.6893
[Epoch 3/50] Evaluation completed with Micro-f1: 0.5562, Macro-f1: 0.3954, Weighted-f1: 0.5219, Loss: 1.3783
Saved models from epoch 3 to 'data/predictions/almnps_5096/elisa/all/newest.pt'.
Saved model with best loss 1.3783 to 'data/predictions/almnps_5096/elisa/all/best.pt'.
[Epoch 4/50] Train completed with Micro-f1: 0.8898, Macro-f1: 0.8087, Weighted-f1: 0.8822, Loss: 0.4579
[Epoch 4/50] Evaluation completed with Micro-f1: 0.5679, Macro-f1: 0.4088, Weighted-f1: 0.5352, Loss: 1.3655
Saved models from epoch 4 to 'data/predictions/almnps_5096/elisa/all/newest.pt'.
Saved model with best loss 1.3655 to 'data/predictions/almnps_5096/elisa/all/best.pt'.
[Epoch 5/50] Train completed with Micro-f1: 0.9362, Macro-f1: 0.8950, Weighted-f1: 0.9301, Loss: 0.2963
[Epoch 5/50] Evaluation completed with Micro-f1: 0.5757, Macro-f1: 0.4176, Weighted-f1: 0.5446, Loss: 1.3992
Saved models from epoch 5 to 'data/predictions/almnps_5096/elisa/all/newest.pt'.
[Epoch 6/50] Train completed with Micro-f1: 0.9670, Macro-f1: 0.9381, Weighted-f1: 0.9642, Loss: 0.1949
[Epoch 6/50] Evaluation completed with Micro-f1: 0.5823, Macro-f1: 0.4262, Weighted-f1: 0.5534, Loss: 1.3967
Saved models from epoch 6 to 'data/predictions/almnps_5096/elisa/all/newest.pt'.
[Epoch 7/50] Train completed with Micro-f1: 0.9848, Macro-f1: 0.9737, Weighted-f1: 0.9841, Loss: 0.1366
[Epoch 7/50] Evaluation completed with Micro-f1: 0.5874, Macro-f1: 0.4324, Weighted-f1: 0.5600, Loss: 1.4545
Saved models from epoch 7 to 'data/predictions/almnps_5096/elisa/all/newest.pt'.
No improvement since 3 epochs (1.3655 loss). Early stop.
Training completed after 7 epochs.
