Saved arguments to data/predictions/single_domain/p_8857/thesaurus_affinity/all/args.json.
loading projection weights from /home/davidsule/gensim-data/word2vec-google-news-300/word2vec-google-news-300.gz
KeyedVectors lifecycle event {'msg': 'loaded (3000000, 300) matrix of type float32 from /home/davidsule/gensim-data/word2vec-google-news-300/word2vec-google-news-300.gz', 'binary': True, 'encoding': 'utf8', 'datetime': '2023-05-17T03:13:41.747107', 'gensim': '4.3.0', 'python': '3.9.16 | packaged by conda-forge | (main, Feb  1 2023, 21:39:03) \n[GCC 11.3.0]', 'platform': 'Linux-5.15.90.1-microsoft-standard-WSL2-x86_64-with-glibc2.31', 'event': 'load_word2vec_format'}
Saved category mapping to data/predictions/single_domain/p_8857/thesaurus_affinity/all/entity2category_mapping.json.
Loaded category mapping: thesaurus_affinity.
Loaded <torch.utils.data.dataloader.DataLoader object at 0x7f5359a15bb0> (train).
Loaded <torch.utils.data.dataloader.DataLoader object at 0x7f5359a151f0> (dev).
Starting training on ['politics'] data.
Read data from folder data/crossre_data/
Loaded <TransformerEmbeddings: dim=768>.
Using classifier: <LinearClassifier: emb_model = <TransformerEmbeddings: dim=768>>
Using criterion: <LabelLoss: loss=XEnt>.
Optimizing using: AdamW with learning rate 2e-05.
[Epoch 1/50] Train completed with Micro-f1: 0.2844, Macro-f1: 0.0550, Weighted-f1: 0.1610, Loss: 2.3945
[Epoch 1/50] Evaluation completed with Micro-f1: 0.3799, Macro-f1: 0.0978, Weighted-f1: 0.2599, Loss: 2.0947
Saved models from epoch 1 to 'data/predictions/single_domain/p_8857/thesaurus_affinity/all/newest.pt'.
Saved model with best loss 2.0947 to 'data/predictions/single_domain/p_8857/thesaurus_affinity/all/best.pt'.
[Epoch 2/50] Train completed with Micro-f1: 0.5183, Macro-f1: 0.2490, Weighted-f1: 0.4093, Loss: 1.6361
[Epoch 2/50] Evaluation completed with Micro-f1: 0.4124, Macro-f1: 0.1544, Weighted-f1: 0.3101, Loss: 1.9175
Saved models from epoch 2 to 'data/predictions/single_domain/p_8857/thesaurus_affinity/all/newest.pt'.
Saved model with best loss 1.9175 to 'data/predictions/single_domain/p_8857/thesaurus_affinity/all/best.pt'.
[Epoch 3/50] Train completed with Micro-f1: 0.6996, Macro-f1: 0.4897, Weighted-f1: 0.6402, Loss: 1.1099
[Epoch 3/50] Evaluation completed with Micro-f1: 0.4277, Macro-f1: 0.1742, Weighted-f1: 0.3339, Loss: 1.8168
Saved models from epoch 3 to 'data/predictions/single_domain/p_8857/thesaurus_affinity/all/newest.pt'.
Saved model with best loss 1.8168 to 'data/predictions/single_domain/p_8857/thesaurus_affinity/all/best.pt'.
[Epoch 4/50] Train completed with Micro-f1: 0.8176, Macro-f1: 0.6958, Weighted-f1: 0.7845, Loss: 0.7648
[Epoch 4/50] Evaluation completed with Micro-f1: 0.4412, Macro-f1: 0.1951, Weighted-f1: 0.3558, Loss: 1.7978
Saved models from epoch 4 to 'data/predictions/single_domain/p_8857/thesaurus_affinity/all/newest.pt'.
Saved model with best loss 1.7978 to 'data/predictions/single_domain/p_8857/thesaurus_affinity/all/best.pt'.
[Epoch 5/50] Train completed with Micro-f1: 0.8862, Macro-f1: 0.7755, Weighted-f1: 0.8636, Loss: 0.5444
[Epoch 5/50] Evaluation completed with Micro-f1: 0.4527, Macro-f1: 0.2136, Weighted-f1: 0.3737, Loss: 1.8079
Saved models from epoch 5 to 'data/predictions/single_domain/p_8857/thesaurus_affinity/all/newest.pt'.
[Epoch 6/50] Train completed with Micro-f1: 0.9405, Macro-f1: 0.8804, Weighted-f1: 0.9293, Loss: 0.3739
[Epoch 6/50] Evaluation completed with Micro-f1: 0.4620, Macro-f1: 0.2279, Weighted-f1: 0.3885, Loss: 1.8319
Saved models from epoch 6 to 'data/predictions/single_domain/p_8857/thesaurus_affinity/all/newest.pt'.
[Epoch 7/50] Train completed with Micro-f1: 0.9727, Macro-f1: 0.9405, Weighted-f1: 0.9671, Loss: 0.2647
[Epoch 7/50] Evaluation completed with Micro-f1: 0.4690, Macro-f1: 0.2391, Weighted-f1: 0.4007, Loss: 1.9130
Saved models from epoch 7 to 'data/predictions/single_domain/p_8857/thesaurus_affinity/all/newest.pt'.
No improvement since 3 epochs (1.7978 loss). Early stop.
Training completed after 7 epochs.
TRAINING COMPLETED with:
	Domains:		['politics']
	OOD validaation:	False
	Mapping type:		thesaurus_affinity
