Saved arguments to data/predictions/single_domain/n_4012/thesaurus_affinity/all/args.json.
loading projection weights from /home/davidsule/gensim-data/word2vec-google-news-300/word2vec-google-news-300.gz
KeyedVectors lifecycle event {'msg': 'loaded (3000000, 300) matrix of type float32 from /home/davidsule/gensim-data/word2vec-google-news-300/word2vec-google-news-300.gz', 'binary': True, 'encoding': 'utf8', 'datetime': '2023-05-16T19:37:16.235086', 'gensim': '4.3.0', 'python': '3.9.16 | packaged by conda-forge | (main, Feb  1 2023, 21:39:03) \n[GCC 11.3.0]', 'platform': 'Linux-5.15.90.1-microsoft-standard-WSL2-x86_64-with-glibc2.31', 'event': 'load_word2vec_format'}
Saved category mapping to data/predictions/single_domain/n_4012/thesaurus_affinity/all/entity2category_mapping.json.
Loaded category mapping: thesaurus_affinity.
Loaded <torch.utils.data.dataloader.DataLoader object at 0x7f91c3940c40> (train).
Loaded <torch.utils.data.dataloader.DataLoader object at 0x7f91c3940d60> (dev).
Starting training on ['news'] data.
Read data from folder data/crossre_data/
Loaded <TransformerEmbeddings: dim=768>.
Using classifier: <LinearClassifier: emb_model = <TransformerEmbeddings: dim=768>>
Using criterion: <LabelLoss: loss=XEnt>.
Optimizing using: AdamW with learning rate 2e-05.
[Epoch 1/50] Train completed with Micro-f1: 0.2431, Macro-f1: 0.0953, Weighted-f1: 0.1978, Loss: 2.5822
[Epoch 1/50] Evaluation completed with Micro-f1: 0.2604, Macro-f1: 0.0827, Weighted-f1: 0.1331, Loss: 2.4906
Saved models from epoch 1 to 'data/predictions/single_domain/n_4012/thesaurus_affinity/all/newest.pt'.
Saved model with best loss 2.4906 to 'data/predictions/single_domain/n_4012/thesaurus_affinity/all/best.pt'.
[Epoch 2/50] Train completed with Micro-f1: 0.4118, Macro-f1: 0.1751, Weighted-f1: 0.3208, Loss: 1.9352
[Epoch 2/50] Evaluation completed with Micro-f1: 0.2917, Macro-f1: 0.1065, Weighted-f1: 0.1783, Loss: 2.2359
Saved models from epoch 2 to 'data/predictions/single_domain/n_4012/thesaurus_affinity/all/newest.pt'.
Saved model with best loss 2.2359 to 'data/predictions/single_domain/n_4012/thesaurus_affinity/all/best.pt'.
[Epoch 3/50] Train completed with Micro-f1: 0.4951, Macro-f1: 0.2350, Weighted-f1: 0.3826, Loss: 1.6814
[Epoch 3/50] Evaluation completed with Micro-f1: 0.2976, Macro-f1: 0.1155, Weighted-f1: 0.1861, Loss: 2.2456
Saved models from epoch 3 to 'data/predictions/single_domain/n_4012/thesaurus_affinity/all/newest.pt'.
[Epoch 4/50] Train completed with Micro-f1: 0.6170, Macro-f1: 0.3650, Weighted-f1: 0.5634, Loss: 1.3979
[Epoch 4/50] Evaluation completed with Micro-f1: 0.3052, Macro-f1: 0.1267, Weighted-f1: 0.1990, Loss: 2.2268
Saved models from epoch 4 to 'data/predictions/single_domain/n_4012/thesaurus_affinity/all/newest.pt'.
Saved model with best loss 2.2268 to 'data/predictions/single_domain/n_4012/thesaurus_affinity/all/best.pt'.
[Epoch 5/50] Train completed with Micro-f1: 0.6618, Macro-f1: 0.4369, Weighted-f1: 0.6179, Loss: 1.2080
[Epoch 5/50] Evaluation completed with Micro-f1: 0.3067, Macro-f1: 0.1326, Weighted-f1: 0.2015, Loss: 2.2747
Saved models from epoch 5 to 'data/predictions/single_domain/n_4012/thesaurus_affinity/all/newest.pt'.
[Epoch 6/50] Train completed with Micro-f1: 0.7420, Macro-f1: 0.5357, Weighted-f1: 0.6985, Loss: 1.0099
[Epoch 6/50] Evaluation completed with Micro-f1: 0.3115, Macro-f1: 0.1436, Weighted-f1: 0.2079, Loss: 2.3229
Saved models from epoch 6 to 'data/predictions/single_domain/n_4012/thesaurus_affinity/all/newest.pt'.
[Epoch 7/50] Train completed with Micro-f1: 0.8097, Macro-f1: 0.6263, Weighted-f1: 0.7808, Loss: 0.8004
[Epoch 7/50] Evaluation completed with Micro-f1: 0.3122, Macro-f1: 0.1483, Weighted-f1: 0.2108, Loss: 2.3040
Saved models from epoch 7 to 'data/predictions/single_domain/n_4012/thesaurus_affinity/all/newest.pt'.
No improvement since 3 epochs (2.2268 loss). Early stop.
Training completed after 7 epochs.
TRAINING COMPLETED with:
	Domains:		['news']
	OOD validaation:	False
	Mapping type:		thesaurus_affinity
