Saved arguments to data/predictions/single_domain/a_8878/no_mapping/all/args.json.
Saved category mapping to data/predictions/single_domain/a_8878/no_mapping/all/entity2category_mapping.json.
Loaded category mapping: no_mapping.
Loaded <torch.utils.data.dataloader.DataLoader object at 0x7f72b3867fd0> (train).
Loaded <torch.utils.data.dataloader.DataLoader object at 0x7f72b38706d0> (dev).
Starting training on ['ai'] data.
Read data from folder data/crossre_data/
Loaded <TransformerEmbeddings: dim=768>.
Using classifier: <LinearClassifier: emb_model = <TransformerEmbeddings: dim=768>>
Using criterion: <LabelLoss: loss=XEnt>.
Optimizing using: AdamW with learning rate 2e-05.
[Epoch 1/50] Train completed with Micro-f1: 0.2030, Macro-f1: 0.0748, Weighted-f1: 0.1353, Loss: 2.5445
[Epoch 1/50] Evaluation completed with Micro-f1: 0.2522, Macro-f1: 0.0594, Weighted-f1: 0.1333, Loss: 2.3283
Saved models from epoch 1 to 'data/predictions/single_domain/a_8878/no_mapping/all/newest.pt'.
Saved model with best loss 2.3283 to 'data/predictions/single_domain/a_8878/no_mapping/all/best.pt'.
[Epoch 2/50] Train completed with Micro-f1: 0.4125, Macro-f1: 0.1936, Weighted-f1: 0.3137, Loss: 1.9476
[Epoch 2/50] Evaluation completed with Micro-f1: 0.2920, Macro-f1: 0.1075, Weighted-f1: 0.2019, Loss: 2.1104
Saved models from epoch 2 to 'data/predictions/single_domain/a_8878/no_mapping/all/newest.pt'.
Saved model with best loss 2.1104 to 'data/predictions/single_domain/a_8878/no_mapping/all/best.pt'.
[Epoch 3/50] Train completed with Micro-f1: 0.6432, Macro-f1: 0.4605, Weighted-f1: 0.5815, Loss: 1.4986
[Epoch 3/50] Evaluation completed with Micro-f1: 0.3453, Macro-f1: 0.1537, Weighted-f1: 0.2625, Loss: 1.9008
Saved models from epoch 3 to 'data/predictions/single_domain/a_8878/no_mapping/all/newest.pt'.
Saved model with best loss 1.9008 to 'data/predictions/single_domain/a_8878/no_mapping/all/best.pt'.
[Epoch 4/50] Train completed with Micro-f1: 0.7574, Macro-f1: 0.6027, Weighted-f1: 0.7201, Loss: 1.1143
[Epoch 4/50] Evaluation completed with Micro-f1: 0.3748, Macro-f1: 0.1827, Weighted-f1: 0.3002, Loss: 1.7825
Saved models from epoch 4 to 'data/predictions/single_domain/a_8878/no_mapping/all/newest.pt'.
Saved model with best loss 1.7825 to 'data/predictions/single_domain/a_8878/no_mapping/all/best.pt'.
[Epoch 5/50] Train completed with Micro-f1: 0.8456, Macro-f1: 0.7625, Weighted-f1: 0.8205, Loss: 0.8374
[Epoch 5/50] Evaluation completed with Micro-f1: 0.3985, Macro-f1: 0.2078, Weighted-f1: 0.3303, Loss: 1.6960
Saved models from epoch 5 to 'data/predictions/single_domain/a_8878/no_mapping/all/newest.pt'.
Saved model with best loss 1.6960 to 'data/predictions/single_domain/a_8878/no_mapping/all/best.pt'.
[Epoch 6/50] Train completed with Micro-f1: 0.9136, Macro-f1: 0.8783, Weighted-f1: 0.9011, Loss: 0.6240
[Epoch 6/50] Evaluation completed with Micro-f1: 0.4172, Macro-f1: 0.2273, Weighted-f1: 0.3534, Loss: 1.6508
Saved models from epoch 6 to 'data/predictions/single_domain/a_8878/no_mapping/all/newest.pt'.
Saved model with best loss 1.6508 to 'data/predictions/single_domain/a_8878/no_mapping/all/best.pt'.
[Epoch 7/50] Train completed with Micro-f1: 0.9458, Macro-f1: 0.9284, Weighted-f1: 0.9402, Loss: 0.4706
[Epoch 7/50] Evaluation completed with Micro-f1: 0.4303, Macro-f1: 0.2408, Weighted-f1: 0.3706, Loss: 1.6304
Saved models from epoch 7 to 'data/predictions/single_domain/a_8878/no_mapping/all/newest.pt'.
Saved model with best loss 1.6304 to 'data/predictions/single_domain/a_8878/no_mapping/all/best.pt'.
[Epoch 8/50] Train completed with Micro-f1: 0.9773, Macro-f1: 0.9560, Weighted-f1: 0.9723, Loss: 0.3559
[Epoch 8/50] Evaluation completed with Micro-f1: 0.4412, Macro-f1: 0.2536, Weighted-f1: 0.3850, Loss: 1.6284
Saved models from epoch 8 to 'data/predictions/single_domain/a_8878/no_mapping/all/newest.pt'.
Saved model with best loss 1.6284 to 'data/predictions/single_domain/a_8878/no_mapping/all/best.pt'.
[Epoch 9/50] Train completed with Micro-f1: 0.9824, Macro-f1: 0.9764, Weighted-f1: 0.9795, Loss: 0.2763
[Epoch 9/50] Evaluation completed with Micro-f1: 0.4486, Macro-f1: 0.2630, Weighted-f1: 0.3946, Loss: 1.6326
Saved models from epoch 9 to 'data/predictions/single_domain/a_8878/no_mapping/all/newest.pt'.
[Epoch 10/50] Train completed with Micro-f1: 0.9943, Macro-f1: 0.9881, Weighted-f1: 0.9928, Loss: 0.2160
[Epoch 10/50] Evaluation completed with Micro-f1: 0.4554, Macro-f1: 0.2715, Weighted-f1: 0.4033, Loss: 1.6243
Saved models from epoch 10 to 'data/predictions/single_domain/a_8878/no_mapping/all/newest.pt'.
Saved model with best loss 1.6243 to 'data/predictions/single_domain/a_8878/no_mapping/all/best.pt'.
[Epoch 11/50] Train completed with Micro-f1: 0.9939, Macro-f1: 0.9838, Weighted-f1: 0.9939, Loss: 0.1598
[Epoch 11/50] Evaluation completed with Micro-f1: 0.4618, Macro-f1: 0.2803, Weighted-f1: 0.4123, Loss: 1.6142
Saved models from epoch 11 to 'data/predictions/single_domain/a_8878/no_mapping/all/newest.pt'.
Saved model with best loss 1.6142 to 'data/predictions/single_domain/a_8878/no_mapping/all/best.pt'.
[Epoch 12/50] Train completed with Micro-f1: 0.9972, Macro-f1: 0.9985, Weighted-f1: 0.9972, Loss: 0.1334
[Epoch 12/50] Evaluation completed with Micro-f1: 0.4668, Macro-f1: 0.2862, Weighted-f1: 0.4188, Loss: 1.6597
Saved models from epoch 12 to 'data/predictions/single_domain/a_8878/no_mapping/all/newest.pt'.
[Epoch 13/50] Train completed with Micro-f1: 1.0000, Macro-f1: 1.0000, Weighted-f1: 1.0000, Loss: 0.1027
[Epoch 13/50] Evaluation completed with Micro-f1: 0.4708, Macro-f1: 0.2922, Weighted-f1: 0.4250, Loss: 1.6405
Saved models from epoch 13 to 'data/predictions/single_domain/a_8878/no_mapping/all/newest.pt'.
[Epoch 14/50] Train completed with Micro-f1: 1.0000, Macro-f1: 1.0000, Weighted-f1: 1.0000, Loss: 0.0923
[Epoch 14/50] Evaluation completed with Micro-f1: 0.4745, Macro-f1: 0.2974, Weighted-f1: 0.4303, Loss: 1.6521
Saved models from epoch 14 to 'data/predictions/single_domain/a_8878/no_mapping/all/newest.pt'.
No improvement since 3 epochs (1.6142 loss). Early stop.
Training completed after 14 epochs.
TRAINING COMPLETED with:
	Domains:		['ai']
	OOD validaation:	False
	Mapping type:		None
