Saved arguments to data/predictions/single_domain/p_9908/topological/all/args.json.
Saved category mapping to data/predictions/single_domain/p_9908/topological/all/entity2category_mapping.json.
Loaded category mapping: topological.
Loaded <torch.utils.data.dataloader.DataLoader object at 0x7fabc2b48b20> (train).
Loaded <torch.utils.data.dataloader.DataLoader object at 0x7fabc29e12e0> (dev).
Starting training on ['politics'] data.
Read data from folder data/crossre_data/
Loaded <TransformerEmbeddings: dim=768>.
Using classifier: <LinearClassifier: emb_model = <TransformerEmbeddings: dim=768>>
Using criterion: <LabelLoss: loss=XEnt>.
Optimizing using: AdamW with learning rate 2e-05.
[Epoch 1/50] Train completed with Micro-f1: 0.3079, Macro-f1: 0.0644, Weighted-f1: 0.1828, Loss: 2.2995
[Epoch 1/50] Evaluation completed with Micro-f1: 0.3897, Macro-f1: 0.1003, Weighted-f1: 0.2617, Loss: 1.9755
Saved models from epoch 1 to 'data/predictions/single_domain/p_9908/topological/all/newest.pt'.
Saved model with best loss 1.9755 to 'data/predictions/single_domain/p_9908/topological/all/best.pt'.
[Epoch 2/50] Train completed with Micro-f1: 0.5618, Macro-f1: 0.3138, Weighted-f1: 0.4633, Loss: 1.5447
[Epoch 2/50] Evaluation completed with Micro-f1: 0.4274, Macro-f1: 0.1671, Weighted-f1: 0.3274, Loss: 1.8245
Saved models from epoch 2 to 'data/predictions/single_domain/p_9908/topological/all/newest.pt'.
Saved model with best loss 1.8245 to 'data/predictions/single_domain/p_9908/topological/all/best.pt'.
[Epoch 3/50] Train completed with Micro-f1: 0.7085, Macro-f1: 0.5136, Weighted-f1: 0.6567, Loss: 1.0587
[Epoch 3/50] Evaluation completed with Micro-f1: 0.4467, Macro-f1: 0.2023, Weighted-f1: 0.3614, Loss: 1.7717
Saved models from epoch 3 to 'data/predictions/single_domain/p_9908/topological/all/newest.pt'.
Saved model with best loss 1.7717 to 'data/predictions/single_domain/p_9908/topological/all/best.pt'.
[Epoch 4/50] Train completed with Micro-f1: 0.8079, Macro-f1: 0.6360, Weighted-f1: 0.7722, Loss: 0.7496
[Epoch 4/50] Evaluation completed with Micro-f1: 0.4588, Macro-f1: 0.2245, Weighted-f1: 0.3849, Loss: 1.7857
Saved models from epoch 4 to 'data/predictions/single_domain/p_9908/topological/all/newest.pt'.
[Epoch 5/50] Train completed with Micro-f1: 0.8853, Macro-f1: 0.8102, Weighted-f1: 0.8674, Loss: 0.5330
[Epoch 5/50] Evaluation completed with Micro-f1: 0.4674, Macro-f1: 0.2409, Weighted-f1: 0.4011, Loss: 1.7200
Saved models from epoch 5 to 'data/predictions/single_domain/p_9908/topological/all/newest.pt'.
Saved model with best loss 1.7200 to 'data/predictions/single_domain/p_9908/topological/all/best.pt'.
[Epoch 6/50] Train completed with Micro-f1: 0.9414, Macro-f1: 0.8923, Weighted-f1: 0.9319, Loss: 0.3627
[Epoch 6/50] Evaluation completed with Micro-f1: 0.4744, Macro-f1: 0.2525, Weighted-f1: 0.4135, Loss: 1.7654
Saved models from epoch 6 to 'data/predictions/single_domain/p_9908/topological/all/newest.pt'.
[Epoch 7/50] Train completed with Micro-f1: 0.9668, Macro-f1: 0.9239, Weighted-f1: 0.9604, Loss: 0.2622
[Epoch 7/50] Evaluation completed with Micro-f1: 0.4798, Macro-f1: 0.2622, Weighted-f1: 0.4224, Loss: 1.7571
Saved models from epoch 7 to 'data/predictions/single_domain/p_9908/topological/all/newest.pt'.
[Epoch 8/50] Train completed with Micro-f1: 0.9933, Macro-f1: 0.9819, Weighted-f1: 0.9910, Loss: 0.1902
[Epoch 8/50] Evaluation completed with Micro-f1: 0.4837, Macro-f1: 0.2693, Weighted-f1: 0.4299, Loss: 1.8551
Saved models from epoch 8 to 'data/predictions/single_domain/p_9908/topological/all/newest.pt'.
No improvement since 3 epochs (1.7200 loss). Early stop.
Training completed after 8 epochs.
TRAINING COMPLETED with:
	Domains:		['politics']
	OOD validaation:	False
	Mapping type:		topological
