Saved arguments to data/predictions/single_domain/l_8878/topological/all/args.json.
Saved category mapping to data/predictions/single_domain/l_8878/topological/all/entity2category_mapping.json.
Loaded category mapping: topological.
Loaded <torch.utils.data.dataloader.DataLoader object at 0x7f02858bdaf0> (train).
Loaded <torch.utils.data.dataloader.DataLoader object at 0x7f02858bd370> (dev).
Starting training on ['literature'] data.
Read data from folder data/crossre_data/
Loaded <TransformerEmbeddings: dim=768>.
Using classifier: <LinearClassifier: emb_model = <TransformerEmbeddings: dim=768>>
Using criterion: <LabelLoss: loss=XEnt>.
Optimizing using: AdamW with learning rate 2e-05.
[Epoch 1/50] Train completed with Micro-f1: 0.2160, Macro-f1: 0.0844, Weighted-f1: 0.1398, Loss: 2.6400
[Epoch 1/50] Evaluation completed with Micro-f1: 0.2085, Macro-f1: 0.0568, Weighted-f1: 0.1080, Loss: 2.4504
Saved models from epoch 1 to 'data/predictions/single_domain/l_8878/topological/all/newest.pt'.
Saved model with best loss 2.4504 to 'data/predictions/single_domain/l_8878/topological/all/best.pt'.
[Epoch 2/50] Train completed with Micro-f1: 0.3537, Macro-f1: 0.1433, Weighted-f1: 0.2408, Loss: 1.9985
[Epoch 2/50] Evaluation completed with Micro-f1: 0.3045, Macro-f1: 0.1254, Weighted-f1: 0.2152, Loss: 2.0625
Saved models from epoch 2 to 'data/predictions/single_domain/l_8878/topological/all/newest.pt'.
Saved model with best loss 2.0625 to 'data/predictions/single_domain/l_8878/topological/all/best.pt'.
[Epoch 3/50] Train completed with Micro-f1: 0.6651, Macro-f1: 0.4607, Weighted-f1: 0.6035, Loss: 1.4925
[Epoch 3/50] Evaluation completed with Micro-f1: 0.3676, Macro-f1: 0.1794, Weighted-f1: 0.2882, Loss: 1.8410
Saved models from epoch 3 to 'data/predictions/single_domain/l_8878/topological/all/newest.pt'.
Saved model with best loss 1.8410 to 'data/predictions/single_domain/l_8878/topological/all/best.pt'.
[Epoch 4/50] Train completed with Micro-f1: 0.7659, Macro-f1: 0.5982, Weighted-f1: 0.7186, Loss: 1.0809
[Epoch 4/50] Evaluation completed with Micro-f1: 0.4055, Macro-f1: 0.2158, Weighted-f1: 0.3346, Loss: 1.7015
Saved models from epoch 4 to 'data/predictions/single_domain/l_8878/topological/all/newest.pt'.
Saved model with best loss 1.7015 to 'data/predictions/single_domain/l_8878/topological/all/best.pt'.
[Epoch 5/50] Train completed with Micro-f1: 0.8249, Macro-f1: 0.6661, Weighted-f1: 0.7952, Loss: 0.7926
[Epoch 5/50] Evaluation completed with Micro-f1: 0.4315, Macro-f1: 0.2393, Weighted-f1: 0.3657, Loss: 1.6048
Saved models from epoch 5 to 'data/predictions/single_domain/l_8878/topological/all/newest.pt'.
Saved model with best loss 1.6048 to 'data/predictions/single_domain/l_8878/topological/all/best.pt'.
[Epoch 6/50] Train completed with Micro-f1: 0.9038, Macro-f1: 0.8035, Weighted-f1: 0.8812, Loss: 0.5873
[Epoch 6/50] Evaluation completed with Micro-f1: 0.4513, Macro-f1: 0.2575, Weighted-f1: 0.3886, Loss: 1.5560
Saved models from epoch 6 to 'data/predictions/single_domain/l_8878/topological/all/newest.pt'.
Saved model with best loss 1.5560 to 'data/predictions/single_domain/l_8878/topological/all/best.pt'.
[Epoch 7/50] Train completed with Micro-f1: 0.9447, Macro-f1: 0.8963, Weighted-f1: 0.9344, Loss: 0.4259
[Epoch 7/50] Evaluation completed with Micro-f1: 0.4680, Macro-f1: 0.2754, Weighted-f1: 0.4077, Loss: 1.4942
Saved models from epoch 7 to 'data/predictions/single_domain/l_8878/topological/all/newest.pt'.
Saved model with best loss 1.4942 to 'data/predictions/single_domain/l_8878/topological/all/best.pt'.
[Epoch 8/50] Train completed with Micro-f1: 0.9700, Macro-f1: 0.9167, Weighted-f1: 0.9670, Loss: 0.3311
[Epoch 8/50] Evaluation completed with Micro-f1: 0.4801, Macro-f1: 0.2879, Weighted-f1: 0.4218, Loss: 1.4835
Saved models from epoch 8 to 'data/predictions/single_domain/l_8878/topological/all/newest.pt'.
Saved model with best loss 1.4835 to 'data/predictions/single_domain/l_8878/topological/all/best.pt'.
[Epoch 9/50] Train completed with Micro-f1: 0.9856, Macro-f1: 0.9548, Weighted-f1: 0.9826, Loss: 0.2522
[Epoch 9/50] Evaluation completed with Micro-f1: 0.4910, Macro-f1: 0.2999, Weighted-f1: 0.4350, Loss: 1.4844
Saved models from epoch 9 to 'data/predictions/single_domain/l_8878/topological/all/newest.pt'.
[Epoch 10/50] Train completed with Micro-f1: 0.9928, Macro-f1: 0.9761, Weighted-f1: 0.9918, Loss: 0.1962
[Epoch 10/50] Evaluation completed with Micro-f1: 0.4986, Macro-f1: 0.3069, Weighted-f1: 0.4445, Loss: 1.4664
Saved models from epoch 10 to 'data/predictions/single_domain/l_8878/topological/all/newest.pt'.
Saved model with best loss 1.4664 to 'data/predictions/single_domain/l_8878/topological/all/best.pt'.
[Epoch 11/50] Train completed with Micro-f1: 1.0000, Macro-f1: 1.0000, Weighted-f1: 1.0000, Loss: 0.1608
[Epoch 11/50] Evaluation completed with Micro-f1: 0.5064, Macro-f1: 0.3149, Weighted-f1: 0.4535, Loss: 1.4398
Saved models from epoch 11 to 'data/predictions/single_domain/l_8878/topological/all/newest.pt'.
Saved model with best loss 1.4398 to 'data/predictions/single_domain/l_8878/topological/all/best.pt'.
[Epoch 12/50] Train completed with Micro-f1: 1.0000, Macro-f1: 1.0000, Weighted-f1: 1.0000, Loss: 0.1246
[Epoch 12/50] Evaluation completed with Micro-f1: 0.5115, Macro-f1: 0.3199, Weighted-f1: 0.4603, Loss: 1.4815
Saved models from epoch 12 to 'data/predictions/single_domain/l_8878/topological/all/newest.pt'.
[Epoch 13/50] Train completed with Micro-f1: 1.0000, Macro-f1: 1.0000, Weighted-f1: 1.0000, Loss: 0.0958
[Epoch 13/50] Evaluation completed with Micro-f1: 0.5162, Macro-f1: 0.3246, Weighted-f1: 0.4660, Loss: 1.4733
Saved models from epoch 13 to 'data/predictions/single_domain/l_8878/topological/all/newest.pt'.
[Epoch 14/50] Train completed with Micro-f1: 1.0000, Macro-f1: 1.0000, Weighted-f1: 1.0000, Loss: 0.0883
[Epoch 14/50] Evaluation completed with Micro-f1: 0.5211, Macro-f1: 0.3295, Weighted-f1: 0.4716, Loss: 1.4430
Saved models from epoch 14 to 'data/predictions/single_domain/l_8878/topological/all/newest.pt'.
No improvement since 3 epochs (1.4398 loss). Early stop.
Training completed after 14 epochs.
TRAINING COMPLETED with:
	Domains:		['literature']
	OOD validaation:	False
	Mapping type:		topological
